#
# There is insufficient memory for the Java Runtime Environment to continue.
# Native memory allocation (malloc) failed to allocate 666016 bytes for Chunk::new
# Possible reasons:
#   The system is out of physical RAM or swap space
#   The process is running with CompressedOops enabled, and the Java Heap may be blocking the growth of the native heap
# Possible solutions:
#   Reduce memory load on the system
#   Increase physical memory or swap space
#   Check if swap backing store is full
#   Decrease Java heap size (-Xmx/-Xms)
#   Decrease number of Java threads
#   Decrease Java thread stack sizes (-Xss)
#   Set larger code cache with -XX:ReservedCodeCacheSize=
#   JVM is running with Unscaled Compressed Oops mode in which the Java heap is
#     placed in the first 4GB address space. The Java Heap base address is the
#     maximum limit for the native heap growth. Please use -XX:HeapBaseMinAddress
#     to set the Java Heap base and to place the Java Heap above 4GB virtual address.
# This output file may be truncated or incomplete.
#
#  Out of Memory Error (arena.cpp:189), pid=10544, tid=9260
#
# JRE version: Java(TM) SE Runtime Environment (17.0.8+9) (build 17.0.8+9-LTS-211)
# Java VM: Java HotSpot(TM) 64-Bit Server VM (17.0.8+9-LTS-211, mixed mode, sharing, tiered, compressed oops, compressed class ptrs, g1 gc, windows-amd64)
# No core dump will be written. Minidumps are not enabled by default on client versions of Windows
#

---------------  S U M M A R Y ------------

Command Line: -DMYSQL_USER=root -DMYSQL_PASSWORD=root -DMYSQL_PORT=3307 -javaagent:D:\IntelliJ IDEA Community Edition 2023.3.4\lib\idea_rt.jar=60078:D:\IntelliJ IDEA Community Edition 2023.3.4\bin -Dfile.encoding=UTF-8 com.card.card.CardApplication

Host: Intel(R) Core(TM) i7-6600U CPU @ 2.60GHz, 4 cores, 7G,  Windows 10 , 64 bit Build 19041 (10.0.19041.3636)
Time: Sun May 12 12:57:39 2024 Europe de l , 64 bit Build 19041 (10.0.19041.3636) elapsed time: 1.750624 seconds (0d 0h 0m 1s)

---------------  T H R E A D  ---------------

Current thread (0x000002b575155140):  JavaThread "C2 CompilerThread1" daemon [_thread_in_native, id=9260, stack(0x000000d6ad300000,0x000000d6ad400000)]


Current CompileTask:
C2:   1750 1673       4       jdk.internal.org.objectweb.asm.Frame::execute (2305 bytes)

Stack: [0x000000d6ad300000,0x000000d6ad400000]
Native frames: (J=compiled Java code, j=interpreted, Vv=VM code, C=native code)
V  [jvm.dll+0x677d0a]
V  [jvm.dll+0x7d8c54]
V  [jvm.dll+0x7da3fe]
V  [jvm.dll+0x7daa63]
V  [jvm.dll+0x245c5f]
V  [jvm.dll+0xaaa6b]
V  [jvm.dll+0xab00c]
V  [jvm.dll+0x2ab5cf]
V  [jvm.dll+0x580435]
V  [jvm.dll+0x220b22]
V  [jvm.dll+0x219720]
V  [jvm.dll+0x217329]
V  [jvm.dll+0x1a3af0]
V  [jvm.dll+0x2270be]
V  [jvm.dll+0x22535b]
V  [jvm.dll+0x78e7bc]
V  [jvm.dll+0x788bba]
V  [jvm.dll+0x676b35]
C  [ucrtbase.dll+0x21bb2]
C  [KERNEL32.DLL+0x17344]
C  [ntdll.dll+0x526b1]


---------------  P R O C E S S  ---------------

Threads class SMR info:
_java_thread_list=0x000002b5761307b0, length=15, elements={
0x000002b51254ad60, 0x000002b52fd156f0, 0x000002b52fd16560, 0x000002b52fd29260,
0x000002b52fd29e10, 0x000002b52fd2cf70, 0x000002b52fd2d920, 0x000002b52fd2e600,
0x000002b52fd334e0, 0x000002b52fd47d80, 0x000002b52fcfd3f0, 0x000002b575155140,
0x000002b5756276b0, 0x000002b575627b80, 0x000002b57615e5c0
}

Java Threads: ( => current thread )
  0x000002b51254ad60 JavaThread "main" [_thread_in_vm, id=14028, stack(0x000000d6ac200000,0x000000d6ac300000)]
  0x000002b52fd156f0 JavaThread "Reference Handler" daemon [_thread_blocked, id=8276, stack(0x000000d6ac900000,0x000000d6aca00000)]
  0x000002b52fd16560 JavaThread "Finalizer" daemon [_thread_blocked, id=9184, stack(0x000000d6aca00000,0x000000d6acb00000)]
  0x000002b52fd29260 JavaThread "Signal Dispatcher" daemon [_thread_blocked, id=6560, stack(0x000000d6acb00000,0x000000d6acc00000)]
  0x000002b52fd29e10 JavaThread "Attach Listener" daemon [_thread_blocked, id=7236, stack(0x000000d6acc00000,0x000000d6acd00000)]
  0x000002b52fd2cf70 JavaThread "Service Thread" daemon [_thread_blocked, id=1532, stack(0x000000d6acd00000,0x000000d6ace00000)]
  0x000002b52fd2d920 JavaThread "Monitor Deflation Thread" daemon [_thread_blocked, id=8248, stack(0x000000d6ace00000,0x000000d6acf00000)]
  0x000002b52fd2e600 JavaThread "C2 CompilerThread0" daemon [_thread_blocked, id=12460, stack(0x000000d6acf00000,0x000000d6ad000000)]
  0x000002b52fd334e0 JavaThread "C1 CompilerThread0" daemon [_thread_blocked, id=10436, stack(0x000000d6ad000000,0x000000d6ad100000)]
  0x000002b52fd47d80 JavaThread "Sweeper thread" daemon [_thread_blocked, id=5644, stack(0x000000d6ad100000,0x000000d6ad200000)]
  0x000002b52fcfd3f0 JavaThread "Common-Cleaner" daemon [_thread_blocked, id=6384, stack(0x000000d6ad200000,0x000000d6ad300000)]
=>0x000002b575155140 JavaThread "C2 CompilerThread1" daemon [_thread_in_native, id=9260, stack(0x000000d6ad300000,0x000000d6ad400000)]
  0x000002b5756276b0 JavaThread "Monitor Ctrl-Break" daemon [_thread_in_native, id=8508, stack(0x000000d6ad400000,0x000000d6ad500000)]
  0x000002b575627b80 JavaThread "Notification Thread" daemon [_thread_blocked, id=14188, stack(0x000000d6ad500000,0x000000d6ad600000)]
  0x000002b57615e5c0 JavaThread "background-preinit" [_thread_in_vm, id=5804, stack(0x000000d6ada00000,0x000000d6adb00000)]

Other Threads:
  0x000002b52fd0fa90 VMThread "VM Thread" [stack: 0x000000d6ac800000,0x000000d6ac900000] [id=12892]
  0x000002b575628050 WatcherThread [stack: 0x000000d6ad600000,0x000000d6ad700000] [id=2728]
  0x000002b5125a35d0 GCTaskThread "GC Thread#0" [stack: 0x000000d6ac300000,0x000000d6ac400000] [id=10104]
  0x000002b575e6ee40 GCTaskThread "GC Thread#1" [stack: 0x000000d6ad700000,0x000000d6ad800000] [id=7164]
  0x000002b575e6f0f0 GCTaskThread "GC Thread#2" [stack: 0x000000d6ad800000,0x000000d6ad900000] [id=11528]
  0x000002b575fabd00 GCTaskThread "GC Thread#3" [stack: 0x000000d6ad900000,0x000000d6ada00000] [id=13384]
  0x000002b5125b0140 ConcurrentGCThread "G1 Main Marker" [stack: 0x000000d6ac400000,0x000000d6ac500000] [id=2060]
  0x000002b5125b0b50 ConcurrentGCThread "G1 Conc#0" [stack: 0x000000d6ac500000,0x000000d6ac600000] [id=13676]
  0x000002b52fbd04a0 ConcurrentGCThread "G1 Refine#0" [stack: 0x000000d6ac600000,0x000000d6ac700000] [id=7732]
  0x000002b52fbd0cd0 ConcurrentGCThread "G1 Service" [stack: 0x000000d6ac700000,0x000000d6ac800000] [id=10492]

Threads with active compile tasks:
C2 CompilerThread1     1794 1673       4       jdk.internal.org.objectweb.asm.Frame::execute (2305 bytes)

VM state: not at safepoint (normal execution)

VM Mutex/Monitor currently owned by a thread:  ([mutex/lock_event])
[0x000002b512544c30] Metaspace_lock - owner thread: 0x000002b57615e5c0

Heap address: 0x0000000082800000, size: 2008 MB, Compressed Oops mode: 32-bit

CDS archive(s) mapped at: [0x000002b530000000-0x000002b530bd0000-0x000002b530bd0000), size 12386304, SharedBaseAddress: 0x000002b530000000, ArchiveRelocationMode: 1.
Compressed class space mapped at: 0x000002b531000000-0x000002b571000000, reserved size: 1073741824
Narrow klass base: 0x000002b530000000, Narrow klass shift: 0, Narrow klass range: 0x100000000

GC Precious Log:
 CPUs: 4 total, 4 available
 Memory: 8024M
 Large Page Support: Disabled
 NUMA Support: Disabled
 Compressed Oops: Enabled (32-bit)
 Heap Region Size: 1M
 Heap Min Capacity: 8M
 Heap Initial Capacity: 126M
 Heap Max Capacity: 2008M
 Pre-touch: Disabled
 Parallel Workers: 4
 Concurrent Workers: 1
 Concurrent Refinement Workers: 4
 Periodic GC: Disabled

Heap:
 garbage-first heap   total 129024K, used 29647K [0x0000000082800000, 0x0000000100000000)
  region size 1024K, 25 young (25600K), 2 survivors (2048K)
 Metaspace       used 12141K, committed 12352K, reserved 1114112K
  class space    used 1438K, committed 1536K, reserved 1048576K

Heap Regions: E=young(eden), S=young(survivor), O=old, HS=humongous(starts), HC=humongous(continues), CS=collection set, F=free, OA=open archive, CA=closed archive, TAMS=top-at-mark-start (previous, next)
|   0|0x0000000082800000, 0x0000000082900000, 0x0000000082900000|100%|HS|  |TAMS 0x0000000082800000, 0x0000000082800000| Complete 
|   1|0x0000000082900000, 0x0000000082a00000, 0x0000000082a00000|100%| O|  |TAMS 0x0000000082900000, 0x0000000082900000| Untracked 
|   2|0x0000000082a00000, 0x0000000082b00000, 0x0000000082b00000|100%| O|  |TAMS 0x0000000082a00000, 0x0000000082a00000| Untracked 
|   3|0x0000000082b00000, 0x0000000082c00000, 0x0000000082c00000|100%| O|  |TAMS 0x0000000082b00000, 0x0000000082b00000| Untracked 
|   4|0x0000000082c00000, 0x0000000082d00000, 0x0000000082d00000|100%| O|  |TAMS 0x0000000082c00000, 0x0000000082c00000| Untracked 
|   5|0x0000000082d00000, 0x0000000082e00000, 0x0000000082e00000|100%| O|  |TAMS 0x0000000082d00000, 0x0000000082d00000| Untracked 
|   6|0x0000000082e00000, 0x0000000082ea7000, 0x0000000082f00000| 65%| O|  |TAMS 0x0000000082e00000, 0x0000000082e00000| Untracked 
|   7|0x0000000082f00000, 0x0000000082f00000, 0x0000000083000000|  0%| F|  |TAMS 0x0000000082f00000, 0x0000000082f00000| Untracked 
|   8|0x0000000083000000, 0x0000000083000000, 0x0000000083100000|  0%| F|  |TAMS 0x0000000083000000, 0x0000000083000000| Untracked 
|   9|0x0000000083100000, 0x0000000083100000, 0x0000000083200000|  0%| F|  |TAMS 0x0000000083100000, 0x0000000083100000| Untracked 
|  10|0x0000000083200000, 0x0000000083200000, 0x0000000083300000|  0%| F|  |TAMS 0x0000000083200000, 0x0000000083200000| Untracked 
|  11|0x0000000083300000, 0x0000000083300000, 0x0000000083400000|  0%| F|  |TAMS 0x0000000083300000, 0x0000000083300000| Untracked 
|  12|0x0000000083400000, 0x0000000083400000, 0x0000000083500000|  0%| F|  |TAMS 0x0000000083400000, 0x0000000083400000| Untracked 
|  13|0x0000000083500000, 0x0000000083500000, 0x0000000083600000|  0%| F|  |TAMS 0x0000000083500000, 0x0000000083500000| Untracked 
|  14|0x0000000083600000, 0x0000000083600000, 0x0000000083700000|  0%| F|  |TAMS 0x0000000083600000, 0x0000000083600000| Untracked 
|  15|0x0000000083700000, 0x0000000083700000, 0x0000000083800000|  0%| F|  |TAMS 0x0000000083700000, 0x0000000083700000| Untracked 
|  16|0x0000000083800000, 0x0000000083800000, 0x0000000083900000|  0%| F|  |TAMS 0x0000000083800000, 0x0000000083800000| Untracked 
|  17|0x0000000083900000, 0x0000000083900000, 0x0000000083a00000|  0%| F|  |TAMS 0x0000000083900000, 0x0000000083900000| Untracked 
|  18|0x0000000083a00000, 0x0000000083a00000, 0x0000000083b00000|  0%| F|  |TAMS 0x0000000083a00000, 0x0000000083a00000| Untracked 
|  19|0x0000000083b00000, 0x0000000083b00000, 0x0000000083c00000|  0%| F|  |TAMS 0x0000000083b00000, 0x0000000083b00000| Untracked 
|  20|0x0000000083c00000, 0x0000000083c00000, 0x0000000083d00000|  0%| F|  |TAMS 0x0000000083c00000, 0x0000000083c00000| Untracked 
|  21|0x0000000083d00000, 0x0000000083d00000, 0x0000000083e00000|  0%| F|  |TAMS 0x0000000083d00000, 0x0000000083d00000| Untracked 
|  22|0x0000000083e00000, 0x0000000083e00000, 0x0000000083f00000|  0%| F|  |TAMS 0x0000000083e00000, 0x0000000083e00000| Untracked 
|  23|0x0000000083f00000, 0x0000000083f00000, 0x0000000084000000|  0%| F|  |TAMS 0x0000000083f00000, 0x0000000083f00000| Untracked 
|  24|0x0000000084000000, 0x0000000084000000, 0x0000000084100000|  0%| F|  |TAMS 0x0000000084000000, 0x0000000084000000| Untracked 
|  25|0x0000000084100000, 0x0000000084100000, 0x0000000084200000|  0%| F|  |TAMS 0x0000000084100000, 0x0000000084100000| Untracked 
|  26|0x0000000084200000, 0x0000000084200000, 0x0000000084300000|  0%| F|  |TAMS 0x0000000084200000, 0x0000000084200000| Untracked 
|  27|0x0000000084300000, 0x0000000084300000, 0x0000000084400000|  0%| F|  |TAMS 0x0000000084300000, 0x0000000084300000| Untracked 
|  28|0x0000000084400000, 0x0000000084400000, 0x0000000084500000|  0%| F|  |TAMS 0x0000000084400000, 0x0000000084400000| Untracked 
|  29|0x0000000084500000, 0x0000000084500000, 0x0000000084600000|  0%| F|  |TAMS 0x0000000084500000, 0x0000000084500000| Untracked 
|  30|0x0000000084600000, 0x0000000084600000, 0x0000000084700000|  0%| F|  |TAMS 0x0000000084600000, 0x0000000084600000| Untracked 
|  31|0x0000000084700000, 0x0000000084700000, 0x0000000084800000|  0%| F|  |TAMS 0x0000000084700000, 0x0000000084700000| Untracked 
|  32|0x0000000084800000, 0x0000000084800000, 0x0000000084900000|  0%| F|  |TAMS 0x0000000084800000, 0x0000000084800000| Untracked 
|  33|0x0000000084900000, 0x0000000084900000, 0x0000000084a00000|  0%| F|  |TAMS 0x0000000084900000, 0x0000000084900000| Untracked 
|  34|0x0000000084a00000, 0x0000000084a00000, 0x0000000084b00000|  0%| F|  |TAMS 0x0000000084a00000, 0x0000000084a00000| Untracked 
|  35|0x0000000084b00000, 0x0000000084b00000, 0x0000000084c00000|  0%| F|  |TAMS 0x0000000084b00000, 0x0000000084b00000| Untracked 
|  36|0x0000000084c00000, 0x0000000084c00000, 0x0000000084d00000|  0%| F|  |TAMS 0x0000000084c00000, 0x0000000084c00000| Untracked 
|  37|0x0000000084d00000, 0x0000000084d00000, 0x0000000084e00000|  0%| F|  |TAMS 0x0000000084d00000, 0x0000000084d00000| Untracked 
|  38|0x0000000084e00000, 0x0000000084e00000, 0x0000000084f00000|  0%| F|  |TAMS 0x0000000084e00000, 0x0000000084e00000| Untracked 
|  39|0x0000000084f00000, 0x0000000084f00000, 0x0000000085000000|  0%| F|  |TAMS 0x0000000084f00000, 0x0000000084f00000| Untracked 
|  40|0x0000000085000000, 0x0000000085000000, 0x0000000085100000|  0%| F|  |TAMS 0x0000000085000000, 0x0000000085000000| Untracked 
|  41|0x0000000085100000, 0x0000000085100000, 0x0000000085200000|  0%| F|  |TAMS 0x0000000085100000, 0x0000000085100000| Untracked 
|  42|0x0000000085200000, 0x0000000085200000, 0x0000000085300000|  0%| F|  |TAMS 0x0000000085200000, 0x0000000085200000| Untracked 
|  43|0x0000000085300000, 0x0000000085300000, 0x0000000085400000|  0%| F|  |TAMS 0x0000000085300000, 0x0000000085300000| Untracked 
|  44|0x0000000085400000, 0x0000000085400000, 0x0000000085500000|  0%| F|  |TAMS 0x0000000085400000, 0x0000000085400000| Untracked 
|  45|0x0000000085500000, 0x0000000085500000, 0x0000000085600000|  0%| F|  |TAMS 0x0000000085500000, 0x0000000085500000| Untracked 
|  46|0x0000000085600000, 0x0000000085600000, 0x0000000085700000|  0%| F|  |TAMS 0x0000000085600000, 0x0000000085600000| Untracked 
|  47|0x0000000085700000, 0x0000000085700000, 0x0000000085800000|  0%| F|  |TAMS 0x0000000085700000, 0x0000000085700000| Untracked 
|  48|0x0000000085800000, 0x0000000085800000, 0x0000000085900000|  0%| F|  |TAMS 0x0000000085800000, 0x0000000085800000| Untracked 
|  49|0x0000000085900000, 0x0000000085900000, 0x0000000085a00000|  0%| F|  |TAMS 0x0000000085900000, 0x0000000085900000| Untracked 
|  50|0x0000000085a00000, 0x0000000085a00000, 0x0000000085b00000|  0%| F|  |TAMS 0x0000000085a00000, 0x0000000085a00000| Untracked 
|  51|0x0000000085b00000, 0x0000000085b00000, 0x0000000085c00000|  0%| F|  |TAMS 0x0000000085b00000, 0x0000000085b00000| Untracked 
|  52|0x0000000085c00000, 0x0000000085c00000, 0x0000000085d00000|  0%| F|  |TAMS 0x0000000085c00000, 0x0000000085c00000| Untracked 
|  53|0x0000000085d00000, 0x0000000085d00000, 0x0000000085e00000|  0%| F|  |TAMS 0x0000000085d00000, 0x0000000085d00000| Untracked 
|  54|0x0000000085e00000, 0x0000000085e00000, 0x0000000085f00000|  0%| F|  |TAMS 0x0000000085e00000, 0x0000000085e00000| Untracked 
|  55|0x0000000085f00000, 0x0000000085f00000, 0x0000000086000000|  0%| F|  |TAMS 0x0000000085f00000, 0x0000000085f00000| Untracked 
|  56|0x0000000086000000, 0x0000000086000000, 0x0000000086100000|  0%| F|  |TAMS 0x0000000086000000, 0x0000000086000000| Untracked 
|  57|0x0000000086100000, 0x0000000086100000, 0x0000000086200000|  0%| F|  |TAMS 0x0000000086100000, 0x0000000086100000| Untracked 
|  58|0x0000000086200000, 0x0000000086200000, 0x0000000086300000|  0%| F|  |TAMS 0x0000000086200000, 0x0000000086200000| Untracked 
|  59|0x0000000086300000, 0x0000000086300000, 0x0000000086400000|  0%| F|  |TAMS 0x0000000086300000, 0x0000000086300000| Untracked 
|  60|0x0000000086400000, 0x0000000086400000, 0x0000000086500000|  0%| F|  |TAMS 0x0000000086400000, 0x0000000086400000| Untracked 
|  61|0x0000000086500000, 0x0000000086500000, 0x0000000086600000|  0%| F|  |TAMS 0x0000000086500000, 0x0000000086500000| Untracked 
|  62|0x0000000086600000, 0x0000000086600000, 0x0000000086700000|  0%| F|  |TAMS 0x0000000086600000, 0x0000000086600000| Untracked 
|  63|0x0000000086700000, 0x0000000086700000, 0x0000000086800000|  0%| F|  |TAMS 0x0000000086700000, 0x0000000086700000| Untracked 
|  64|0x0000000086800000, 0x0000000086800000, 0x0000000086900000|  0%| F|  |TAMS 0x0000000086800000, 0x0000000086800000| Untracked 
|  65|0x0000000086900000, 0x0000000086900000, 0x0000000086a00000|  0%| F|  |TAMS 0x0000000086900000, 0x0000000086900000| Untracked 
|  66|0x0000000086a00000, 0x0000000086a00000, 0x0000000086b00000|  0%| F|  |TAMS 0x0000000086a00000, 0x0000000086a00000| Untracked 
|  67|0x0000000086b00000, 0x0000000086b00000, 0x0000000086c00000|  0%| F|  |TAMS 0x0000000086b00000, 0x0000000086b00000| Untracked 
|  68|0x0000000086c00000, 0x0000000086c00000, 0x0000000086d00000|  0%| F|  |TAMS 0x0000000086c00000, 0x0000000086c00000| Untracked 
|  69|0x0000000086d00000, 0x0000000086d00000, 0x0000000086e00000|  0%| F|  |TAMS 0x0000000086d00000, 0x0000000086d00000| Untracked 
|  70|0x0000000086e00000, 0x0000000086e00000, 0x0000000086f00000|  0%| F|  |TAMS 0x0000000086e00000, 0x0000000086e00000| Untracked 
|  71|0x0000000086f00000, 0x0000000086f00000, 0x0000000087000000|  0%| F|  |TAMS 0x0000000086f00000, 0x0000000086f00000| Untracked 
|  72|0x0000000087000000, 0x0000000087000000, 0x0000000087100000|  0%| F|  |TAMS 0x0000000087000000, 0x0000000087000000| Untracked 
|  73|0x0000000087100000, 0x0000000087100000, 0x0000000087200000|  0%| F|  |TAMS 0x0000000087100000, 0x0000000087100000| Untracked 
|  74|0x0000000087200000, 0x0000000087200000, 0x0000000087300000|  0%| F|  |TAMS 0x0000000087200000, 0x0000000087200000| Untracked 
|  75|0x0000000087300000, 0x0000000087300000, 0x0000000087400000|  0%| F|  |TAMS 0x0000000087300000, 0x0000000087300000| Untracked 
|  76|0x0000000087400000, 0x0000000087400000, 0x0000000087500000|  0%| F|  |TAMS 0x0000000087400000, 0x0000000087400000| Untracked 
|  77|0x0000000087500000, 0x0000000087500000, 0x0000000087600000|  0%| F|  |TAMS 0x0000000087500000, 0x0000000087500000| Untracked 
|  78|0x0000000087600000, 0x0000000087600000, 0x0000000087700000|  0%| F|  |TAMS 0x0000000087600000, 0x0000000087600000| Untracked 
|  79|0x0000000087700000, 0x0000000087700000, 0x0000000087800000|  0%| F|  |TAMS 0x0000000087700000, 0x0000000087700000| Untracked 
|  80|0x0000000087800000, 0x0000000087800000, 0x0000000087900000|  0%| F|  |TAMS 0x0000000087800000, 0x0000000087800000| Untracked 
|  81|0x0000000087900000, 0x0000000087900000, 0x0000000087a00000|  0%| F|  |TAMS 0x0000000087900000, 0x0000000087900000| Untracked 
|  82|0x0000000087a00000, 0x0000000087a00000, 0x0000000087b00000|  0%| F|  |TAMS 0x0000000087a00000, 0x0000000087a00000| Untracked 
|  83|0x0000000087b00000, 0x0000000087b00000, 0x0000000087c00000|  0%| F|  |TAMS 0x0000000087b00000, 0x0000000087b00000| Untracked 
|  84|0x0000000087c00000, 0x0000000087c00000, 0x0000000087d00000|  0%| F|  |TAMS 0x0000000087c00000, 0x0000000087c00000| Untracked 
|  85|0x0000000087d00000, 0x0000000087d00000, 0x0000000087e00000|  0%| F|  |TAMS 0x0000000087d00000, 0x0000000087d00000| Untracked 
|  86|0x0000000087e00000, 0x0000000087e00000, 0x0000000087f00000|  0%| F|  |TAMS 0x0000000087e00000, 0x0000000087e00000| Untracked 
|  87|0x0000000087f00000, 0x0000000087f00000, 0x0000000088000000|  0%| F|  |TAMS 0x0000000087f00000, 0x0000000087f00000| Untracked 
|  88|0x0000000088000000, 0x0000000088000000, 0x0000000088100000|  0%| F|  |TAMS 0x0000000088000000, 0x0000000088000000| Untracked 
|  89|0x0000000088100000, 0x0000000088100000, 0x0000000088200000|  0%| F|  |TAMS 0x0000000088100000, 0x0000000088100000| Untracked 
|  90|0x0000000088200000, 0x0000000088200000, 0x0000000088300000|  0%| F|  |TAMS 0x0000000088200000, 0x0000000088200000| Untracked 
|  91|0x0000000088300000, 0x0000000088300000, 0x0000000088400000|  0%| F|  |TAMS 0x0000000088300000, 0x0000000088300000| Untracked 
|  92|0x0000000088400000, 0x0000000088400000, 0x0000000088500000|  0%| F|  |TAMS 0x0000000088400000, 0x0000000088400000| Untracked 
|  93|0x0000000088500000, 0x0000000088500000, 0x0000000088600000|  0%| F|  |TAMS 0x0000000088500000, 0x0000000088500000| Untracked 
|  94|0x0000000088600000, 0x0000000088600000, 0x0000000088700000|  0%| F|  |TAMS 0x0000000088600000, 0x0000000088600000| Untracked 
|  95|0x0000000088700000, 0x0000000088700000, 0x0000000088800000|  0%| F|  |TAMS 0x0000000088700000, 0x0000000088700000| Untracked 
|  96|0x0000000088800000, 0x0000000088800000, 0x0000000088900000|  0%| F|  |TAMS 0x0000000088800000, 0x0000000088800000| Untracked 
|  97|0x0000000088900000, 0x0000000088900000, 0x0000000088a00000|  0%| F|  |TAMS 0x0000000088900000, 0x0000000088900000| Untracked 
|  98|0x0000000088a00000, 0x0000000088a00000, 0x0000000088b00000|  0%| F|  |TAMS 0x0000000088a00000, 0x0000000088a00000| Untracked 
|  99|0x0000000088b00000, 0x0000000088b00000, 0x0000000088c00000|  0%| F|  |TAMS 0x0000000088b00000, 0x0000000088b00000| Untracked 
| 100|0x0000000088c00000, 0x0000000088c00000, 0x0000000088d00000|  0%| F|  |TAMS 0x0000000088c00000, 0x0000000088c00000| Untracked 
| 101|0x0000000088d00000, 0x0000000088df30a8, 0x0000000088e00000| 94%| E|  |TAMS 0x0000000088d00000, 0x0000000088d00000| Complete 
| 102|0x0000000088e00000, 0x0000000088f00000, 0x0000000088f00000|100%| E|CS|TAMS 0x0000000088e00000, 0x0000000088e00000| Complete 
| 103|0x0000000088f00000, 0x0000000089000000, 0x0000000089000000|100%| E|CS|TAMS 0x0000000088f00000, 0x0000000088f00000| Complete 
| 104|0x0000000089000000, 0x0000000089100000, 0x0000000089100000|100%| E|CS|TAMS 0x0000000089000000, 0x0000000089000000| Complete 
| 105|0x0000000089100000, 0x0000000089200000, 0x0000000089200000|100%| E|CS|TAMS 0x0000000089100000, 0x0000000089100000| Complete 
| 106|0x0000000089200000, 0x0000000089300000, 0x0000000089300000|100%| E|CS|TAMS 0x0000000089200000, 0x0000000089200000| Complete 
| 107|0x0000000089300000, 0x0000000089400000, 0x0000000089400000|100%| E|CS|TAMS 0x0000000089300000, 0x0000000089300000| Complete 
| 108|0x0000000089400000, 0x0000000089500000, 0x0000000089500000|100%| E|CS|TAMS 0x0000000089400000, 0x0000000089400000| Complete 
| 109|0x0000000089500000, 0x0000000089600000, 0x0000000089600000|100%| E|CS|TAMS 0x0000000089500000, 0x0000000089500000| Complete 
| 110|0x0000000089600000, 0x0000000089700000, 0x0000000089700000|100%| E|CS|TAMS 0x0000000089600000, 0x0000000089600000| Complete 
| 111|0x0000000089700000, 0x0000000089800000, 0x0000000089800000|100%| E|  |TAMS 0x0000000089700000, 0x0000000089700000| Complete 
| 112|0x0000000089800000, 0x0000000089900000, 0x0000000089900000|100%| E|CS|TAMS 0x0000000089800000, 0x0000000089800000| Complete 
| 113|0x0000000089900000, 0x000000008994cfe0, 0x0000000089a00000| 30%| S|CS|TAMS 0x0000000089900000, 0x0000000089900000| Complete 
| 114|0x0000000089a00000, 0x0000000089b00000, 0x0000000089b00000|100%| S|CS|TAMS 0x0000000089a00000, 0x0000000089a00000| Complete 
| 115|0x0000000089b00000, 0x0000000089c00000, 0x0000000089c00000|100%| E|CS|TAMS 0x0000000089b00000, 0x0000000089b00000| Complete 
| 116|0x0000000089c00000, 0x0000000089d00000, 0x0000000089d00000|100%| E|CS|TAMS 0x0000000089c00000, 0x0000000089c00000| Complete 
| 117|0x0000000089d00000, 0x0000000089e00000, 0x0000000089e00000|100%| E|CS|TAMS 0x0000000089d00000, 0x0000000089d00000| Complete 
| 118|0x0000000089e00000, 0x0000000089f00000, 0x0000000089f00000|100%| E|CS|TAMS 0x0000000089e00000, 0x0000000089e00000| Complete 
| 119|0x0000000089f00000, 0x000000008a000000, 0x000000008a000000|100%| E|CS|TAMS 0x0000000089f00000, 0x0000000089f00000| Complete 
| 120|0x000000008a000000, 0x000000008a100000, 0x000000008a100000|100%| E|CS|TAMS 0x000000008a000000, 0x000000008a000000| Complete 
| 121|0x000000008a100000, 0x000000008a200000, 0x000000008a200000|100%| E|CS|TAMS 0x000000008a100000, 0x000000008a100000| Complete 
| 122|0x000000008a200000, 0x000000008a300000, 0x000000008a300000|100%| E|CS|TAMS 0x000000008a200000, 0x000000008a200000| Complete 
| 123|0x000000008a300000, 0x000000008a400000, 0x000000008a400000|100%| E|CS|TAMS 0x000000008a300000, 0x000000008a300000| Complete 
| 124|0x000000008a400000, 0x000000008a500000, 0x000000008a500000|100%| E|CS|TAMS 0x000000008a400000, 0x000000008a400000| Complete 
| 125|0x000000008a500000, 0x000000008a600000, 0x000000008a600000|100%| E|CS|TAMS 0x000000008a500000, 0x000000008a500000| Complete 

Card table byte_map: [0x000002b5291d0000,0x000002b5295c0000] _byte_map_base: 0x000002b528dbc000

Marking Bits (Prev, Next): (CMBitMap*) 0x000002b5125a3be0, (CMBitMap*) 0x000002b5125a3c20
 Prev Bits: [0x000002b5299b0000, 0x000002b52b910000)
 Next Bits: [0x000002b52b910000, 0x000002b52d870000)

Polling page: 0x000002b5103c0000

Metaspace:

Usage:
  Non-class:     10.45 MB used.
      Class:      1.41 MB used.
       Both:     11.86 MB used.

Virtual space:
  Non-class space:       64.00 MB reserved,      10.56 MB ( 17%) committed,  1 nodes.
      Class space:        1.00 GB reserved,       1.50 MB ( <1%) committed,  1 nodes.
             Both:        1.06 GB reserved,      12.06 MB (  1%) committed. 

Chunk freelists:
   Non-Class:  5.23 MB
       Class:  14.41 MB
        Both:  19.64 MB

MaxMetaspaceSize: unlimited
CompressedClassSpaceSize: 1.00 GB
Initial GC threshold: 21.00 MB
Current GC threshold: 21.00 MB
CDS: on
MetaspaceReclaimPolicy: balanced
 - commit_granule_bytes: 65536.
 - commit_granule_words: 8192.
 - virtual_space_node_default_size: 8388608.
 - enlarge_chunks_in_place: 1.
 - new_chunks_are_fully_committed: 0.
 - uncommit_free_chunks: 1.
 - use_allocation_guard: 0.
 - handle_deallocations: 1.


Internal statistics:

num_allocs_failed_limit: 0.
num_arena_births: 184.
num_arena_deaths: 0.
num_vsnodes_births: 2.
num_vsnodes_deaths: 0.
num_space_committed: 193.
num_space_uncommitted: 0.
num_chunks_returned_to_freelist: 0.
num_chunks_taken_from_freelist: 557.
num_chunk_merges: 0.
num_chunk_splits: 375.
num_chunks_enlarged: 290.
num_purges: 0.
num_inconsistent_stats: 0.

CodeHeap 'non-profiled nmethods': size=120000Kb used=624Kb max_used=624Kb free=119375Kb
 bounds [0x000002b5218b0000, 0x000002b521b20000, 0x000002b528de0000]
CodeHeap 'profiled nmethods': size=120000Kb used=3264Kb max_used=3264Kb free=116736Kb
 bounds [0x000002b519de0000, 0x000002b51a110000, 0x000002b521310000]
CodeHeap 'non-nmethods': size=5760Kb used=1189Kb max_used=1217Kb free=4570Kb
 bounds [0x000002b521310000, 0x000002b521580000, 0x000002b5218b0000]
 total_blobs=2222 nmethods=1738 adapters=396
 compilation: enabled
              stopped_count=0, restarted_count=0
 full_count=0

Compilation events (20 events):
Event: 1.732 Thread 0x000002b52fd2e600 nmethod 1635 0x000002b521944b10 code [0x000002b521944da0, 0x000002b521946a40]
Event: 1.733 Thread 0x000002b52fd2e600 1674       4       java.lang.String::regionMatches (150 bytes)
Event: 1.733 Thread 0x000002b52fd334e0 1695       3       java.lang.PublicMethods$MethodList::<init> (10 bytes)
Event: 1.733 Thread 0x000002b52fd334e0 nmethod 1695 0x000002b51a103310 code [0x000002b51a1034a0, 0x000002b51a103658]
Event: 1.734 Thread 0x000002b52fd334e0 1696       3       jdk.internal.reflect.ConstantPool::getUTF8At (10 bytes)
Event: 1.734 Thread 0x000002b52fd334e0 nmethod 1696 0x000002b51a103710 code [0x000002b51a1038a0, 0x000002b51a1039e8]
Event: 1.734 Thread 0x000002b52fd334e0 1698       3       sun.reflect.annotation.AnnotationInvocationHandler::invoke (178 bytes)
Event: 1.736 Thread 0x000002b52fd334e0 nmethod 1698 0x000002b51a103a90 code [0x000002b51a103da0, 0x000002b51a104ea8]
Event: 1.736 Thread 0x000002b52fd334e0 1699       3       sun.reflect.generics.parser.SignatureParser::make (8 bytes)
Event: 1.737 Thread 0x000002b52fd334e0 nmethod 1699 0x000002b51a105390 code [0x000002b51a105540, 0x000002b51a105738]
Event: 1.738 Thread 0x000002b52fd334e0 1700       3       sun.reflect.generics.parser.SignatureParser::init (16 bytes)
Event: 1.739 Thread 0x000002b52fd334e0 nmethod 1700 0x000002b51a105810 code [0x000002b51a1059a0, 0x000002b51a105af8]
Event: 1.739 Thread 0x000002b52fd334e0 1701       3       sun.reflect.generics.scope.AbstractScope::<init> (10 bytes)
Event: 1.739 Thread 0x000002b52fd334e0 nmethod 1701 0x000002b51a105b90 code [0x000002b51a105d20, 0x000002b51a105ed8]
Event: 1.739 Thread 0x000002b52fd334e0 1702       3       sun.reflect.generics.factory.CoreReflectionFactory::make (10 bytes)
Event: 1.739 Thread 0x000002b52fd334e0 nmethod 1702 0x000002b51a105f90 code [0x000002b51a106140, 0x000002b51a1063f8]
Event: 1.742 Thread 0x000002b52fd334e0 1704       3       jdk.internal.org.objectweb.asm.FieldWriter::computeFieldInfoSize (86 bytes)
Event: 1.742 Thread 0x000002b52fd334e0 nmethod 1704 0x000002b51a106510 code [0x000002b51a1066e0, 0x000002b51a1069b8]
Event: 1.742 Thread 0x000002b52fd334e0 1705       3       jdk.internal.org.objectweb.asm.FieldWriter::putFieldInfo (269 bytes)
Event: 1.743 Thread 0x000002b52fd334e0 nmethod 1705 0x000002b51a106b10 code [0x000002b51a106d80, 0x000002b51a1076c8]

GC Heap History (4 events):
Event: 0.744 GC heap before
{Heap before GC invocations=0 (full 0):
 garbage-first heap   total 129024K, used 13312K [0x0000000082800000, 0x0000000100000000)
  region size 1024K, 13 young (13312K), 0 survivors (0K)
 Metaspace       used 2798K, committed 3008K, reserved 1114112K
  class space    used 270K, committed 384K, reserved 1048576K
}
Event: 0.750 GC heap after
{Heap after GC invocations=1 (full 0):
 garbage-first heap   total 129024K, used 6797K [0x0000000082800000, 0x0000000100000000)
  region size 1024K, 2 young (2048K), 2 survivors (2048K)
 Metaspace       used 2798K, committed 3008K, reserved 1114112K
  class space    used 270K, committed 384K, reserved 1048576K
}
Event: 1.179 GC heap before
{Heap before GC invocations=1 (full 0):
 garbage-first heap   total 129024K, used 17037K [0x0000000082800000, 0x0000000100000000)
  region size 1024K, 13 young (13312K), 2 survivors (2048K)
 Metaspace       used 6325K, committed 6528K, reserved 1114112K
  class space    used 732K, committed 832K, reserved 1048576K
}
Event: 1.183 GC heap after
{Heap after GC invocations=2 (full 0):
 garbage-first heap   total 129024K, used 8143K [0x0000000082800000, 0x0000000100000000)
  region size 1024K, 2 young (2048K), 2 survivors (2048K)
 Metaspace       used 6325K, committed 6528K, reserved 1114112K
  class space    used 732K, committed 832K, reserved 1048576K
}

Deoptimization events (20 events):
Event: 1.673 Thread 0x000002b57615e5c0 Uncommon trap: trap_request=0xffffff45 fr.pc=0x000002b5218c71e8 relative=0x0000000000000448
Event: 1.673 Thread 0x000002b57615e5c0 Uncommon trap: reason=unstable_if action=reinterpret pc=0x000002b5218c71e8 method=java.lang.StringLatin1.canEncode(I)Z @ 4 c2
Event: 1.673 Thread 0x000002b57615e5c0 DEOPT PACKING pc=0x000002b5218c71e8 sp=0x000000d6adafda20
Event: 1.673 Thread 0x000002b57615e5c0 DEOPT UNPACKING pc=0x000002b5213623a3 sp=0x000000d6adafd948 mode 2
Event: 1.673 Thread 0x000002b57615e5c0 Uncommon trap: trap_request=0xffffff45 fr.pc=0x000002b5218c67cc relative=0x000000000000042c
Event: 1.673 Thread 0x000002b57615e5c0 Uncommon trap: reason=unstable_if action=reinterpret pc=0x000002b5218c67cc method=java.lang.AbstractStringBuilder.isLatin1()Z @ 10 c2
Event: 1.673 Thread 0x000002b57615e5c0 DEOPT PACKING pc=0x000002b5218c67cc sp=0x000000d6adafda40
Event: 1.673 Thread 0x000002b57615e5c0 DEOPT UNPACKING pc=0x000002b5213623a3 sp=0x000000d6adafd9c0 mode 2
Event: 1.673 Thread 0x000002b57615e5c0 Uncommon trap: trap_request=0xffffff45 fr.pc=0x000002b5218d1bdc relative=0x000000000000005c
Event: 1.673 Thread 0x000002b57615e5c0 Uncommon trap: reason=unstable_if action=reinterpret pc=0x000002b5218d1bdc method=java.lang.AbstractStringBuilder.isLatin1()Z @ 10 c2
Event: 1.673 Thread 0x000002b57615e5c0 DEOPT PACKING pc=0x000002b5218d1bdc sp=0x000000d6adafda20
Event: 1.673 Thread 0x000002b57615e5c0 DEOPT UNPACKING pc=0x000002b5213623a3 sp=0x000000d6adafd9b0 mode 2
Event: 1.678 Thread 0x000002b57615e5c0 Uncommon trap: trap_request=0xffffff45 fr.pc=0x000002b52190ac48 relative=0x0000000000000048
Event: 1.678 Thread 0x000002b57615e5c0 Uncommon trap: reason=unstable_if action=reinterpret pc=0x000002b52190ac48 method=java.lang.CharacterData.of(I)Ljava/lang/CharacterData; @ 4 c2
Event: 1.679 Thread 0x000002b57615e5c0 DEOPT PACKING pc=0x000002b52190ac48 sp=0x000000d6adafd1b0
Event: 1.679 Thread 0x000002b57615e5c0 DEOPT UNPACKING pc=0x000002b5213623a3 sp=0x000000d6adafd150 mode 2
Event: 1.715 Thread 0x000002b51254ad60 Uncommon trap: trap_request=0xffffff45 fr.pc=0x000002b52191a614 relative=0x00000000000002f4
Event: 1.715 Thread 0x000002b51254ad60 Uncommon trap: reason=unstable_if action=reinterpret pc=0x000002b52191a614 method=jdk.internal.org.objectweb.asm.SymbolTable.put(Ljdk/internal/org/objectweb/asm/SymbolTable$Entry;)Ljdk/internal/org/objectweb/asm/SymbolTable$Entry; @ 13 c2
Event: 1.715 Thread 0x000002b51254ad60 DEOPT PACKING pc=0x000002b52191a614 sp=0x000000d6ac2fd4e0
Event: 1.715 Thread 0x000002b51254ad60 DEOPT UNPACKING pc=0x000002b5213623a3 sp=0x000000d6ac2fd460 mode 2

Classes unloaded (0 events):
No events

Classes redefined (0 events):
No events

Internal exceptions (20 events):
Event: 1.235 Thread 0x000002b51254ad60 Exception <a 'java/lang/NoSuchMethodError'{0x000000008a49bc00}: 'java.lang.Object java.lang.invoke.DirectMethodHandle$Holder.newInvokeSpecial(java.lang.Object, java.lang.Object, java.lang.Object, java.lang.Object, java.lang.Object, java.lang.Object, int)'> (0x000000008a49bc00) 
thrown [s\open\src\hotspot\share\interpreter\linkResolver.cpp, line 759]
Event: 1.235 Thread 0x000002b51254ad60 Exception <a 'java/lang/NoSuchMethodError'{0x000000008a4a0c40}: 'java.lang.Object java.lang.invoke.DirectMethodHandle$Holder.invokeSpecial(java.lang.Object, java.lang.Object, java.lang.Object, java.lang.Object, java.lang.Object, java.lang.Object, java.lang.Object, int)'> (0x000000008a4a0c40) 
thrown [s\open\src\hotspot\share\interpreter\linkResolver.cpp, line 759]
Event: 1.282 Thread 0x000002b51254ad60 Exception <a 'java/lang/NoSuchMethodError'{0x000000008a3cb418}: 'int java.lang.invoke.DirectMethodHandle$Holder.invokeInterface(java.lang.Object, java.lang.Object)'> (0x000000008a3cb418) 
thrown [s\open\src\hotspot\share\interpreter\linkResolver.cpp, line 759]
Event: 1.305 Thread 0x000002b51254ad60 Exception <a 'java/lang/NoSuchMethodError'{0x000000008a23bff0}: 'int java.lang.invoke.DirectMethodHandle$Holder.invokeVirtual(java.lang.Object, java.lang.Object)'> (0x000000008a23bff0) 
thrown [s\open\src\hotspot\share\interpreter\linkResolver.cpp, line 759]
Event: 1.330 Thread 0x000002b51254ad60 Exception <a 'java/lang/NoSuchMethodError'{0x000000008a2daf00}: 'java.lang.Object java.lang.invoke.DirectMethodHandle$Holder.invokeSpecial(java.lang.Object, java.lang.Object, java.lang.Object, int, java.lang.Object)'> (0x000000008a2daf00) 
thrown [s\open\src\hotspot\share\interpreter\linkResolver.cpp, line 759]
Event: 1.331 Thread 0x000002b51254ad60 Exception <a 'java/lang/NoSuchMethodError'{0x000000008a2e37a0}: 'java.lang.Object java.lang.invoke.DirectMethodHandle$Holder.newInvokeSpecial(java.lang.Object, java.lang.Object, java.lang.Object, int, java.lang.Object)'> (0x000000008a2e37a0) 
thrown [s\open\src\hotspot\share\interpreter\linkResolver.cpp, line 759]
Event: 1.331 Thread 0x000002b51254ad60 Exception <a 'java/lang/NoSuchMethodError'{0x000000008a2eb170}: 'java.lang.Object java.lang.invoke.Invokers$Holder.linkToTargetMethod(java.lang.Object, java.lang.Object, int, java.lang.Object, java.lang.Object)'> (0x000000008a2eb170) 
thrown [s\open\src\hotspot\share\interpreter\linkResolver.cpp, line 759]
Event: 1.333 Thread 0x000002b51254ad60 Exception <a 'java/lang/NoSuchMethodError'{0x000000008a2fa048}: 'java.lang.Object java.lang.invoke.DirectMethodHandle$Holder.newInvokeSpecial(java.lang.Object, int, java.lang.Object)'> (0x000000008a2fa048) 
thrown [s\open\src\hotspot\share\interpreter\linkResolver.cpp, line 759]
Event: 1.334 Thread 0x000002b51254ad60 Exception <a 'java/lang/NoSuchMethodError'{0x000000008a2fed28}: 'int java.lang.invoke.DirectMethodHandle$Holder.invokeSpecialIFC(java.lang.Object, java.lang.Object, java.lang.Object, java.lang.Object)'> (0x000000008a2fed28) 
thrown [s\open\src\hotspot\share\interpreter\linkResolver.cpp, line 759]
Event: 1.361 Thread 0x000002b51254ad60 Exception <a 'java/lang/NoSuchMethodError'{0x000000008a1c2340}: 'void java.lang.invoke.DirectMethodHandle$Holder.invokeInterface(java.lang.Object, java.lang.Object, java.lang.Object)'> (0x000000008a1c2340) 
thrown [s\open\src\hotspot\share\interpreter\linkResolver.cpp, line 759]
Event: 1.390 Thread 0x000002b51254ad60 Exception <a 'java/lang/NoSuchMethodError'{0x000000008a053560}: 'void java.lang.invoke.DirectMethodHandle$Holder.invokeStaticInit(java.lang.Object, java.lang.Object, java.lang.Object)'> (0x000000008a053560) 
thrown [s\open\src\hotspot\share\interpreter\linkResolver.cpp, line 759]
Event: 1.398 Thread 0x000002b51254ad60 Exception <a 'java/lang/NoSuchMethodError'{0x000000008a099d00}: 'java.lang.Object java.lang.invoke.DirectMethodHandle$Holder.invokeStatic(java.lang.Object, java.lang.Object, long, java.lang.Object)'> (0x000000008a099d00) 
thrown [s\open\src\hotspot\share\interpreter\linkResolver.cpp, line 759]
Event: 1.399 Thread 0x000002b51254ad60 Exception <a 'java/lang/NoSuchMethodError'{0x000000008a09d798}: 'java.lang.Object java.lang.invoke.DirectMethodHandle$Holder.invokeStaticInit(java.lang.Object, java.lang.Object, long, java.lang.Object)'> (0x000000008a09d798) 
thrown [s\open\src\hotspot\share\interpreter\linkResolver.cpp, line 759]
Event: 1.400 Thread 0x000002b51254ad60 Exception <a 'java/lang/NoSuchMethodError'{0x000000008a0a3ed8}: 'java.lang.Object java.lang.invoke.DirectMethodHandle$Holder.newInvokeSpecial(java.lang.Object, java.lang.Object, long)'> (0x000000008a0a3ed8) 
thrown [s\open\src\hotspot\share\interpreter\linkResolver.cpp, line 759]
Event: 1.400 Thread 0x000002b51254ad60 Exception <a 'java/lang/NoSuchMethodError'{0x000000008a0a7a48}: 'java.lang.Object java.lang.invoke.Invokers$Holder.linkToTargetMethod(java.lang.Object, long, java.lang.Object)'> (0x000000008a0a7a48) 
thrown [s\open\src\hotspot\share\interpreter\linkResolver.cpp, line 759]
Event: 1.419 Thread 0x000002b51254ad60 Exception <a 'java/lang/NoSuchMethodError'{0x000000008a0feb60}: 'void java.lang.invoke.DirectMethodHandle$Holder.invokeSpecial(java.lang.Object, java.lang.Object, java.lang.Object, java.lang.Object, java.lang.Object)'> (0x000000008a0feb60) 
thrown [s\open\src\hotspot\share\interpreter\linkResolver.cpp, line 759]
Event: 1.420 Thread 0x000002b51254ad60 Exception <a 'java/lang/NoSuchMethodError'{0x0000000089f07678}: 'void java.lang.invoke.DirectMethodHandle$Holder.invokeVirtual(java.lang.Object, java.lang.Object, java.lang.Object, java.lang.Object)'> (0x0000000089f07678) 
thrown [s\open\src\hotspot\share\interpreter\linkResolver.cpp, line 759]
Event: 1.479 Thread 0x000002b51254ad60 Exception <a 'java/lang/NoSuchMethodError'{0x0000000089ec0e00}: 'void java.lang.invoke.DirectMethodHandle$Holder.invokeSpecial(java.lang.Object, java.lang.Object, java.lang.Object)'> (0x0000000089ec0e00) 
thrown [s\open\src\hotspot\share\interpreter\linkResolver.cpp, line 759]
Event: 1.491 Thread 0x000002b57615e5c0 Exception <a 'java/lang/NoClassDefFoundError'{0x0000000089efa7a8}: jakarta/validation/Validation> (0x0000000089efa7a8) 
thrown [s\open\src\hotspot\share\classfile\systemDictionary.cpp, line 245]
Event: 1.497 Thread 0x000002b51254ad60 Exception <a 'java/lang/IncompatibleClassChangeError'{0x0000000089d0c848}: Found class java.lang.Object, but interface was expected> (0x0000000089d0c848) 
thrown [s\open\src\hotspot\share\interpreter\linkResolver.cpp, line 826]

VM Operations (20 events):
Event: 0.535 Executing VM operation: HandshakeAllThreads
Event: 0.535 Executing VM operation: HandshakeAllThreads done
Event: 0.689 Executing VM operation: HandshakeAllThreads
Event: 0.689 Executing VM operation: HandshakeAllThreads done
Event: 0.743 Executing VM operation: G1CollectForAllocation
Event: 0.750 Executing VM operation: G1CollectForAllocation done
Event: 1.003 Executing VM operation: HandshakeAllThreads
Event: 1.003 Executing VM operation: HandshakeAllThreads done
Event: 1.179 Executing VM operation: G1CollectForAllocation
Event: 1.183 Executing VM operation: G1CollectForAllocation done
Event: 1.302 Executing VM operation: HandshakeAllThreads
Event: 1.302 Executing VM operation: HandshakeAllThreads done
Event: 1.467 Executing VM operation: HandshakeAllThreads
Event: 1.467 Executing VM operation: HandshakeAllThreads done
Event: 1.474 Executing VM operation: HandshakeAllThreads
Event: 1.474 Executing VM operation: HandshakeAllThreads done
Event: 1.644 Executing VM operation: ICBufferFull
Event: 1.644 Executing VM operation: ICBufferFull done
Event: 1.679 Executing VM operation: HandshakeAllThreads
Event: 1.679 Executing VM operation: HandshakeAllThreads done

Events (20 events):
Event: 1.688 loading class jdk/internal/reflect/ClassFileAssembler
Event: 1.688 loading class jdk/internal/reflect/ClassFileAssembler done
Event: 1.688 loading class jdk/internal/reflect/UTF8
Event: 1.688 loading class jdk/internal/reflect/UTF8 done
Event: 1.689 loading class jdk/internal/reflect/Label
Event: 1.689 loading class jdk/internal/reflect/Label done
Event: 1.689 loading class jdk/internal/reflect/Label$PatchInfo
Event: 1.689 loading class jdk/internal/reflect/Label$PatchInfo done
Event: 1.690 loading class jdk/internal/reflect/MethodAccessorGenerator$1
Event: 1.690 loading class jdk/internal/reflect/MethodAccessorGenerator$1 done
Event: 1.690 loading class jdk/internal/reflect/ClassDefiner
Event: 1.690 loading class jdk/internal/reflect/ClassDefiner done
Event: 1.690 loading class jdk/internal/reflect/ClassDefiner$1
Event: 1.690 loading class jdk/internal/reflect/ClassDefiner$1 done
Event: 1.690 loading class jdk/internal/reflect/BootstrapConstructorAccessorImpl
Event: 1.690 loading class jdk/internal/reflect/BootstrapConstructorAccessorImpl done
Event: 1.697 loading class java/io/CharArrayReader
Event: 1.697 loading class java/io/CharArrayReader done
Event: 1.698 loading class java/lang/annotation/Repeatable
Event: 1.698 loading class java/lang/annotation/Repeatable done


Dynamic libraries:
0x00007ff6d8cf0000 - 0x00007ff6d8d00000 	C:\Program Files\Java\jdk-17\bin\java.exe
0x00007ffbf3ef0000 - 0x00007ffbf40e8000 	C:\Windows\SYSTEM32\ntdll.dll
0x00007ffbf2460000 - 0x00007ffbf251d000 	C:\Windows\System32\KERNEL32.DLL
0x00007ffbf1900000 - 0x00007ffbf1bf6000 	C:\Windows\System32\KERNELBASE.dll
0x00007ffbf1d50000 - 0x00007ffbf1e50000 	C:\Windows\System32\ucrtbase.dll
0x00007ffbe2730000 - 0x00007ffbe274b000 	C:\Program Files\Java\jdk-17\bin\VCRUNTIME140.dll
0x00007ffbe2710000 - 0x00007ffbe2729000 	C:\Program Files\Java\jdk-17\bin\jli.dll
0x00007ffbf3b30000 - 0x00007ffbf3be0000 	C:\Windows\System32\ADVAPI32.dll
0x00007ffbf2520000 - 0x00007ffbf25be000 	C:\Windows\System32\msvcrt.dll
0x00007ffbf2310000 - 0x00007ffbf23b0000 	C:\Windows\System32\sechost.dll
0x00007ffbf27a0000 - 0x00007ffbf28c3000 	C:\Windows\System32\RPCRT4.dll
0x00007ffbf1e50000 - 0x00007ffbf1e77000 	C:\Windows\System32\bcrypt.dll
0x00007ffbf3110000 - 0x00007ffbf32af000 	C:\Windows\System32\USER32.dll
0x00007ffbf1700000 - 0x00007ffbf1722000 	C:\Windows\System32\win32u.dll
0x00007ffbf3b00000 - 0x00007ffbf3b2b000 	C:\Windows\System32\GDI32.dll
0x00007ffbf17e0000 - 0x00007ffbf18f7000 	C:\Windows\System32\gdi32full.dll
0x00007ffbf1e80000 - 0x00007ffbf1f1d000 	C:\Windows\System32\msvcp_win.dll
0x00007ffbd29b0000 - 0x00007ffbd2c4a000 	C:\Windows\WinSxS\amd64_microsoft.windows.common-controls_6595b64144ccf1df_6.0.19041.3636_none_60b6a03d71f818d5\COMCTL32.dll
0x00007ffbea710000 - 0x00007ffbea71a000 	C:\Windows\SYSTEM32\VERSION.dll
0x00007ffbf25c0000 - 0x00007ffbf25f2000 	C:\Windows\System32\IMM32.DLL
0x00007ffbebc30000 - 0x00007ffbebc3c000 	C:\Program Files\Java\jdk-17\bin\vcruntime140_1.dll
0x00007ffbc1fd0000 - 0x00007ffbc205e000 	C:\Program Files\Java\jdk-17\bin\msvcp140.dll
0x00007ffb93ad0000 - 0x00007ffb946ae000 	C:\Program Files\Java\jdk-17\bin\server\jvm.dll
0x00007ffbf22a0000 - 0x00007ffbf22a8000 	C:\Windows\System32\PSAPI.DLL
0x00007ffbec010000 - 0x00007ffbec019000 	C:\Windows\SYSTEM32\WSOCK32.dll
0x00007ffbf30a0000 - 0x00007ffbf310b000 	C:\Windows\System32\WS2_32.dll
0x00007ffbd41e0000 - 0x00007ffbd4207000 	C:\Windows\SYSTEM32\WINMM.dll
0x00007ffbefd80000 - 0x00007ffbefd92000 	C:\Windows\SYSTEM32\kernel.appcore.dll
0x00007ffbe26e0000 - 0x00007ffbe26ea000 	C:\Program Files\Java\jdk-17\bin\jimage.dll
0x00007ffbe76d0000 - 0x00007ffbe78b4000 	C:\Windows\SYSTEM32\DBGHELP.DLL
0x00007ffbe7690000 - 0x00007ffbe76c4000 	C:\Windows\SYSTEM32\dbgcore.DLL
0x00007ffbf1cc0000 - 0x00007ffbf1d42000 	C:\Windows\System32\bcryptPrimitives.dll
0x00007ffbec020000 - 0x00007ffbec02e000 	C:\Program Files\Java\jdk-17\bin\instrument.dll
0x00007ffbe06e0000 - 0x00007ffbe0705000 	C:\Program Files\Java\jdk-17\bin\java.dll
0x00007ffbc11d0000 - 0x00007ffbc12a7000 	C:\Program Files\Java\jdk-17\bin\jsvml.dll
0x00007ffbf3390000 - 0x00007ffbf3afb000 	C:\Windows\System32\SHELL32.dll
0x00007ffbef5d0000 - 0x00007ffbefd6e000 	C:\Windows\SYSTEM32\windows.storage.dll
0x00007ffbf2d40000 - 0x00007ffbf3093000 	C:\Windows\System32\combase.dll
0x00007ffbf0ef0000 - 0x00007ffbf0f1e000 	C:\Windows\SYSTEM32\Wldp.dll
0x00007ffbf3dd0000 - 0x00007ffbf3e9d000 	C:\Windows\System32\OLEAUT32.dll
0x00007ffbf23b0000 - 0x00007ffbf245d000 	C:\Windows\System32\SHCORE.dll
0x00007ffbf22b0000 - 0x00007ffbf2305000 	C:\Windows\System32\shlwapi.dll
0x00007ffbf14d0000 - 0x00007ffbf14f3000 	C:\Windows\SYSTEM32\profapi.dll
0x00007ffbd0c80000 - 0x00007ffbd0c98000 	C:\Program Files\Java\jdk-17\bin\zip.dll
0x00007ffbd4060000 - 0x00007ffbd4079000 	C:\Program Files\Java\jdk-17\bin\net.dll
0x00007ffbe58e0000 - 0x00007ffbe59ea000 	C:\Windows\SYSTEM32\WINHTTP.dll
0x00007ffbf0cd0000 - 0x00007ffbf0d3a000 	C:\Windows\system32\mswsock.dll
0x00007ffbd1a60000 - 0x00007ffbd1a76000 	C:\Program Files\Java\jdk-17\bin\nio.dll
0x00007ffbe9b30000 - 0x00007ffbe9b4a000 	D:\IntelliJ IDEA Community Edition 2023.3.4\bin\breakgen64.dll

dbghelp: loaded successfully - version: 4.0.5 - missing functions: none
symbol engine: initialized successfully - sym options: 0x614 - pdb path: .;C:\Program Files\Java\jdk-17\bin;C:\Windows\SYSTEM32;C:\Windows\WinSxS\amd64_microsoft.windows.common-controls_6595b64144ccf1df_6.0.19041.3636_none_60b6a03d71f818d5;C:\Program Files\Java\jdk-17\bin\server;D:\IntelliJ IDEA Community Edition 2023.3.4\bin

VM Arguments:
jvm_args: -DMYSQL_USER=root -DMYSQL_PASSWORD=root -DMYSQL_PORT=3307 -javaagent:D:\IntelliJ IDEA Community Edition 2023.3.4\lib\idea_rt.jar=60078:D:\IntelliJ IDEA Community Edition 2023.3.4\bin -Dfile.encoding=UTF-8 
java_command: com.card.card.CardApplication
java_class_path (initial): C:\Users\client\Desktop\Nouveau dossier\card\target\classes;C:\Users\client\.m2\repository\org\springframework\boot\spring-boot-starter-data-jpa\3.2.5\spring-boot-starter-data-jpa-3.2.5.jar;C:\Users\client\.m2\repository\org\springframework\boot\spring-boot-starter-aop\3.2.5\spring-boot-starter-aop-3.2.5.jar;C:\Users\client\.m2\repository\org\springframework\spring-aop\6.1.6\spring-aop-6.1.6.jar;C:\Users\client\.m2\repository\org\aspectj\aspectjweaver\1.9.22\aspectjweaver-1.9.22.jar;C:\Users\client\.m2\repository\org\springframework\boot\spring-boot-starter-jdbc\3.2.5\spring-boot-starter-jdbc-3.2.5.jar;C:\Users\client\.m2\repository\com\zaxxer\HikariCP\5.0.1\HikariCP-5.0.1.jar;C:\Users\client\.m2\repository\org\springframework\spring-jdbc\6.1.6\spring-jdbc-6.1.6.jar;C:\Users\client\.m2\repository\org\hibernate\orm\hibernate-core\6.4.4.Final\hibernate-core-6.4.4.Final.jar;C:\Users\client\.m2\repository\jakarta\persistence\jakarta.persistence-api\3.1.0\jakarta.persistence-api-3.1.0.jar;C:\Users\client\.m2\repository\jakarta\transaction\jakarta.transaction-api\2.0.1\jakarta.transaction-api-2.0.1.jar;C:\Users\client\.m2\repository\org\jboss\logging\jboss-logging\3.5.3.Final\jboss-logging-3.5.3.Final.jar;C:\Users\client\.m2\repository\org\hibernate\common\hibernate-commons-annotations\6.0.6.Final\hibernate-commons-annotations-6.0.6.Final.jar;C:\Users\client\.m2\repository\io\smallrye\jandex\3.1.2\jandex-3.1.2.jar;C:\Users\client\.m2\repository\com\fasterxml\classmate\1.6.0\classmate-1.6.0.jar;C:\Users\client\.m2\repository\net\bytebuddy\byte-buddy\1.14.13\byte-buddy-1.14.13.jar;C:\Users\client\.m2\repository\org\glassfish\jaxb\jaxb-runtime\4.0.5\jaxb-runtime-4.0.5.jar;C:\Users\client\.m2\repository\org\glassfish\jaxb\jaxb-core\4.0.5\jaxb-core-4.0.5.jar;C:\Users\client\.m2\repository\org\eclipse\angus\angus-activation\2.0.2\angus-activation-2.0.2.jar;C:\Users\client\.m2\repository\org\glassfish\jaxb\txw2\4.0.5\txw2-4.0.5.jar;C:\Users\client\.m
Launcher Type: SUN_STANDARD

[Global flags]
     intx CICompilerCount                          = 3                                         {product} {ergonomic}
     uint ConcGCThreads                            = 1                                         {product} {ergonomic}
     uint G1ConcRefinementThreads                  = 4                                         {product} {ergonomic}
   size_t G1HeapRegionSize                         = 1048576                                   {product} {ergonomic}
    uintx GCDrainStackTargetSize                   = 64                                        {product} {ergonomic}
   size_t InitialHeapSize                          = 132120576                                 {product} {ergonomic}
   size_t MarkStackSize                            = 4194304                                   {product} {ergonomic}
   size_t MaxHeapSize                              = 2105540608                                {product} {ergonomic}
   size_t MaxNewSize                               = 1262485504                                {product} {ergonomic}
   size_t MinHeapDeltaBytes                        = 1048576                                   {product} {ergonomic}
   size_t MinHeapSize                              = 8388608                                   {product} {ergonomic}
    uintx NonNMethodCodeHeapSize                   = 5832780                                {pd product} {ergonomic}
    uintx NonProfiledCodeHeapSize                  = 122912730                              {pd product} {ergonomic}
    uintx ProfiledCodeHeapSize                     = 122912730                              {pd product} {ergonomic}
    uintx ReservedCodeCacheSize                    = 251658240                              {pd product} {ergonomic}
     bool SegmentedCodeCache                       = true                                      {product} {ergonomic}
   size_t SoftMaxHeapSize                          = 2105540608                             {manageable} {ergonomic}
     bool UseCompressedClassPointers               = true                           {product lp64_product} {ergonomic}
     bool UseCompressedOops                        = true                           {product lp64_product} {ergonomic}
     bool UseG1GC                                  = true                                      {product} {ergonomic}
     bool UseLargePagesIndividualAllocation        = false                                  {pd product} {ergonomic}

Logging:
Log output configuration:
 #0: stdout all=warning uptime,level,tags
 #1: stderr all=off uptime,level,tags

Environment Variables:
PATH=C:\Program Files\Common Files\Oracle\Java\javapath;C:\Windows\system32;C:\Windows;C:\Windows\System32\Wbem;C:\Windows\System32\WindowsPowerShell\v1.0\;C:\Windows\System32\OpenSSH\;C:\Program Files\Spyder\pkgs;C:\Program Files\Spyder\lib;C:\Program Files\Java\jdk-21\bin;C:\Program Files\Microsoft SQL Server\150\Tools\Binn\;D:\Program Files\Git\cmd;D:\Program Files\common;C:\Program Files\Docker\Docker\resources\bin;C:\Users\client\AppData\Local\Microsoft\WindowsApps;C:\Program Files\Spyder\pkgs;C:\Program Files\Spyder\lib;D:\Program Files\F_La_Tter\flutter_windows_3.13.9-stable\flutter\bin;D:\Program Files\PyCharm Community Edition 2022.3\bin;;C:\devoelopment\flutter\bin;D:\File_program\Microsoft VS Code\bin;C:\flutter;C:\flutter\bin;
USERNAME=client
OS=Windows_NT
PROCESSOR_IDENTIFIER=Intel64 Family 6 Model 78 Stepping 3, GenuineIntel



---------------  S Y S T E M  ---------------

OS:
 Windows 10 , 64 bit Build 19041 (10.0.19041.3636)
OS uptime: 0 days 2:56 hours
Hyper-V role detected

CPU: total 4 (initial active 4) (2 cores per cpu, 2 threads per core) family 6 model 78 stepping 3 microcode 0xcc, cx8, cmov, fxsr, ht, mmx, 3dnowpref, sse, sse2, sse3, ssse3, sse4.1, sse4.2, popcnt, lzcnt, tsc, tscinvbit, avx, avx2, aes, erms, clmul, bmi1, bmi2, rtm, adx, fma, vzeroupper, clflush, clflushopt, hv

Memory: 4k page, system-wide physical 8024M (899M free)
TotalPageFile size 12120M (AvailPageFile size 5M)
current process WorkingSet (physical memory assigned to process): 101M, peak: 101M
current process commit charge ("private bytes"): 233M, peak: 233M

vm_info: Java HotSpot(TM) 64-Bit Server VM (17.0.8+9-LTS-211) for windows-amd64 JRE (17.0.8+9-LTS-211), built on Jun 14 2023 10:34:31 by "mach5one" with MS VC++ 17.1 (VS2022)

END.
