#
# There is insufficient memory for the Java Runtime Environment to continue.
# Native memory allocation (malloc) failed to allocate 1010416 bytes for Chunk::new
# Possible reasons:
#   The system is out of physical RAM or swap space
#   The process is running with CompressedOops enabled, and the Java Heap may be blocking the growth of the native heap
# Possible solutions:
#   Reduce memory load on the system
#   Increase physical memory or swap space
#   Check if swap backing store is full
#   Decrease Java heap size (-Xmx/-Xms)
#   Decrease number of Java threads
#   Decrease Java thread stack sizes (-Xss)
#   Set larger code cache with -XX:ReservedCodeCacheSize=
#   JVM is running with Unscaled Compressed Oops mode in which the Java heap is
#     placed in the first 4GB address space. The Java Heap base address is the
#     maximum limit for the native heap growth. Please use -XX:HeapBaseMinAddress
#     to set the Java Heap base and to place the Java Heap above 4GB virtual address.
# This output file may be truncated or incomplete.
#
#  Out of Memory Error (arena.cpp:189), pid=7476, tid=1748
#
# JRE version: Java(TM) SE Runtime Environment (17.0.8+9) (build 17.0.8+9-LTS-211)
# Java VM: Java HotSpot(TM) 64-Bit Server VM (17.0.8+9-LTS-211, mixed mode, sharing, tiered, compressed oops, compressed class ptrs, g1 gc, windows-amd64)
# No core dump will be written. Minidumps are not enabled by default on client versions of Windows
#

---------------  S U M M A R Y ------------

Command Line: -DMYSQL_USER=root -DMYSQL_PASSWORD=root -DMYSQL_PORT=3307 -javaagent:D:\IntelliJ IDEA Community Edition 2023.3.4\lib\idea_rt.jar=60045:D:\IntelliJ IDEA Community Edition 2023.3.4\bin -Dfile.encoding=UTF-8 com.card.card.CardApplication

Host: Intel(R) Core(TM) i7-6600U CPU @ 2.60GHz, 4 cores, 7G,  Windows 10 , 64 bit Build 19041 (10.0.19041.3636)
Time: Sun May 12 12:54:34 2024 Europe de l , 64 bit Build 19041 (10.0.19041.3636) elapsed time: 3.560848 seconds (0d 0h 0m 3s)

---------------  T H R E A D  ---------------

Current thread (0x0000024cb6680450):  JavaThread "C2 CompilerThread0" daemon [_thread_in_native, id=1748, stack(0x0000009458b00000,0x0000009458c00000)]


Current CompileTask:
C2:   3560 2943       4       org.springframework.beans.factory.support.AbstractBeanFactory::isTypeMatch (745 bytes)

Stack: [0x0000009458b00000,0x0000009458c00000]
Native frames: (J=compiled Java code, j=interpreted, Vv=VM code, C=native code)
V  [jvm.dll+0x677d0a]
V  [jvm.dll+0x7d8c54]
V  [jvm.dll+0x7da3fe]
V  [jvm.dll+0x7daa63]
V  [jvm.dll+0x245c5f]
V  [jvm.dll+0xaaa6b]
V  [jvm.dll+0xab00c]
V  [jvm.dll+0x2ab5cf]
V  [jvm.dll+0x580435]
V  [jvm.dll+0x220b22]
V  [jvm.dll+0x219b0f]
V  [jvm.dll+0x217329]
V  [jvm.dll+0x1a3af0]
V  [jvm.dll+0x2270be]
V  [jvm.dll+0x22535b]
V  [jvm.dll+0x78e7bc]
V  [jvm.dll+0x788bba]
V  [jvm.dll+0x676b35]
C  [ucrtbase.dll+0x21bb2]
C  [KERNEL32.DLL+0x17344]
C  [ntdll.dll+0x526b1]


---------------  P R O C E S S  ---------------

Threads class SMR info:
_java_thread_list=0x0000024cfce8f090, length=14, elements={
0x0000024c98e767d0, 0x0000024cb6644a70, 0x0000024cb6645f90, 0x0000024cb6659fa0,
0x0000024cb665ae70, 0x0000024cb665dfe0, 0x0000024cb667e8b0, 0x0000024cb6680450,
0x0000024cb6684ec0, 0x0000024cb681b410, 0x0000024cb68b4040, 0x0000024cb6a4f430,
0x0000024cb6a948e0, 0x0000024cb6a94db0
}

Java Threads: ( => current thread )
  0x0000024c98e767d0 JavaThread "main" [_thread_in_vm, id=1740, stack(0x0000009457e00000,0x0000009457f00000)]
  0x0000024cb6644a70 JavaThread "Reference Handler" daemon [_thread_blocked, id=8336, stack(0x0000009458500000,0x0000009458600000)]
  0x0000024cb6645f90 JavaThread "Finalizer" daemon [_thread_blocked, id=4992, stack(0x0000009458600000,0x0000009458700000)]
  0x0000024cb6659fa0 JavaThread "Signal Dispatcher" daemon [_thread_blocked, id=2448, stack(0x0000009458700000,0x0000009458800000)]
  0x0000024cb665ae70 JavaThread "Attach Listener" daemon [_thread_blocked, id=7776, stack(0x0000009458800000,0x0000009458900000)]
  0x0000024cb665dfe0 JavaThread "Service Thread" daemon [_thread_blocked, id=10076, stack(0x0000009458900000,0x0000009458a00000)]
  0x0000024cb667e8b0 JavaThread "Monitor Deflation Thread" daemon [_thread_blocked, id=12544, stack(0x0000009458a00000,0x0000009458b00000)]
=>0x0000024cb6680450 JavaThread "C2 CompilerThread0" daemon [_thread_in_native, id=1748, stack(0x0000009458b00000,0x0000009458c00000)]
  0x0000024cb6684ec0 JavaThread "C1 CompilerThread0" daemon [_thread_blocked, id=11468, stack(0x0000009458c00000,0x0000009458d00000)]
  0x0000024cb681b410 JavaThread "Sweeper thread" daemon [_thread_blocked, id=3148, stack(0x0000009458d00000,0x0000009458e00000)]
  0x0000024cb68b4040 JavaThread "Common-Cleaner" daemon [_thread_blocked, id=9208, stack(0x0000009458e00000,0x0000009458f00000)]
  0x0000024cb6a4f430 JavaThread "C2 CompilerThread1" daemon [_thread_in_native, id=772, stack(0x0000009458f00000,0x0000009459000000)]
  0x0000024cb6a948e0 JavaThread "Monitor Ctrl-Break" daemon [_thread_in_native, id=5460, stack(0x0000009459000000,0x0000009459100000)]
  0x0000024cb6a94db0 JavaThread "Notification Thread" daemon [_thread_blocked, id=4504, stack(0x0000009459100000,0x0000009459200000)]

Other Threads:
  0x0000024cb663ef00 VMThread "VM Thread" [stack: 0x0000009458400000,0x0000009458500000] [id=11496]
  0x0000024cb6bb2d60 WatcherThread [stack: 0x0000009459200000,0x0000009459300000] [id=1420]
  0x0000024c98ecef50 GCTaskThread "GC Thread#0" [stack: 0x0000009457f00000,0x0000009458000000] [id=10660]
  0x0000024cfc36bf40 GCTaskThread "GC Thread#1" [stack: 0x0000009459300000,0x0000009459400000] [id=11644]
  0x0000024cfc7fc430 GCTaskThread "GC Thread#2" [stack: 0x0000009459400000,0x0000009459500000] [id=8396]
  0x0000024cfc4e6780 GCTaskThread "GC Thread#3" [stack: 0x0000009459500000,0x0000009459600000] [id=6076]
  0x0000024c98edf8a0 ConcurrentGCThread "G1 Main Marker" [stack: 0x0000009458000000,0x0000009458100000] [id=7836]
  0x0000024c98ee11d0 ConcurrentGCThread "G1 Conc#0" [stack: 0x0000009458100000,0x0000009458200000] [id=10264]
  0x0000024c98f35c00 ConcurrentGCThread "G1 Refine#0" [stack: 0x0000009458200000,0x0000009458300000] [id=12472]
  0x0000024cb65006f0 ConcurrentGCThread "G1 Service" [stack: 0x0000009458300000,0x0000009458400000] [id=10628]

Threads with active compile tasks:
C2 CompilerThread0     3609 2943       4       org.springframework.beans.factory.support.AbstractBeanFactory::isTypeMatch (745 bytes)
C2 CompilerThread1     3609 3031       4       org.springframework.core.ResolvableType$1::isAssignableFrom (24 bytes)

VM state: not at safepoint (normal execution)

VM Mutex/Monitor currently owned by a thread: None

Heap address: 0x0000000082800000, size: 2008 MB, Compressed Oops mode: 32-bit

CDS archive(s) mapped at: [0x0000024cb7000000-0x0000024cb7bd0000-0x0000024cb7bd0000), size 12386304, SharedBaseAddress: 0x0000024cb7000000, ArchiveRelocationMode: 1.
Compressed class space mapped at: 0x0000024cb8000000-0x0000024cf8000000, reserved size: 1073741824
Narrow klass base: 0x0000024cb7000000, Narrow klass shift: 0, Narrow klass range: 0x100000000

GC Precious Log:
 CPUs: 4 total, 4 available
 Memory: 8024M
 Large Page Support: Disabled
 NUMA Support: Disabled
 Compressed Oops: Enabled (32-bit)
 Heap Region Size: 1M
 Heap Min Capacity: 8M
 Heap Initial Capacity: 126M
 Heap Max Capacity: 2008M
 Pre-touch: Disabled
 Parallel Workers: 4
 Concurrent Workers: 1
 Concurrent Refinement Workers: 4
 Periodic GC: Disabled

Heap:
 garbage-first heap   total 129024K, used 64258K [0x0000000082800000, 0x0000000100000000)
  region size 1024K, 57 young (58368K), 3 survivors (3072K)
 Metaspace       used 21061K, committed 21312K, reserved 1114112K
  class space    used 2611K, committed 2752K, reserved 1048576K

Heap Regions: E=young(eden), S=young(survivor), O=old, HS=humongous(starts), HC=humongous(continues), CS=collection set, F=free, OA=open archive, CA=closed archive, TAMS=top-at-mark-start (previous, next)
|   0|0x0000000082800000, 0x0000000082900000, 0x0000000082900000|100%|HS|  |TAMS 0x0000000082800000, 0x0000000082800000| Complete 
|   1|0x0000000082900000, 0x0000000082a00000, 0x0000000082a00000|100%| O|  |TAMS 0x0000000082900000, 0x0000000082900000| Untracked 
|   2|0x0000000082a00000, 0x0000000082b00000, 0x0000000082b00000|100%| O|  |TAMS 0x0000000082a00000, 0x0000000082a00000| Untracked 
|   3|0x0000000082b00000, 0x0000000082c00000, 0x0000000082c00000|100%| O|  |TAMS 0x0000000082b00000, 0x0000000082b00000| Untracked 
|   4|0x0000000082c00000, 0x0000000082d00000, 0x0000000082d00000|100%| O|  |TAMS 0x0000000082c00000, 0x0000000082c00000| Untracked 
|   5|0x0000000082d00000, 0x0000000082e00000, 0x0000000082e00000|100%| O|  |TAMS 0x0000000082d00000, 0x0000000082d00000| Untracked 
|   6|0x0000000082e00000, 0x0000000082ec2200, 0x0000000082f00000| 75%| O|  |TAMS 0x0000000082e00000, 0x0000000082e00000| Untracked 
|   7|0x0000000082f00000, 0x0000000082f00000, 0x0000000083000000|  0%| F|  |TAMS 0x0000000082f00000, 0x0000000082f00000| Untracked 
|   8|0x0000000083000000, 0x0000000083000000, 0x0000000083100000|  0%| F|  |TAMS 0x0000000083000000, 0x0000000083000000| Untracked 
|   9|0x0000000083100000, 0x0000000083100000, 0x0000000083200000|  0%| F|  |TAMS 0x0000000083100000, 0x0000000083100000| Untracked 
|  10|0x0000000083200000, 0x0000000083200000, 0x0000000083300000|  0%| F|  |TAMS 0x0000000083200000, 0x0000000083200000| Untracked 
|  11|0x0000000083300000, 0x0000000083300000, 0x0000000083400000|  0%| F|  |TAMS 0x0000000083300000, 0x0000000083300000| Untracked 
|  12|0x0000000083400000, 0x0000000083400000, 0x0000000083500000|  0%| F|  |TAMS 0x0000000083400000, 0x0000000083400000| Untracked 
|  13|0x0000000083500000, 0x0000000083500000, 0x0000000083600000|  0%| F|  |TAMS 0x0000000083500000, 0x0000000083500000| Untracked 
|  14|0x0000000083600000, 0x0000000083600000, 0x0000000083700000|  0%| F|  |TAMS 0x0000000083600000, 0x0000000083600000| Untracked 
|  15|0x0000000083700000, 0x0000000083700000, 0x0000000083800000|  0%| F|  |TAMS 0x0000000083700000, 0x0000000083700000| Untracked 
|  16|0x0000000083800000, 0x0000000083800000, 0x0000000083900000|  0%| F|  |TAMS 0x0000000083800000, 0x0000000083800000| Untracked 
|  17|0x0000000083900000, 0x0000000083900000, 0x0000000083a00000|  0%| F|  |TAMS 0x0000000083900000, 0x0000000083900000| Untracked 
|  18|0x0000000083a00000, 0x0000000083a00000, 0x0000000083b00000|  0%| F|  |TAMS 0x0000000083a00000, 0x0000000083a00000| Untracked 
|  19|0x0000000083b00000, 0x0000000083b00000, 0x0000000083c00000|  0%| F|  |TAMS 0x0000000083b00000, 0x0000000083b00000| Untracked 
|  20|0x0000000083c00000, 0x0000000083c00000, 0x0000000083d00000|  0%| F|  |TAMS 0x0000000083c00000, 0x0000000083c00000| Untracked 
|  21|0x0000000083d00000, 0x0000000083d00000, 0x0000000083e00000|  0%| F|  |TAMS 0x0000000083d00000, 0x0000000083d00000| Untracked 
|  22|0x0000000083e00000, 0x0000000083e00000, 0x0000000083f00000|  0%| F|  |TAMS 0x0000000083e00000, 0x0000000083e00000| Untracked 
|  23|0x0000000083f00000, 0x0000000083f00000, 0x0000000084000000|  0%| F|  |TAMS 0x0000000083f00000, 0x0000000083f00000| Untracked 
|  24|0x0000000084000000, 0x0000000084000000, 0x0000000084100000|  0%| F|  |TAMS 0x0000000084000000, 0x0000000084000000| Untracked 
|  25|0x0000000084100000, 0x0000000084100000, 0x0000000084200000|  0%| F|  |TAMS 0x0000000084100000, 0x0000000084100000| Untracked 
|  26|0x0000000084200000, 0x0000000084200000, 0x0000000084300000|  0%| F|  |TAMS 0x0000000084200000, 0x0000000084200000| Untracked 
|  27|0x0000000084300000, 0x0000000084300000, 0x0000000084400000|  0%| F|  |TAMS 0x0000000084300000, 0x0000000084300000| Untracked 
|  28|0x0000000084400000, 0x0000000084400000, 0x0000000084500000|  0%| F|  |TAMS 0x0000000084400000, 0x0000000084400000| Untracked 
|  29|0x0000000084500000, 0x0000000084500000, 0x0000000084600000|  0%| F|  |TAMS 0x0000000084500000, 0x0000000084500000| Untracked 
|  30|0x0000000084600000, 0x0000000084600000, 0x0000000084700000|  0%| F|  |TAMS 0x0000000084600000, 0x0000000084600000| Untracked 
|  31|0x0000000084700000, 0x0000000084700000, 0x0000000084800000|  0%| F|  |TAMS 0x0000000084700000, 0x0000000084700000| Untracked 
|  32|0x0000000084800000, 0x0000000084800000, 0x0000000084900000|  0%| F|  |TAMS 0x0000000084800000, 0x0000000084800000| Untracked 
|  33|0x0000000084900000, 0x0000000084900000, 0x0000000084a00000|  0%| F|  |TAMS 0x0000000084900000, 0x0000000084900000| Untracked 
|  34|0x0000000084a00000, 0x0000000084a00000, 0x0000000084b00000|  0%| F|  |TAMS 0x0000000084a00000, 0x0000000084a00000| Untracked 
|  35|0x0000000084b00000, 0x0000000084b00000, 0x0000000084c00000|  0%| F|  |TAMS 0x0000000084b00000, 0x0000000084b00000| Untracked 
|  36|0x0000000084c00000, 0x0000000084c00000, 0x0000000084d00000|  0%| F|  |TAMS 0x0000000084c00000, 0x0000000084c00000| Untracked 
|  37|0x0000000084d00000, 0x0000000084d00000, 0x0000000084e00000|  0%| F|  |TAMS 0x0000000084d00000, 0x0000000084d00000| Untracked 
|  38|0x0000000084e00000, 0x0000000084e00000, 0x0000000084f00000|  0%| F|  |TAMS 0x0000000084e00000, 0x0000000084e00000| Untracked 
|  39|0x0000000084f00000, 0x0000000084f00000, 0x0000000085000000|  0%| F|  |TAMS 0x0000000084f00000, 0x0000000084f00000| Untracked 
|  40|0x0000000085000000, 0x0000000085000000, 0x0000000085100000|  0%| F|  |TAMS 0x0000000085000000, 0x0000000085000000| Untracked 
|  41|0x0000000085100000, 0x0000000085100000, 0x0000000085200000|  0%| F|  |TAMS 0x0000000085100000, 0x0000000085100000| Untracked 
|  42|0x0000000085200000, 0x0000000085200000, 0x0000000085300000|  0%| F|  |TAMS 0x0000000085200000, 0x0000000085200000| Untracked 
|  43|0x0000000085300000, 0x0000000085300000, 0x0000000085400000|  0%| F|  |TAMS 0x0000000085300000, 0x0000000085300000| Untracked 
|  44|0x0000000085400000, 0x0000000085400000, 0x0000000085500000|  0%| F|  |TAMS 0x0000000085400000, 0x0000000085400000| Untracked 
|  45|0x0000000085500000, 0x0000000085500000, 0x0000000085600000|  0%| F|  |TAMS 0x0000000085500000, 0x0000000085500000| Untracked 
|  46|0x0000000085600000, 0x0000000085600000, 0x0000000085700000|  0%| F|  |TAMS 0x0000000085600000, 0x0000000085600000| Untracked 
|  47|0x0000000085700000, 0x0000000085700000, 0x0000000085800000|  0%| F|  |TAMS 0x0000000085700000, 0x0000000085700000| Untracked 
|  48|0x0000000085800000, 0x0000000085800000, 0x0000000085900000|  0%| F|  |TAMS 0x0000000085800000, 0x0000000085800000| Untracked 
|  49|0x0000000085900000, 0x0000000085900000, 0x0000000085a00000|  0%| F|  |TAMS 0x0000000085900000, 0x0000000085900000| Untracked 
|  50|0x0000000085a00000, 0x0000000085a00000, 0x0000000085b00000|  0%| F|  |TAMS 0x0000000085a00000, 0x0000000085a00000| Untracked 
|  51|0x0000000085b00000, 0x0000000085b00000, 0x0000000085c00000|  0%| F|  |TAMS 0x0000000085b00000, 0x0000000085b00000| Untracked 
|  52|0x0000000085c00000, 0x0000000085c00000, 0x0000000085d00000|  0%| F|  |TAMS 0x0000000085c00000, 0x0000000085c00000| Untracked 
|  53|0x0000000085d00000, 0x0000000085d00000, 0x0000000085e00000|  0%| F|  |TAMS 0x0000000085d00000, 0x0000000085d00000| Untracked 
|  54|0x0000000085e00000, 0x0000000085e00000, 0x0000000085f00000|  0%| F|  |TAMS 0x0000000085e00000, 0x0000000085e00000| Untracked 
|  55|0x0000000085f00000, 0x0000000085f00000, 0x0000000086000000|  0%| F|  |TAMS 0x0000000085f00000, 0x0000000085f00000| Untracked 
|  56|0x0000000086000000, 0x0000000086000000, 0x0000000086100000|  0%| F|  |TAMS 0x0000000086000000, 0x0000000086000000| Untracked 
|  57|0x0000000086100000, 0x0000000086100000, 0x0000000086200000|  0%| F|  |TAMS 0x0000000086100000, 0x0000000086100000| Untracked 
|  58|0x0000000086200000, 0x0000000086200000, 0x0000000086300000|  0%| F|  |TAMS 0x0000000086200000, 0x0000000086200000| Untracked 
|  59|0x0000000086300000, 0x0000000086300000, 0x0000000086400000|  0%| F|  |TAMS 0x0000000086300000, 0x0000000086300000| Untracked 
|  60|0x0000000086400000, 0x0000000086400000, 0x0000000086500000|  0%| F|  |TAMS 0x0000000086400000, 0x0000000086400000| Untracked 
|  61|0x0000000086500000, 0x0000000086500000, 0x0000000086600000|  0%| F|  |TAMS 0x0000000086500000, 0x0000000086500000| Untracked 
|  62|0x0000000086600000, 0x0000000086600000, 0x0000000086700000|  0%| F|  |TAMS 0x0000000086600000, 0x0000000086600000| Untracked 
|  63|0x0000000086700000, 0x0000000086700000, 0x0000000086800000|  0%| F|  |TAMS 0x0000000086700000, 0x0000000086700000| Untracked 
|  64|0x0000000086800000, 0x0000000086800000, 0x0000000086900000|  0%| F|  |TAMS 0x0000000086800000, 0x0000000086800000| Untracked 
|  65|0x0000000086900000, 0x0000000086900000, 0x0000000086a00000|  0%| F|  |TAMS 0x0000000086900000, 0x0000000086900000| Untracked 
|  66|0x0000000086a00000, 0x0000000086a00000, 0x0000000086b00000|  0%| F|  |TAMS 0x0000000086a00000, 0x0000000086a00000| Untracked 
|  67|0x0000000086b00000, 0x0000000086b00000, 0x0000000086c00000|  0%| F|  |TAMS 0x0000000086b00000, 0x0000000086b00000| Untracked 
|  68|0x0000000086c00000, 0x0000000086c00000, 0x0000000086d00000|  0%| F|  |TAMS 0x0000000086c00000, 0x0000000086c00000| Untracked 
|  69|0x0000000086d00000, 0x0000000086e00000, 0x0000000086e00000|100%| E|CS|TAMS 0x0000000086d00000, 0x0000000086d00000| Complete 
|  70|0x0000000086e00000, 0x0000000086f00000, 0x0000000086f00000|100%| E|CS|TAMS 0x0000000086e00000, 0x0000000086e00000| Complete 
|  71|0x0000000086f00000, 0x0000000087000000, 0x0000000087000000|100%| E|CS|TAMS 0x0000000086f00000, 0x0000000086f00000| Complete 
|  72|0x0000000087000000, 0x0000000087100000, 0x0000000087100000|100%| E|CS|TAMS 0x0000000087000000, 0x0000000087000000| Complete 
|  73|0x0000000087100000, 0x0000000087200000, 0x0000000087200000|100%| E|CS|TAMS 0x0000000087100000, 0x0000000087100000| Complete 
|  74|0x0000000087200000, 0x0000000087300000, 0x0000000087300000|100%| E|CS|TAMS 0x0000000087200000, 0x0000000087200000| Complete 
|  75|0x0000000087300000, 0x0000000087400000, 0x0000000087400000|100%| E|CS|TAMS 0x0000000087300000, 0x0000000087300000| Complete 
|  76|0x0000000087400000, 0x0000000087500000, 0x0000000087500000|100%| E|CS|TAMS 0x0000000087400000, 0x0000000087400000| Complete 
|  77|0x0000000087500000, 0x0000000087600000, 0x0000000087600000|100%| E|CS|TAMS 0x0000000087500000, 0x0000000087500000| Complete 
|  78|0x0000000087600000, 0x0000000087700000, 0x0000000087700000|100%| E|CS|TAMS 0x0000000087600000, 0x0000000087600000| Complete 
|  79|0x0000000087700000, 0x0000000087800000, 0x0000000087800000|100%| E|CS|TAMS 0x0000000087700000, 0x0000000087700000| Complete 
|  80|0x0000000087800000, 0x0000000087900000, 0x0000000087900000|100%| E|CS|TAMS 0x0000000087800000, 0x0000000087800000| Complete 
|  81|0x0000000087900000, 0x0000000087a00000, 0x0000000087a00000|100%| E|CS|TAMS 0x0000000087900000, 0x0000000087900000| Complete 
|  82|0x0000000087a00000, 0x0000000087b00000, 0x0000000087b00000|100%| E|CS|TAMS 0x0000000087a00000, 0x0000000087a00000| Complete 
|  83|0x0000000087b00000, 0x0000000087c00000, 0x0000000087c00000|100%| E|CS|TAMS 0x0000000087b00000, 0x0000000087b00000| Complete 
|  84|0x0000000087c00000, 0x0000000087d00000, 0x0000000087d00000|100%| E|CS|TAMS 0x0000000087c00000, 0x0000000087c00000| Complete 
|  85|0x0000000087d00000, 0x0000000087e00000, 0x0000000087e00000|100%| E|CS|TAMS 0x0000000087d00000, 0x0000000087d00000| Complete 
|  86|0x0000000087e00000, 0x0000000087f00000, 0x0000000087f00000|100%| E|CS|TAMS 0x0000000087e00000, 0x0000000087e00000| Complete 
|  87|0x0000000087f00000, 0x0000000088000000, 0x0000000088000000|100%| E|CS|TAMS 0x0000000087f00000, 0x0000000087f00000| Complete 
|  88|0x0000000088000000, 0x0000000088100000, 0x0000000088100000|100%| E|CS|TAMS 0x0000000088000000, 0x0000000088000000| Complete 
|  89|0x0000000088100000, 0x0000000088200000, 0x0000000088200000|100%| E|CS|TAMS 0x0000000088100000, 0x0000000088100000| Complete 
|  90|0x0000000088200000, 0x0000000088300000, 0x0000000088300000|100%| E|CS|TAMS 0x0000000088200000, 0x0000000088200000| Complete 
|  91|0x0000000088300000, 0x0000000088400000, 0x0000000088400000|100%| E|CS|TAMS 0x0000000088300000, 0x0000000088300000| Complete 
|  92|0x0000000088400000, 0x0000000088500000, 0x0000000088500000|100%| E|CS|TAMS 0x0000000088400000, 0x0000000088400000| Complete 
|  93|0x0000000088500000, 0x0000000088600000, 0x0000000088600000|100%| E|CS|TAMS 0x0000000088500000, 0x0000000088500000| Complete 
|  94|0x0000000088600000, 0x0000000088700000, 0x0000000088700000|100%| E|CS|TAMS 0x0000000088600000, 0x0000000088600000| Complete 
|  95|0x0000000088700000, 0x0000000088800000, 0x0000000088800000|100%| E|CS|TAMS 0x0000000088700000, 0x0000000088700000| Complete 
|  96|0x0000000088800000, 0x0000000088900000, 0x0000000088900000|100%| E|CS|TAMS 0x0000000088800000, 0x0000000088800000| Complete 
|  97|0x0000000088900000, 0x0000000088a00000, 0x0000000088a00000|100%| E|CS|TAMS 0x0000000088900000, 0x0000000088900000| Complete 
|  98|0x0000000088a00000, 0x0000000088afe838, 0x0000000088b00000| 99%| S|CS|TAMS 0x0000000088a00000, 0x0000000088a00000| Complete 
|  99|0x0000000088b00000, 0x0000000088c00000, 0x0000000088c00000|100%| S|CS|TAMS 0x0000000088b00000, 0x0000000088b00000| Complete 
| 100|0x0000000088c00000, 0x0000000088d00000, 0x0000000088d00000|100%| S|CS|TAMS 0x0000000088c00000, 0x0000000088c00000| Complete 
| 101|0x0000000088d00000, 0x0000000088e00000, 0x0000000088e00000|100%| E|CS|TAMS 0x0000000088d00000, 0x0000000088d00000| Complete 
| 102|0x0000000088e00000, 0x0000000088f00000, 0x0000000088f00000|100%| E|CS|TAMS 0x0000000088e00000, 0x0000000088e00000| Complete 
| 103|0x0000000088f00000, 0x0000000089000000, 0x0000000089000000|100%| E|CS|TAMS 0x0000000088f00000, 0x0000000088f00000| Complete 
| 104|0x0000000089000000, 0x0000000089100000, 0x0000000089100000|100%| E|CS|TAMS 0x0000000089000000, 0x0000000089000000| Complete 
| 105|0x0000000089100000, 0x0000000089200000, 0x0000000089200000|100%| E|CS|TAMS 0x0000000089100000, 0x0000000089100000| Complete 
| 106|0x0000000089200000, 0x0000000089300000, 0x0000000089300000|100%| E|CS|TAMS 0x0000000089200000, 0x0000000089200000| Complete 
| 107|0x0000000089300000, 0x0000000089400000, 0x0000000089400000|100%| E|CS|TAMS 0x0000000089300000, 0x0000000089300000| Complete 
| 108|0x0000000089400000, 0x0000000089500000, 0x0000000089500000|100%| E|CS|TAMS 0x0000000089400000, 0x0000000089400000| Complete 
| 109|0x0000000089500000, 0x0000000089600000, 0x0000000089600000|100%| E|CS|TAMS 0x0000000089500000, 0x0000000089500000| Complete 
| 110|0x0000000089600000, 0x0000000089700000, 0x0000000089700000|100%| E|CS|TAMS 0x0000000089600000, 0x0000000089600000| Complete 
| 111|0x0000000089700000, 0x0000000089800000, 0x0000000089800000|100%| E|CS|TAMS 0x0000000089700000, 0x0000000089700000| Complete 
| 112|0x0000000089800000, 0x0000000089900000, 0x0000000089900000|100%| E|CS|TAMS 0x0000000089800000, 0x0000000089800000| Complete 
| 113|0x0000000089900000, 0x0000000089a00000, 0x0000000089a00000|100%| E|CS|TAMS 0x0000000089900000, 0x0000000089900000| Complete 
| 114|0x0000000089a00000, 0x0000000089b00000, 0x0000000089b00000|100%| E|CS|TAMS 0x0000000089a00000, 0x0000000089a00000| Complete 
| 115|0x0000000089b00000, 0x0000000089c00000, 0x0000000089c00000|100%| E|CS|TAMS 0x0000000089b00000, 0x0000000089b00000| Complete 
| 116|0x0000000089c00000, 0x0000000089d00000, 0x0000000089d00000|100%| E|CS|TAMS 0x0000000089c00000, 0x0000000089c00000| Complete 
| 117|0x0000000089d00000, 0x0000000089e00000, 0x0000000089e00000|100%| E|CS|TAMS 0x0000000089d00000, 0x0000000089d00000| Complete 
| 118|0x0000000089e00000, 0x0000000089f00000, 0x0000000089f00000|100%| E|CS|TAMS 0x0000000089e00000, 0x0000000089e00000| Complete 
| 119|0x0000000089f00000, 0x000000008a000000, 0x000000008a000000|100%| E|CS|TAMS 0x0000000089f00000, 0x0000000089f00000| Complete 
| 120|0x000000008a000000, 0x000000008a100000, 0x000000008a100000|100%| E|CS|TAMS 0x000000008a000000, 0x000000008a000000| Complete 
| 121|0x000000008a100000, 0x000000008a200000, 0x000000008a200000|100%| E|CS|TAMS 0x000000008a100000, 0x000000008a100000| Complete 
| 122|0x000000008a200000, 0x000000008a300000, 0x000000008a300000|100%| E|CS|TAMS 0x000000008a200000, 0x000000008a200000| Complete 
| 123|0x000000008a300000, 0x000000008a400000, 0x000000008a400000|100%| E|CS|TAMS 0x000000008a300000, 0x000000008a300000| Complete 
| 124|0x000000008a400000, 0x000000008a500000, 0x000000008a500000|100%| E|CS|TAMS 0x000000008a400000, 0x000000008a400000| Complete 
| 125|0x000000008a500000, 0x000000008a600000, 0x000000008a600000|100%| E|CS|TAMS 0x000000008a500000, 0x000000008a500000| Complete 

Card table byte_map: [0x0000024cafb00000,0x0000024cafef0000] _byte_map_base: 0x0000024caf6ec000

Marking Bits (Prev, Next): (CMBitMap*) 0x0000024c98ecf470, (CMBitMap*) 0x0000024c98ecf4b0
 Prev Bits: [0x0000024cb02e0000, 0x0000024cb2240000)
 Next Bits: [0x0000024cb2240000, 0x0000024cb41a0000)

Polling page: 0x0000024c96e00000

Metaspace:

Usage:
  Non-class:     18.03 MB used.
      Class:      2.55 MB used.
       Both:     20.58 MB used.

Virtual space:
  Non-class space:       64.00 MB reserved,      18.12 MB ( 28%) committed,  1 nodes.
      Class space:        1.00 GB reserved,       2.69 MB ( <1%) committed,  1 nodes.
             Both:        1.06 GB reserved,      20.81 MB (  2%) committed. 

Chunk freelists:
   Non-Class:  13.56 MB
       Class:  13.34 MB
        Both:  26.91 MB

MaxMetaspaceSize: unlimited
CompressedClassSpaceSize: 1.00 GB
Initial GC threshold: 21.00 MB
Current GC threshold: 21.00 MB
CDS: on
MetaspaceReclaimPolicy: balanced
 - commit_granule_bytes: 65536.
 - commit_granule_words: 8192.
 - virtual_space_node_default_size: 8388608.
 - enlarge_chunks_in_place: 1.
 - new_chunks_are_fully_committed: 0.
 - uncommit_free_chunks: 1.
 - use_allocation_guard: 0.
 - handle_deallocations: 1.


Internal statistics:

num_allocs_failed_limit: 0.
num_arena_births: 252.
num_arena_deaths: 0.
num_vsnodes_births: 2.
num_vsnodes_deaths: 0.
num_space_committed: 333.
num_space_uncommitted: 0.
num_chunks_returned_to_freelist: 0.
num_chunks_taken_from_freelist: 974.
num_chunk_merges: 0.
num_chunk_splits: 677.
num_chunks_enlarged: 535.
num_purges: 0.
num_inconsistent_stats: 0.

CodeHeap 'non-profiled nmethods': size=120000Kb used=1334Kb max_used=1334Kb free=118666Kb
 bounds [0x0000024ca81e0000, 0x0000024ca8450000, 0x0000024caf710000]
CodeHeap 'profiled nmethods': size=120000Kb used=6532Kb max_used=6532Kb free=113467Kb
 bounds [0x0000024ca0710000, 0x0000024ca0d80000, 0x0000024ca7c40000]
CodeHeap 'non-nmethods': size=5760Kb used=1202Kb max_used=1275Kb free=4557Kb
 bounds [0x0000024ca7c40000, 0x0000024ca7eb0000, 0x0000024ca81e0000]
 total_blobs=3536 nmethods=3035 adapters=413
 compilation: enabled
              stopped_count=0, restarted_count=0
 full_count=0

Compilation events (20 events):
Event: 3.533 Thread 0x0000024cb6684ec0 3004       3       java.util.Collections$SingletonList::hashCode (11 bytes)
Event: 3.533 Thread 0x0000024cb6684ec0 nmethod 3004 0x0000024ca0d5b890 code [0x0000024ca0d5ba40, 0x0000024ca0d5bcc8]
Event: 3.535 Thread 0x0000024cb6684ec0 3005       3       java.util.Arrays::sort (47 bytes)
Event: 3.535 Thread 0x0000024cb6684ec0 nmethod 3005 0x0000024ca0d5bd90 code [0x0000024ca0d5bf60, 0x0000024ca0d5c1a8]
Event: 3.540 Thread 0x0000024cb6684ec0 3006       3       java.util.ArrayDeque::push (6 bytes)
Event: 3.540 Thread 0x0000024cb6684ec0 nmethod 3006 0x0000024ca0d5c290 code [0x0000024ca0d5c420, 0x0000024ca0d5c5e8]
Event: 3.540 Thread 0x0000024cb6684ec0 3007       3       org.springframework.boot.autoconfigure.condition.ConditionOutcome::match (10 bytes)
Event: 3.540 Thread 0x0000024cb6684ec0 nmethod 3007 0x0000024ca0d5c690 code [0x0000024ca0d5c860, 0x0000024ca0d5cc48]
Event: 3.553 Thread 0x0000024cb6684ec0 3009       3       org.springframework.boot.autoconfigure.condition.ConditionEvaluationReport$ConditionAndOutcome::<init> (15 bytes)
Event: 3.553 Thread 0x0000024cb6684ec0 nmethod 3009 0x0000024ca0d5ce10 code [0x0000024ca0d5cfc0, 0x0000024ca0d5d1d8]
Event: 3.553 Thread 0x0000024cb6684ec0 3010       3       org.springframework.boot.autoconfigure.condition.ConditionEvaluationReport$ConditionAndOutcome::hashCode (22 bytes)
Event: 3.553 Thread 0x0000024cb6684ec0 nmethod 3010 0x0000024ca0d5d290 code [0x0000024ca0d5d460, 0x0000024ca0d5d7f8]
Event: 3.553 Thread 0x0000024cb6684ec0 3011       3       org.springframework.boot.autoconfigure.condition.ConditionMessage::hashCode (8 bytes)
Event: 3.553 Thread 0x0000024cb6684ec0 nmethod 3011 0x0000024ca0d5d990 code [0x0000024ca0d5db20, 0x0000024ca0d5dc68]
Event: 3.556 Thread 0x0000024cb6684ec0 3012       3       java.util.LinkedHashMap$LinkedKeySet::size (8 bytes)
Event: 3.556 Thread 0x0000024cb6684ec0 nmethod 3012 0x0000024ca0d5dd10 code [0x0000024ca0d5dea0, 0x0000024ca0d5dfb8]
Event: 3.556 Thread 0x0000024cb6684ec0 3013       1       org.springframework.beans.factory.support.AbstractBeanFactory::getTempClassLoader (5 bytes)
Event: 3.557 Thread 0x0000024cb6684ec0 nmethod 3013 0x0000024ca8325690 code [0x0000024ca8325820, 0x0000024ca83258f8]
Event: 3.558 Thread 0x0000024cb6684ec0 3014       1       org.springframework.context.annotation.ConfigurationMethod::getConfigurationClass (5 bytes)
Event: 3.558 Thread 0x0000024cb6684ec0 nmethod 3014 0x0000024ca8325990 code [0x0000024ca8325b20, 0x0000024ca8325bf8]

GC Heap History (6 events):
Event: 0.771 GC heap before
{Heap before GC invocations=0 (full 0):
 garbage-first heap   total 129024K, used 13312K [0x0000000082800000, 0x0000000100000000)
  region size 1024K, 13 young (13312K), 0 survivors (0K)
 Metaspace       used 2810K, committed 3008K, reserved 1114112K
  class space    used 269K, committed 384K, reserved 1048576K
}
Event: 0.779 GC heap after
{Heap after GC invocations=1 (full 0):
 garbage-first heap   total 129024K, used 6886K [0x0000000082800000, 0x0000000100000000)
  region size 1024K, 2 young (2048K), 2 survivors (2048K)
 Metaspace       used 2810K, committed 3008K, reserved 1114112K
  class space    used 269K, committed 384K, reserved 1048576K
}
Event: 1.197 GC heap before
{Heap before GC invocations=1 (full 0):
 garbage-first heap   total 129024K, used 15078K [0x0000000082800000, 0x0000000100000000)
  region size 1024K, 11 young (11264K), 2 survivors (2048K)
 Metaspace       used 5873K, committed 6080K, reserved 1114112K
  class space    used 663K, committed 768K, reserved 1048576K
}
Event: 1.201 GC heap after
{Heap after GC invocations=2 (full 0):
 garbage-first heap   total 129024K, used 8127K [0x0000000082800000, 0x0000000100000000)
  region size 1024K, 2 young (2048K), 2 survivors (2048K)
 Metaspace       used 5873K, committed 6080K, reserved 1114112K
  class space    used 663K, committed 768K, reserved 1048576K
}
Event: 1.781 GC heap before
{Heap before GC invocations=2 (full 0):
 garbage-first heap   total 129024K, used 30655K [0x0000000082800000, 0x0000000100000000)
  region size 1024K, 25 young (25600K), 2 survivors (2048K)
 Metaspace       used 11698K, committed 11904K, reserved 1114112K
  class space    used 1390K, committed 1472K, reserved 1048576K
}
Event: 1.787 GC heap after
{Heap after GC invocations=3 (full 0):
 garbage-first heap   total 129024K, used 9986K [0x0000000082800000, 0x0000000100000000)
  region size 1024K, 3 young (3072K), 3 survivors (3072K)
 Metaspace       used 11698K, committed 11904K, reserved 1114112K
  class space    used 1390K, committed 1472K, reserved 1048576K
}

Deoptimization events (20 events):
Event: 3.270 Thread 0x0000024c98e767d0 Uncommon trap: trap_request=0xffffff45 fr.pc=0x0000024ca82fbbc4 relative=0x00000000000005e4
Event: 3.270 Thread 0x0000024c98e767d0 Uncommon trap: reason=unstable_if action=reinterpret pc=0x0000024ca82fbbc4 method=org.springframework.beans.factory.support.AbstractBeanFactory.getMergedLocalBeanDefinition(Ljava/lang/String;)Lorg/springframework/beans/factory/support/RootBeanDefinition; 
Event: 3.270 Thread 0x0000024c98e767d0 DEOPT PACKING pc=0x0000024ca82fbbc4 sp=0x0000009457efe170
Event: 3.270 Thread 0x0000024c98e767d0 DEOPT UNPACKING pc=0x0000024ca7c923a3 sp=0x0000009457efe128 mode 2
Event: 3.275 Thread 0x0000024c98e767d0 Uncommon trap: trap_request=0xffffffde fr.pc=0x0000024ca824027c relative=0x000000000000007c
Event: 3.275 Thread 0x0000024c98e767d0 Uncommon trap: reason=class_check action=maybe_recompile pc=0x0000024ca824027c method=java.util.Collections$UnmodifiableMap$UnmodifiableEntrySet$1.hasNext()Z @ 4 c2
Event: 3.275 Thread 0x0000024c98e767d0 DEOPT PACKING pc=0x0000024ca824027c sp=0x0000009457efdb50
Event: 3.275 Thread 0x0000024c98e767d0 DEOPT UNPACKING pc=0x0000024ca7c923a3 sp=0x0000009457efdae0 mode 2
Event: 3.275 Thread 0x0000024c98e767d0 Uncommon trap: trap_request=0xffffffde fr.pc=0x0000024ca8242ac4 relative=0x0000000000000524
Event: 3.275 Thread 0x0000024c98e767d0 Uncommon trap: reason=class_check action=maybe_recompile pc=0x0000024ca8242ac4 method=java.util.Collections$UnmodifiableMap$UnmodifiableEntrySet$1.next()Ljava/util/Map$Entry; @ 8 c2
Event: 3.275 Thread 0x0000024c98e767d0 DEOPT PACKING pc=0x0000024ca8242ac4 sp=0x0000009457efdb00
Event: 3.275 Thread 0x0000024c98e767d0 DEOPT UNPACKING pc=0x0000024ca7c923a3 sp=0x0000009457efda70 mode 2
Event: 3.280 Thread 0x0000024c98e767d0 Uncommon trap: trap_request=0xffffffde fr.pc=0x0000024ca824027c relative=0x000000000000007c
Event: 3.280 Thread 0x0000024c98e767d0 Uncommon trap: reason=class_check action=maybe_recompile pc=0x0000024ca824027c method=java.util.Collections$UnmodifiableMap$UnmodifiableEntrySet$1.hasNext()Z @ 4 c2
Event: 3.280 Thread 0x0000024c98e767d0 DEOPT PACKING pc=0x0000024ca824027c sp=0x0000009457efdb50
Event: 3.280 Thread 0x0000024c98e767d0 DEOPT UNPACKING pc=0x0000024ca7c923a3 sp=0x0000009457efdae0 mode 2
Event: 3.377 Thread 0x0000024c98e767d0 Uncommon trap: trap_request=0xffffff45 fr.pc=0x0000024ca8308a70 relative=0x0000000000000790
Event: 3.377 Thread 0x0000024c98e767d0 Uncommon trap: reason=unstable_if action=reinterpret pc=0x0000024ca8308a70 method=org.springframework.beans.factory.support.RootBeanDefinition.getTargetType()Ljava/lang/Class; @ 18 c2
Event: 3.377 Thread 0x0000024c98e767d0 DEOPT PACKING pc=0x0000024ca8308a70 sp=0x0000009457efe3d0
Event: 3.378 Thread 0x0000024c98e767d0 DEOPT UNPACKING pc=0x0000024ca7c923a3 sp=0x0000009457efe248 mode 2

Classes unloaded (0 events):
No events

Classes redefined (0 events):
No events

Internal exceptions (20 events):
Event: 1.483 Thread 0x0000024c98e767d0 Exception <a 'java/lang/NoSuchMethodError'{0x0000000089ea0a78}: 'java.lang.Object java.lang.invoke.DirectMethodHandle$Holder.newInvokeSpecial(java.lang.Object, java.lang.Object, long)'> (0x0000000089ea0a78) 
thrown [s\open\src\hotspot\share\interpreter\linkResolver.cpp, line 759]
Event: 1.484 Thread 0x0000024c98e767d0 Exception <a 'java/lang/NoSuchMethodError'{0x0000000089ea45e8}: 'java.lang.Object java.lang.invoke.Invokers$Holder.linkToTargetMethod(java.lang.Object, long, java.lang.Object)'> (0x0000000089ea45e8) 
thrown [s\open\src\hotspot\share\interpreter\linkResolver.cpp, line 759]
Event: 1.503 Thread 0x0000024c98e767d0 Exception <a 'java/lang/NoSuchMethodError'{0x0000000089efbee8}: 'void java.lang.invoke.DirectMethodHandle$Holder.invokeSpecial(java.lang.Object, java.lang.Object, java.lang.Object, java.lang.Object, java.lang.Object)'> (0x0000000089efbee8) 
thrown [s\open\src\hotspot\share\interpreter\linkResolver.cpp, line 759]
Event: 1.504 Thread 0x0000024c98e767d0 Exception <a 'java/lang/NoSuchMethodError'{0x0000000089d049c8}: 'void java.lang.invoke.DirectMethodHandle$Holder.invokeVirtual(java.lang.Object, java.lang.Object, java.lang.Object, java.lang.Object)'> (0x0000000089d049c8) 
thrown [s\open\src\hotspot\share\interpreter\linkResolver.cpp, line 759]
Event: 1.566 Thread 0x0000024c98e767d0 Exception <a 'java/lang/NoSuchMethodError'{0x0000000089abdb50}: 'void java.lang.invoke.DirectMethodHandle$Holder.invokeSpecial(java.lang.Object, java.lang.Object, java.lang.Object)'> (0x0000000089abdb50) 
thrown [s\open\src\hotspot\share\interpreter\linkResolver.cpp, line 759]
Event: 1.575 Thread 0x0000024cfcb34040 Exception <a 'java/lang/NoClassDefFoundError'{0x0000000089af8740}: jakarta/validation/Validation> (0x0000000089af8740) 
thrown [s\open\src\hotspot\share\classfile\systemDictionary.cpp, line 245]
Event: 1.580 Thread 0x0000024c98e767d0 Exception <a 'java/lang/IncompatibleClassChangeError'{0x000000008990b650}: Found class java.lang.Object, but interface was expected> (0x000000008990b650) 
thrown [s\open\src\hotspot\share\interpreter\linkResolver.cpp, line 826]
Event: 2.054 Thread 0x0000024cfcb34040 Exception <a 'java/lang/NoSuchMethodError'{0x0000000089991580}: 'long java.lang.invoke.DirectMethodHandle$Holder.invokeSpecial(java.lang.Object, java.lang.Object)'> (0x0000000089991580) 
thrown [s\open\src\hotspot\share\interpreter\linkResolver.cpp, line 759]
Event: 2.055 Thread 0x0000024c98e767d0 Exception <a 'java/lang/NoSuchMethodError'{0x0000000089954068}: 'java.lang.Object java.lang.invoke.DirectMethodHandle$Holder.invokeVirtual(java.lang.Object, java.lang.Object, java.lang.Object)'> (0x0000000089954068) 
thrown [s\open\src\hotspot\share\interpreter\linkResolver.cpp, line 759]
Event: 2.056 Thread 0x0000024cfcb34040 Exception <a 'java/lang/NoSuchMethodError'{0x000000008999c3d0}: 'long java.lang.invoke.DirectMethodHandle$Holder.invokeStatic(java.lang.Object, java.lang.Object)'> (0x000000008999c3d0) 
thrown [s\open\src\hotspot\share\interpreter\linkResolver.cpp, line 759]
Event: 2.056 Thread 0x0000024cfcb34040 Exception <a 'java/lang/NoSuchMethodError'{0x000000008999f9d0}: 'long java.lang.invoke.DirectMethodHandle$Holder.invokeStaticInit(java.lang.Object, java.lang.Object)'> (0x000000008999f9d0) 
thrown [s\open\src\hotspot\share\interpreter\linkResolver.cpp, line 759]
Event: 2.059 Thread 0x0000024cfcb34040 Exception <a 'java/lang/NoSuchMethodError'{0x00000000899ad578}: 'long java.lang.invoke.DirectMethodHandle$Holder.invokeInterface(java.lang.Object, java.lang.Object)'> (0x00000000899ad578) 
thrown [s\open\src\hotspot\share\interpreter\linkResolver.cpp, line 759]
Event: 2.059 Thread 0x0000024cfcb34040 Exception <a 'java/lang/IncompatibleClassChangeError'{0x00000000899b0b08}: Found class java.lang.Object, but interface was expected> (0x00000000899b0b08) 
thrown [s\open\src\hotspot\share\interpreter\linkResolver.cpp, line 826]
Event: 2.062 Thread 0x0000024c98e767d0 Exception <a 'sun/nio/fs/WindowsException'{0x000000008996e8c8}> (0x000000008996e8c8) 
thrown [s\open\src\hotspot\share\prims\jni.cpp, line 516]
Event: 2.063 Thread 0x0000024c98e767d0 Exception <a 'java/lang/NoSuchMethodError'{0x0000000089970178}: 'int java.lang.invoke.DirectMethodHandle$Holder.invokeSpecial(java.lang.Object, java.lang.Object, java.lang.Object, java.lang.Object, java.lang.Object)'> (0x0000000089970178) 
thrown [s\open\src\hotspot\share\interpreter\linkResolver.cpp, line 759]
Event: 2.067 Thread 0x0000024c98e767d0 Exception <a 'java/lang/NoSuchMethodError'{0x0000000089978e88}: 'void java.lang.invoke.DirectMethodHandle$Holder.invokeVirtual(java.lang.Object, java.lang.Object)'> (0x0000000089978e88) 
thrown [s\open\src\hotspot\share\interpreter\linkResolver.cpp, line 759]
Event: 2.078 Thread 0x0000024cfcb34040 Exception <a 'java/lang/NoSuchMethodError'{0x00000000898a8e40}: 'java.lang.Object java.lang.invoke.DirectMethodHandle$Holder.invokeVirtual(java.lang.Object, java.lang.Object, java.lang.Object, java.lang.Object)'> (0x00000000898a8e40) 
thrown [s\open\src\hotspot\share\interpreter\linkResolver.cpp, line 759]
Event: 2.351 Thread 0x0000024c98e767d0 Exception <a 'java/lang/IncompatibleClassChangeError'{0x0000000088ead708}: Found class java.lang.Object, but interface was expected> (0x0000000088ead708) 
thrown [s\open\src\hotspot\share\interpreter\linkResolver.cpp, line 826]
Event: 3.285 Thread 0x0000024c98e767d0 Exception <a 'sun/nio/fs/WindowsException'{0x0000000087239cc8}> (0x0000000087239cc8) 
thrown [s\open\src\hotspot\share\prims\jni.cpp, line 516]
Event: 3.342 Thread 0x0000024c98e767d0 Exception <a 'sun/nio/fs/WindowsException'{0x00000000871984f0}> (0x00000000871984f0) 
thrown [s\open\src\hotspot\share\prims\jni.cpp, line 516]

VM Operations (20 events):
Event: 2.132 Executing VM operation: HandshakeAllThreads
Event: 2.132 Executing VM operation: HandshakeAllThreads done
Event: 2.187 Executing VM operation: HandshakeAllThreads
Event: 2.187 Executing VM operation: HandshakeAllThreads done
Event: 2.400 Executing VM operation: ICBufferFull
Event: 2.400 Executing VM operation: ICBufferFull done
Event: 2.765 Executing VM operation: ICBufferFull
Event: 2.765 Executing VM operation: ICBufferFull done
Event: 3.266 Executing VM operation: HandshakeAllThreads
Event: 3.266 Executing VM operation: HandshakeAllThreads done
Event: 3.267 Executing VM operation: HandshakeAllThreads
Event: 3.267 Executing VM operation: HandshakeAllThreads done
Event: 3.270 Executing VM operation: ICBufferFull
Event: 3.270 Executing VM operation: ICBufferFull done
Event: 3.277 Executing VM operation: HandshakeAllThreads
Event: 3.277 Executing VM operation: HandshakeAllThreads done
Event: 3.278 Executing VM operation: HandshakeAllThreads
Event: 3.278 Executing VM operation: HandshakeAllThreads done
Event: 3.365 Executing VM operation: HandshakeAllThreads
Event: 3.365 Executing VM operation: HandshakeAllThreads done

Events (20 events):
Event: 2.611 loading class java/beans/PropertyVetoException
Event: 2.611 loading class java/beans/PropertyVetoException done
Event: 2.637 loading class java/nio/charset/CharacterCodingException
Event: 2.637 loading class java/nio/charset/CharacterCodingException done
Event: 3.115 loading class java/lang/UnsupportedClassVersionError
Event: 3.115 loading class java/lang/ClassFormatError
Event: 3.115 loading class java/lang/ClassFormatError done
Event: 3.115 loading class java/lang/UnsupportedClassVersionError done
Event: 3.330 loading class java/util/stream/Streams$ConcatSpliterator$OfRef
Event: 3.330 loading class java/util/stream/Streams$ConcatSpliterator
Event: 3.330 loading class java/util/stream/Streams$ConcatSpliterator done
Event: 3.330 loading class java/util/stream/Streams$ConcatSpliterator$OfRef done
Event: 3.330 loading class java/util/stream/Streams$2
Event: 3.330 loading class java/util/stream/Streams$2 done
Event: 3.357 loading class java/util/stream/ReferencePipeline$15
Event: 3.358 loading class java/util/stream/ReferencePipeline$15 done
Event: 3.358 loading class java/util/stream/ReferencePipeline$15$1
Event: 3.359 loading class java/util/stream/ReferencePipeline$15$1 done
Event: 3.372 loading class sun/reflect/generics/tree/BooleanSignature
Event: 3.372 loading class sun/reflect/generics/tree/BooleanSignature done


Dynamic libraries:
0x00007ff6d8cf0000 - 0x00007ff6d8d00000 	C:\Program Files\Java\jdk-17\bin\java.exe
0x00007ffbf3ef0000 - 0x00007ffbf40e8000 	C:\Windows\SYSTEM32\ntdll.dll
0x00007ffbf2460000 - 0x00007ffbf251d000 	C:\Windows\System32\KERNEL32.DLL
0x00007ffbf1900000 - 0x00007ffbf1bf6000 	C:\Windows\System32\KERNELBASE.dll
0x00007ffbf1d50000 - 0x00007ffbf1e50000 	C:\Windows\System32\ucrtbase.dll
0x00007ffbe2730000 - 0x00007ffbe274b000 	C:\Program Files\Java\jdk-17\bin\VCRUNTIME140.dll
0x00007ffbe2710000 - 0x00007ffbe2729000 	C:\Program Files\Java\jdk-17\bin\jli.dll
0x00007ffbf3b30000 - 0x00007ffbf3be0000 	C:\Windows\System32\ADVAPI32.dll
0x00007ffbf2520000 - 0x00007ffbf25be000 	C:\Windows\System32\msvcrt.dll
0x00007ffbf2310000 - 0x00007ffbf23b0000 	C:\Windows\System32\sechost.dll
0x00007ffbf27a0000 - 0x00007ffbf28c3000 	C:\Windows\System32\RPCRT4.dll
0x00007ffbf1e50000 - 0x00007ffbf1e77000 	C:\Windows\System32\bcrypt.dll
0x00007ffbf3110000 - 0x00007ffbf32af000 	C:\Windows\System32\USER32.dll
0x00007ffbf1700000 - 0x00007ffbf1722000 	C:\Windows\System32\win32u.dll
0x00007ffbf3b00000 - 0x00007ffbf3b2b000 	C:\Windows\System32\GDI32.dll
0x00007ffbd29b0000 - 0x00007ffbd2c4a000 	C:\Windows\WinSxS\amd64_microsoft.windows.common-controls_6595b64144ccf1df_6.0.19041.3636_none_60b6a03d71f818d5\COMCTL32.dll
0x00007ffbf17e0000 - 0x00007ffbf18f7000 	C:\Windows\System32\gdi32full.dll
0x00007ffbf1e80000 - 0x00007ffbf1f1d000 	C:\Windows\System32\msvcp_win.dll
0x00007ffbea710000 - 0x00007ffbea71a000 	C:\Windows\SYSTEM32\VERSION.dll
0x00007ffbf25c0000 - 0x00007ffbf25f2000 	C:\Windows\System32\IMM32.DLL
0x00007ffbebc30000 - 0x00007ffbebc3c000 	C:\Program Files\Java\jdk-17\bin\vcruntime140_1.dll
0x00007ffbc1fd0000 - 0x00007ffbc205e000 	C:\Program Files\Java\jdk-17\bin\msvcp140.dll
0x00007ffb93ad0000 - 0x00007ffb946ae000 	C:\Program Files\Java\jdk-17\bin\server\jvm.dll
0x00007ffbf22a0000 - 0x00007ffbf22a8000 	C:\Windows\System32\PSAPI.DLL
0x00007ffbec010000 - 0x00007ffbec019000 	C:\Windows\SYSTEM32\WSOCK32.dll
0x00007ffbd41e0000 - 0x00007ffbd4207000 	C:\Windows\SYSTEM32\WINMM.dll
0x00007ffbf30a0000 - 0x00007ffbf310b000 	C:\Windows\System32\WS2_32.dll
0x00007ffbefd80000 - 0x00007ffbefd92000 	C:\Windows\SYSTEM32\kernel.appcore.dll
0x00007ffbe26e0000 - 0x00007ffbe26ea000 	C:\Program Files\Java\jdk-17\bin\jimage.dll
0x00007ffbe76d0000 - 0x00007ffbe78b4000 	C:\Windows\SYSTEM32\DBGHELP.DLL
0x00007ffbe7690000 - 0x00007ffbe76c4000 	C:\Windows\SYSTEM32\dbgcore.DLL
0x00007ffbf1cc0000 - 0x00007ffbf1d42000 	C:\Windows\System32\bcryptPrimitives.dll
0x00007ffbd1a50000 - 0x00007ffbd1a5e000 	C:\Program Files\Java\jdk-17\bin\instrument.dll
0x00007ffbe06e0000 - 0x00007ffbe0705000 	C:\Program Files\Java\jdk-17\bin\java.dll
0x00007ffbc11d0000 - 0x00007ffbc12a7000 	C:\Program Files\Java\jdk-17\bin\jsvml.dll
0x00007ffbf3390000 - 0x00007ffbf3afb000 	C:\Windows\System32\SHELL32.dll
0x00007ffbef5d0000 - 0x00007ffbefd6e000 	C:\Windows\SYSTEM32\windows.storage.dll
0x00007ffbf2d40000 - 0x00007ffbf3093000 	C:\Windows\System32\combase.dll
0x00007ffbf0ef0000 - 0x00007ffbf0f1e000 	C:\Windows\SYSTEM32\Wldp.dll
0x00007ffbf3dd0000 - 0x00007ffbf3e9d000 	C:\Windows\System32\OLEAUT32.dll
0x00007ffbf23b0000 - 0x00007ffbf245d000 	C:\Windows\System32\SHCORE.dll
0x00007ffbf22b0000 - 0x00007ffbf2305000 	C:\Windows\System32\shlwapi.dll
0x00007ffbf14d0000 - 0x00007ffbf14f3000 	C:\Windows\SYSTEM32\profapi.dll
0x00007ffbd0c80000 - 0x00007ffbd0c98000 	C:\Program Files\Java\jdk-17\bin\zip.dll
0x00007ffbd4060000 - 0x00007ffbd4079000 	C:\Program Files\Java\jdk-17\bin\net.dll
0x00007ffbe58e0000 - 0x00007ffbe59ea000 	C:\Windows\SYSTEM32\WINHTTP.dll
0x00007ffbf0cd0000 - 0x00007ffbf0d3a000 	C:\Windows\system32\mswsock.dll
0x00007ffbd1a60000 - 0x00007ffbd1a76000 	C:\Program Files\Java\jdk-17\bin\nio.dll
0x00007ffbc8470000 - 0x00007ffbc848a000 	D:\IntelliJ IDEA Community Edition 2023.3.4\bin\breakgen64.dll
0x00007ffbdedc0000 - 0x00007ffbdedce000 	C:\Program Files\Java\jdk-17\bin\sunmscapi.dll
0x00007ffbf15a0000 - 0x00007ffbf16fe000 	C:\Windows\System32\CRYPT32.dll
0x00007ffbf1040000 - 0x00007ffbf1068000 	C:\Windows\SYSTEM32\ncrypt.dll
0x00007ffbf1000000 - 0x00007ffbf103b000 	C:\Windows\SYSTEM32\NTASN1.dll

dbghelp: loaded successfully - version: 4.0.5 - missing functions: none
symbol engine: initialized successfully - sym options: 0x614 - pdb path: .;C:\Program Files\Java\jdk-17\bin;C:\Windows\SYSTEM32;C:\Windows\WinSxS\amd64_microsoft.windows.common-controls_6595b64144ccf1df_6.0.19041.3636_none_60b6a03d71f818d5;C:\Program Files\Java\jdk-17\bin\server;D:\IntelliJ IDEA Community Edition 2023.3.4\bin

VM Arguments:
jvm_args: -DMYSQL_USER=root -DMYSQL_PASSWORD=root -DMYSQL_PORT=3307 -javaagent:D:\IntelliJ IDEA Community Edition 2023.3.4\lib\idea_rt.jar=60045:D:\IntelliJ IDEA Community Edition 2023.3.4\bin -Dfile.encoding=UTF-8 
java_command: com.card.card.CardApplication
java_class_path (initial): C:\Users\client\Desktop\Nouveau dossier\card\target\classes;C:\Users\client\.m2\repository\org\springframework\boot\spring-boot-starter-data-jpa\3.2.5\spring-boot-starter-data-jpa-3.2.5.jar;C:\Users\client\.m2\repository\org\springframework\boot\spring-boot-starter-aop\3.2.5\spring-boot-starter-aop-3.2.5.jar;C:\Users\client\.m2\repository\org\springframework\spring-aop\6.1.6\spring-aop-6.1.6.jar;C:\Users\client\.m2\repository\org\aspectj\aspectjweaver\1.9.22\aspectjweaver-1.9.22.jar;C:\Users\client\.m2\repository\org\springframework\boot\spring-boot-starter-jdbc\3.2.5\spring-boot-starter-jdbc-3.2.5.jar;C:\Users\client\.m2\repository\com\zaxxer\HikariCP\5.0.1\HikariCP-5.0.1.jar;C:\Users\client\.m2\repository\org\springframework\spring-jdbc\6.1.6\spring-jdbc-6.1.6.jar;C:\Users\client\.m2\repository\org\hibernate\orm\hibernate-core\6.4.4.Final\hibernate-core-6.4.4.Final.jar;C:\Users\client\.m2\repository\jakarta\persistence\jakarta.persistence-api\3.1.0\jakarta.persistence-api-3.1.0.jar;C:\Users\client\.m2\repository\jakarta\transaction\jakarta.transaction-api\2.0.1\jakarta.transaction-api-2.0.1.jar;C:\Users\client\.m2\repository\org\jboss\logging\jboss-logging\3.5.3.Final\jboss-logging-3.5.3.Final.jar;C:\Users\client\.m2\repository\org\hibernate\common\hibernate-commons-annotations\6.0.6.Final\hibernate-commons-annotations-6.0.6.Final.jar;C:\Users\client\.m2\repository\io\smallrye\jandex\3.1.2\jandex-3.1.2.jar;C:\Users\client\.m2\repository\com\fasterxml\classmate\1.6.0\classmate-1.6.0.jar;C:\Users\client\.m2\repository\net\bytebuddy\byte-buddy\1.14.13\byte-buddy-1.14.13.jar;C:\Users\client\.m2\repository\org\glassfish\jaxb\jaxb-runtime\4.0.5\jaxb-runtime-4.0.5.jar;C:\Users\client\.m2\repository\org\glassfish\jaxb\jaxb-core\4.0.5\jaxb-core-4.0.5.jar;C:\Users\client\.m2\repository\org\eclipse\angus\angus-activation\2.0.2\angus-activation-2.0.2.jar;C:\Users\client\.m2\repository\org\glassfish\jaxb\txw2\4.0.5\txw2-4.0.5.jar;C:\Users\client\.m
Launcher Type: SUN_STANDARD

[Global flags]
     intx CICompilerCount                          = 3                                         {product} {ergonomic}
     uint ConcGCThreads                            = 1                                         {product} {ergonomic}
     uint G1ConcRefinementThreads                  = 4                                         {product} {ergonomic}
   size_t G1HeapRegionSize                         = 1048576                                   {product} {ergonomic}
    uintx GCDrainStackTargetSize                   = 64                                        {product} {ergonomic}
   size_t InitialHeapSize                          = 132120576                                 {product} {ergonomic}
   size_t MarkStackSize                            = 4194304                                   {product} {ergonomic}
   size_t MaxHeapSize                              = 2105540608                                {product} {ergonomic}
   size_t MaxNewSize                               = 1262485504                                {product} {ergonomic}
   size_t MinHeapDeltaBytes                        = 1048576                                   {product} {ergonomic}
   size_t MinHeapSize                              = 8388608                                   {product} {ergonomic}
    uintx NonNMethodCodeHeapSize                   = 5832780                                {pd product} {ergonomic}
    uintx NonProfiledCodeHeapSize                  = 122912730                              {pd product} {ergonomic}
    uintx ProfiledCodeHeapSize                     = 122912730                              {pd product} {ergonomic}
    uintx ReservedCodeCacheSize                    = 251658240                              {pd product} {ergonomic}
     bool SegmentedCodeCache                       = true                                      {product} {ergonomic}
   size_t SoftMaxHeapSize                          = 2105540608                             {manageable} {ergonomic}
     bool UseCompressedClassPointers               = true                           {product lp64_product} {ergonomic}
     bool UseCompressedOops                        = true                           {product lp64_product} {ergonomic}
     bool UseG1GC                                  = true                                      {product} {ergonomic}
     bool UseLargePagesIndividualAllocation        = false                                  {pd product} {ergonomic}

Logging:
Log output configuration:
 #0: stdout all=warning uptime,level,tags
 #1: stderr all=off uptime,level,tags

Environment Variables:
PATH=C:\Program Files\Common Files\Oracle\Java\javapath;C:\Windows\system32;C:\Windows;C:\Windows\System32\Wbem;C:\Windows\System32\WindowsPowerShell\v1.0\;C:\Windows\System32\OpenSSH\;C:\Program Files\Spyder\pkgs;C:\Program Files\Spyder\lib;C:\Program Files\Java\jdk-21\bin;C:\Program Files\Microsoft SQL Server\150\Tools\Binn\;D:\Program Files\Git\cmd;D:\Program Files\common;C:\Program Files\Docker\Docker\resources\bin;C:\Users\client\AppData\Local\Microsoft\WindowsApps;C:\Program Files\Spyder\pkgs;C:\Program Files\Spyder\lib;D:\Program Files\F_La_Tter\flutter_windows_3.13.9-stable\flutter\bin;D:\Program Files\PyCharm Community Edition 2022.3\bin;;C:\devoelopment\flutter\bin;D:\File_program\Microsoft VS Code\bin;C:\flutter;C:\flutter\bin;
USERNAME=client
OS=Windows_NT
PROCESSOR_IDENTIFIER=Intel64 Family 6 Model 78 Stepping 3, GenuineIntel



---------------  S Y S T E M  ---------------

OS:
 Windows 10 , 64 bit Build 19041 (10.0.19041.3636)
OS uptime: 0 days 2:53 hours
Hyper-V role detected

CPU: total 4 (initial active 4) (2 cores per cpu, 2 threads per core) family 6 model 78 stepping 3 microcode 0xcc, cx8, cmov, fxsr, ht, mmx, 3dnowpref, sse, sse2, sse3, ssse3, sse4.1, sse4.2, popcnt, lzcnt, tsc, tscinvbit, avx, avx2, aes, erms, clmul, bmi1, bmi2, rtm, adx, fma, vzeroupper, clflush, clflushopt, hv

Memory: 4k page, system-wide physical 8024M (847M free)
TotalPageFile size 12120M (AvailPageFile size 5M)
current process WorkingSet (physical memory assigned to process): 168M, peak: 168M
current process commit charge ("private bytes"): 266M, peak: 268M

vm_info: Java HotSpot(TM) 64-Bit Server VM (17.0.8+9-LTS-211) for windows-amd64 JRE (17.0.8+9-LTS-211), built on Jun 14 2023 10:34:31 by "mach5one" with MS VC++ 17.1 (VS2022)

END.
