#
# There is insufficient memory for the Java Runtime Environment to continue.
# Native memory allocation (mmap) failed to map 65536 bytes for Failed to commit metaspace.
# Possible reasons:
#   The system is out of physical RAM or swap space
#   The process is running with CompressedOops enabled, and the Java Heap may be blocking the growth of the native heap
# Possible solutions:
#   Reduce memory load on the system
#   Increase physical memory or swap space
#   Check if swap backing store is full
#   Decrease Java heap size (-Xmx/-Xms)
#   Decrease number of Java threads
#   Decrease Java thread stack sizes (-Xss)
#   Set larger code cache with -XX:ReservedCodeCacheSize=
#   JVM is running with Unscaled Compressed Oops mode in which the Java heap is
#     placed in the first 4GB address space. The Java Heap base address is the
#     maximum limit for the native heap growth. Please use -XX:HeapBaseMinAddress
#     to set the Java Heap base and to place the Java Heap above 4GB virtual address.
# This output file may be truncated or incomplete.
#
#  Out of Memory Error (virtualSpaceNode.cpp:110), pid=7116, tid=8100
#
# JRE version: Java(TM) SE Runtime Environment (17.0.8+9) (build 17.0.8+9-LTS-211)
# Java VM: Java HotSpot(TM) 64-Bit Server VM (17.0.8+9-LTS-211, mixed mode, sharing, tiered, compressed oops, compressed class ptrs, g1 gc, windows-amd64)
# No core dump will be written. Minidumps are not enabled by default on client versions of Windows
#

---------------  S U M M A R Y ------------

Command Line: -DMYSQL_USER=root -DMYSQL_PASSWORD=root -DMYSQL_PORT=3307 -javaagent:D:\IntelliJ IDEA Community Edition 2023.3.4\lib\idea_rt.jar=60091:D:\IntelliJ IDEA Community Edition 2023.3.4\bin -Dfile.encoding=UTF-8 com.card.card.CardApplication

Host: Intel(R) Core(TM) i7-6600U CPU @ 2.60GHz, 4 cores, 7G,  Windows 10 , 64 bit Build 19041 (10.0.19041.3636)
Time: Sun May 12 12:58:10 2024 Europe de l , 64 bit Build 19041 (10.0.19041.3636) elapsed time: 1.566098 seconds (0d 0h 0m 1s)

---------------  T H R E A D  ---------------

Current thread (0x000001b2f2cd5ae0):  JavaThread "background-preinit" [_thread_in_vm, id=8100, stack(0x0000005c37100000,0x0000005c37200000)]

Stack: [0x0000005c37100000,0x0000005c37200000]
Native frames: (J=compiled Java code, j=interpreted, Vv=VM code, C=native code)
V  [jvm.dll+0x677d0a]
V  [jvm.dll+0x7d8c54]
V  [jvm.dll+0x7da3fe]
V  [jvm.dll+0x7daa63]
V  [jvm.dll+0x245c5f]
V  [jvm.dll+0x7d4d5b]
V  [jvm.dll+0x61dcf6]
V  [jvm.dll+0x1c0127]
V  [jvm.dll+0x620650]
V  [jvm.dll+0x61e6b6]
V  [jvm.dll+0x23b6b1]
V  [jvm.dll+0x1ea657]
V  [jvm.dll+0x1e02f1]
V  [jvm.dll+0x53ddbc]
V  [jvm.dll+0x753768]
V  [jvm.dll+0x753854]
V  [jvm.dll+0x40ba4f]
V  [jvm.dll+0x411a69]
C  [java.dll+0x17ec]

Java frames: (J=compiled Java code, j=interpreted, Vv=VM code)
J 821  java.lang.ClassLoader.defineClass1(Ljava/lang/ClassLoader;Ljava/lang/String;[BIILjava/security/ProtectionDomain;Ljava/lang/String;)Ljava/lang/Class; java.base@17.0.8 (0 bytes) @ 0x000001b2df6056e3 [0x000001b2df605620+0x00000000000000c3]
J 1134 c1 java.lang.ClassLoader.defineClass(Ljava/lang/String;[BIILjava/security/ProtectionDomain;)Ljava/lang/Class; java.base@17.0.8 (43 bytes) @ 0x000001b2d7ce46d4 [0x000001b2d7ce4380+0x0000000000000354]
J 987 c1 java.security.SecureClassLoader.defineClass(Ljava/lang/String;[BIILjava/security/CodeSource;)Ljava/lang/Class; java.base@17.0.8 (16 bytes) @ 0x000001b2d7ca2a0c [0x000001b2d7ca2940+0x00000000000000cc]
J 909 c1 jdk.internal.loader.BuiltinClassLoader.defineClass(Ljava/lang/String;Ljdk/internal/loader/Resource;)Ljava/lang/Class; java.base@17.0.8 (121 bytes) @ 0x000001b2d7c75164 [0x000001b2d7c74200+0x0000000000000f64]
J 767 c1 jdk.internal.loader.BuiltinClassLoader.findClassOnClassPathOrNull(Ljava/lang/String;)Ljava/lang/Class; java.base@17.0.8 (64 bytes) @ 0x000001b2d7c239dc [0x000001b2d7c22960+0x000000000000107c]
J 502 c1 jdk.internal.loader.BuiltinClassLoader.loadClassOrNull(Ljava/lang/String;Z)Ljava/lang/Class; java.base@17.0.8 (143 bytes) @ 0x000001b2d7b9d84c [0x000001b2d7b9c940+0x0000000000000f0c]
J 891 c1 jdk.internal.loader.ClassLoaders$AppClassLoader.loadClass(Ljava/lang/String;Z)Ljava/lang/Class; java.base@17.0.8 (40 bytes) @ 0x000001b2d7c6a704 [0x000001b2d7c6a0e0+0x0000000000000624]
J 793 c1 java.lang.ClassLoader.loadClass(Ljava/lang/String;)Ljava/lang/Class; java.base@17.0.8 (7 bytes) @ 0x000001b2d7c323cc [0x000001b2d7c322c0+0x000000000000010c]
v  ~StubRoutines::call_stub
j  com.fasterxml.jackson.databind.ObjectMapper.<clinit>()V+19
v  ~StubRoutines::call_stub
j  org.springframework.http.converter.json.Jackson2ObjectMapperBuilder.build()Lcom/fasterxml/jackson/databind/ObjectMapper;+77
j  org.springframework.http.converter.json.MappingJackson2HttpMessageConverter.<init>()V+4
j  org.springframework.http.converter.support.AllEncompassingFormHttpMessageConverter.<init>()V+55
j  org.springframework.boot.autoconfigure.BackgroundPreinitializer$MessageConverterInitializer.run()V+4
j  org.springframework.boot.autoconfigure.BackgroundPreinitializer$1.runSafely(Ljava/lang/Runnable;)Z+1
j  org.springframework.boot.autoconfigure.BackgroundPreinitializer$1.run()V+32
j  java.lang.Thread.run()V+11 java.base@17.0.8
v  ~StubRoutines::call_stub

---------------  P R O C E S S  ---------------

Threads class SMR info:
_java_thread_list=0x000001b2f2e3ba80, length=15, elements={
0x000001b2d024bdf0, 0x000001b2eda17290, 0x000001b2eda18100, 0x000001b2eda2b9c0,
0x000001b2eda2c570, 0x000001b2eda2ef30, 0x000001b2eda378f0, 0x000001b2eda3bad0,
0x000001b2eda3c570, 0x000001b2eda51770, 0x000001b2edc2e3b0, 0x000001b2edddc290,
0x000001b2f2176970, 0x000001b2eddda190, 0x000001b2f2cd5ae0
}

Java Threads: ( => current thread )
  0x000001b2d024bdf0 JavaThread "main" [_thread_in_vm, id=12476, stack(0x0000005c35900000,0x0000005c35a00000)]
  0x000001b2eda17290 JavaThread "Reference Handler" daemon [_thread_blocked, id=456, stack(0x0000005c36000000,0x0000005c36100000)]
  0x000001b2eda18100 JavaThread "Finalizer" daemon [_thread_blocked, id=11740, stack(0x0000005c36100000,0x0000005c36200000)]
  0x000001b2eda2b9c0 JavaThread "Signal Dispatcher" daemon [_thread_blocked, id=12532, stack(0x0000005c36200000,0x0000005c36300000)]
  0x000001b2eda2c570 JavaThread "Attach Listener" daemon [_thread_blocked, id=1464, stack(0x0000005c36300000,0x0000005c36400000)]
  0x000001b2eda2ef30 JavaThread "Service Thread" daemon [_thread_blocked, id=9456, stack(0x0000005c36400000,0x0000005c36500000)]
  0x000001b2eda378f0 JavaThread "Monitor Deflation Thread" daemon [_thread_blocked, id=10556, stack(0x0000005c36500000,0x0000005c36600000)]
  0x000001b2eda3bad0 JavaThread "C2 CompilerThread0" daemon [_thread_blocked, id=4840, stack(0x0000005c36600000,0x0000005c36700000)]
  0x000001b2eda3c570 JavaThread "C1 CompilerThread0" daemon [_thread_blocked, id=13668, stack(0x0000005c36700000,0x0000005c36800000)]
  0x000001b2eda51770 JavaThread "Sweeper thread" daemon [_thread_blocked, id=14140, stack(0x0000005c36800000,0x0000005c36900000)]
  0x000001b2edc2e3b0 JavaThread "Common-Cleaner" daemon [_thread_blocked, id=2508, stack(0x0000005c36900000,0x0000005c36a00000)]
  0x000001b2edddc290 JavaThread "C2 CompilerThread1" daemon [_thread_blocked, id=772, stack(0x0000005c36a00000,0x0000005c36b00000)]
  0x000001b2f2176970 JavaThread "Monitor Ctrl-Break" daemon [_thread_in_native, id=2740, stack(0x0000005c36b00000,0x0000005c36c00000)]
  0x000001b2eddda190 JavaThread "Notification Thread" daemon [_thread_blocked, id=13316, stack(0x0000005c36c00000,0x0000005c36d00000)]
=>0x000001b2f2cd5ae0 JavaThread "background-preinit" [_thread_in_vm, id=8100, stack(0x0000005c37100000,0x0000005c37200000)]

Other Threads:
  0x000001b2eda119d0 VMThread "VM Thread" [stack: 0x0000005c35f00000,0x0000005c36000000] [id=8424]
  0x000001b2eda1c6c0 WatcherThread [stack: 0x0000005c36d00000,0x0000005c36e00000] [id=3544]
  0x000001b2d02a32e0 GCTaskThread "GC Thread#0" [stack: 0x0000005c35a00000,0x0000005c35b00000] [id=13920]
  0x000001b2f25b8b90 GCTaskThread "GC Thread#1" [stack: 0x0000005c36e00000,0x0000005c36f00000] [id=5780]
  0x000001b2f25baf50 GCTaskThread "GC Thread#2" [stack: 0x0000005c36f00000,0x0000005c37000000] [id=13608]
  0x000001b2f26526c0 GCTaskThread "GC Thread#3" [stack: 0x0000005c37000000,0x0000005c37100000] [id=8124]
  0x000001b2ce12e640 ConcurrentGCThread "G1 Main Marker" [stack: 0x0000005c35b00000,0x0000005c35c00000] [id=2308]
  0x000001b2d02b1fe0 ConcurrentGCThread "G1 Conc#0" [stack: 0x0000005c35c00000,0x0000005c35d00000] [id=2576]
  0x000001b2ed8d00a0 ConcurrentGCThread "G1 Refine#0" [stack: 0x0000005c35d00000,0x0000005c35e00000] [id=6600]
  0x000001b2ed8d0ac0 ConcurrentGCThread "G1 Service" [stack: 0x0000005c35e00000,0x0000005c35f00000] [id=3316]

Threads with active compile tasks:

VM state: not at safepoint (normal execution)

VM Mutex/Monitor currently owned by a thread:  ([mutex/lock_event])
[0x000001b2d0243e80] Metaspace_lock - owner thread: 0x000001b2f2cd5ae0

Heap address: 0x0000000082800000, size: 2008 MB, Compressed Oops mode: 32-bit

CDS archive(s) mapped at: [0x000001b280000000-0x000001b280bd0000-0x000001b280bd0000), size 12386304, SharedBaseAddress: 0x000001b280000000, ArchiveRelocationMode: 1.
Compressed class space mapped at: 0x000001b281000000-0x000001b2c1000000, reserved size: 1073741824
Narrow klass base: 0x000001b280000000, Narrow klass shift: 0, Narrow klass range: 0x100000000

GC Precious Log:
 CPUs: 4 total, 4 available
 Memory: 8024M
 Large Page Support: Disabled
 NUMA Support: Disabled
 Compressed Oops: Enabled (32-bit)
 Heap Region Size: 1M
 Heap Min Capacity: 8M
 Heap Initial Capacity: 126M
 Heap Max Capacity: 2008M
 Pre-touch: Disabled
 Parallel Workers: 4
 Concurrent Workers: 1
 Concurrent Refinement Workers: 4
 Periodic GC: Disabled

Heap:
 garbage-first heap   total 129024K, used 24485K [0x0000000082800000, 0x0000000100000000)
  region size 1024K, 20 young (20480K), 2 survivors (2048K)
 Metaspace       used 10835K, committed 11072K, reserved 1114112K
  class space    used 1300K, committed 1408K, reserved 1048576K

Heap Regions: E=young(eden), S=young(survivor), O=old, HS=humongous(starts), HC=humongous(continues), CS=collection set, F=free, OA=open archive, CA=closed archive, TAMS=top-at-mark-start (previous, next)
|   0|0x0000000082800000, 0x0000000082900000, 0x0000000082900000|100%|HS|  |TAMS 0x0000000082800000, 0x0000000082800000| Complete 
|   1|0x0000000082900000, 0x0000000082a00000, 0x0000000082a00000|100%| O|  |TAMS 0x0000000082900000, 0x0000000082900000| Untracked 
|   2|0x0000000082a00000, 0x0000000082b00000, 0x0000000082b00000|100%| O|  |TAMS 0x0000000082a00000, 0x0000000082a00000| Untracked 
|   3|0x0000000082b00000, 0x0000000082c00000, 0x0000000082c00000|100%| O|  |TAMS 0x0000000082b00000, 0x0000000082b00000| Untracked 
|   4|0x0000000082c00000, 0x0000000082d00000, 0x0000000082d00000|100%| O|  |TAMS 0x0000000082c00000, 0x0000000082c00000| Untracked 
|   5|0x0000000082d00000, 0x0000000082e00000, 0x0000000082e00000|100%| O|  |TAMS 0x0000000082d00000, 0x0000000082d00000| Untracked 
|   6|0x0000000082e00000, 0x0000000082e9ca00, 0x0000000082f00000| 61%| O|  |TAMS 0x0000000082e00000, 0x0000000082e00000| Untracked 
|   7|0x0000000082f00000, 0x0000000082f00000, 0x0000000083000000|  0%| F|  |TAMS 0x0000000082f00000, 0x0000000082f00000| Untracked 
|   8|0x0000000083000000, 0x0000000083000000, 0x0000000083100000|  0%| F|  |TAMS 0x0000000083000000, 0x0000000083000000| Untracked 
|   9|0x0000000083100000, 0x0000000083100000, 0x0000000083200000|  0%| F|  |TAMS 0x0000000083100000, 0x0000000083100000| Untracked 
|  10|0x0000000083200000, 0x0000000083200000, 0x0000000083300000|  0%| F|  |TAMS 0x0000000083200000, 0x0000000083200000| Untracked 
|  11|0x0000000083300000, 0x0000000083300000, 0x0000000083400000|  0%| F|  |TAMS 0x0000000083300000, 0x0000000083300000| Untracked 
|  12|0x0000000083400000, 0x0000000083400000, 0x0000000083500000|  0%| F|  |TAMS 0x0000000083400000, 0x0000000083400000| Untracked 
|  13|0x0000000083500000, 0x0000000083500000, 0x0000000083600000|  0%| F|  |TAMS 0x0000000083500000, 0x0000000083500000| Untracked 
|  14|0x0000000083600000, 0x0000000083600000, 0x0000000083700000|  0%| F|  |TAMS 0x0000000083600000, 0x0000000083600000| Untracked 
|  15|0x0000000083700000, 0x0000000083700000, 0x0000000083800000|  0%| F|  |TAMS 0x0000000083700000, 0x0000000083700000| Untracked 
|  16|0x0000000083800000, 0x0000000083800000, 0x0000000083900000|  0%| F|  |TAMS 0x0000000083800000, 0x0000000083800000| Untracked 
|  17|0x0000000083900000, 0x0000000083900000, 0x0000000083a00000|  0%| F|  |TAMS 0x0000000083900000, 0x0000000083900000| Untracked 
|  18|0x0000000083a00000, 0x0000000083a00000, 0x0000000083b00000|  0%| F|  |TAMS 0x0000000083a00000, 0x0000000083a00000| Untracked 
|  19|0x0000000083b00000, 0x0000000083b00000, 0x0000000083c00000|  0%| F|  |TAMS 0x0000000083b00000, 0x0000000083b00000| Untracked 
|  20|0x0000000083c00000, 0x0000000083c00000, 0x0000000083d00000|  0%| F|  |TAMS 0x0000000083c00000, 0x0000000083c00000| Untracked 
|  21|0x0000000083d00000, 0x0000000083d00000, 0x0000000083e00000|  0%| F|  |TAMS 0x0000000083d00000, 0x0000000083d00000| Untracked 
|  22|0x0000000083e00000, 0x0000000083e00000, 0x0000000083f00000|  0%| F|  |TAMS 0x0000000083e00000, 0x0000000083e00000| Untracked 
|  23|0x0000000083f00000, 0x0000000083f00000, 0x0000000084000000|  0%| F|  |TAMS 0x0000000083f00000, 0x0000000083f00000| Untracked 
|  24|0x0000000084000000, 0x0000000084000000, 0x0000000084100000|  0%| F|  |TAMS 0x0000000084000000, 0x0000000084000000| Untracked 
|  25|0x0000000084100000, 0x0000000084100000, 0x0000000084200000|  0%| F|  |TAMS 0x0000000084100000, 0x0000000084100000| Untracked 
|  26|0x0000000084200000, 0x0000000084200000, 0x0000000084300000|  0%| F|  |TAMS 0x0000000084200000, 0x0000000084200000| Untracked 
|  27|0x0000000084300000, 0x0000000084300000, 0x0000000084400000|  0%| F|  |TAMS 0x0000000084300000, 0x0000000084300000| Untracked 
|  28|0x0000000084400000, 0x0000000084400000, 0x0000000084500000|  0%| F|  |TAMS 0x0000000084400000, 0x0000000084400000| Untracked 
|  29|0x0000000084500000, 0x0000000084500000, 0x0000000084600000|  0%| F|  |TAMS 0x0000000084500000, 0x0000000084500000| Untracked 
|  30|0x0000000084600000, 0x0000000084600000, 0x0000000084700000|  0%| F|  |TAMS 0x0000000084600000, 0x0000000084600000| Untracked 
|  31|0x0000000084700000, 0x0000000084700000, 0x0000000084800000|  0%| F|  |TAMS 0x0000000084700000, 0x0000000084700000| Untracked 
|  32|0x0000000084800000, 0x0000000084800000, 0x0000000084900000|  0%| F|  |TAMS 0x0000000084800000, 0x0000000084800000| Untracked 
|  33|0x0000000084900000, 0x0000000084900000, 0x0000000084a00000|  0%| F|  |TAMS 0x0000000084900000, 0x0000000084900000| Untracked 
|  34|0x0000000084a00000, 0x0000000084a00000, 0x0000000084b00000|  0%| F|  |TAMS 0x0000000084a00000, 0x0000000084a00000| Untracked 
|  35|0x0000000084b00000, 0x0000000084b00000, 0x0000000084c00000|  0%| F|  |TAMS 0x0000000084b00000, 0x0000000084b00000| Untracked 
|  36|0x0000000084c00000, 0x0000000084c00000, 0x0000000084d00000|  0%| F|  |TAMS 0x0000000084c00000, 0x0000000084c00000| Untracked 
|  37|0x0000000084d00000, 0x0000000084d00000, 0x0000000084e00000|  0%| F|  |TAMS 0x0000000084d00000, 0x0000000084d00000| Untracked 
|  38|0x0000000084e00000, 0x0000000084e00000, 0x0000000084f00000|  0%| F|  |TAMS 0x0000000084e00000, 0x0000000084e00000| Untracked 
|  39|0x0000000084f00000, 0x0000000084f00000, 0x0000000085000000|  0%| F|  |TAMS 0x0000000084f00000, 0x0000000084f00000| Untracked 
|  40|0x0000000085000000, 0x0000000085000000, 0x0000000085100000|  0%| F|  |TAMS 0x0000000085000000, 0x0000000085000000| Untracked 
|  41|0x0000000085100000, 0x0000000085100000, 0x0000000085200000|  0%| F|  |TAMS 0x0000000085100000, 0x0000000085100000| Untracked 
|  42|0x0000000085200000, 0x0000000085200000, 0x0000000085300000|  0%| F|  |TAMS 0x0000000085200000, 0x0000000085200000| Untracked 
|  43|0x0000000085300000, 0x0000000085300000, 0x0000000085400000|  0%| F|  |TAMS 0x0000000085300000, 0x0000000085300000| Untracked 
|  44|0x0000000085400000, 0x0000000085400000, 0x0000000085500000|  0%| F|  |TAMS 0x0000000085400000, 0x0000000085400000| Untracked 
|  45|0x0000000085500000, 0x0000000085500000, 0x0000000085600000|  0%| F|  |TAMS 0x0000000085500000, 0x0000000085500000| Untracked 
|  46|0x0000000085600000, 0x0000000085600000, 0x0000000085700000|  0%| F|  |TAMS 0x0000000085600000, 0x0000000085600000| Untracked 
|  47|0x0000000085700000, 0x0000000085700000, 0x0000000085800000|  0%| F|  |TAMS 0x0000000085700000, 0x0000000085700000| Untracked 
|  48|0x0000000085800000, 0x0000000085800000, 0x0000000085900000|  0%| F|  |TAMS 0x0000000085800000, 0x0000000085800000| Untracked 
|  49|0x0000000085900000, 0x0000000085900000, 0x0000000085a00000|  0%| F|  |TAMS 0x0000000085900000, 0x0000000085900000| Untracked 
|  50|0x0000000085a00000, 0x0000000085a00000, 0x0000000085b00000|  0%| F|  |TAMS 0x0000000085a00000, 0x0000000085a00000| Untracked 
|  51|0x0000000085b00000, 0x0000000085b00000, 0x0000000085c00000|  0%| F|  |TAMS 0x0000000085b00000, 0x0000000085b00000| Untracked 
|  52|0x0000000085c00000, 0x0000000085c00000, 0x0000000085d00000|  0%| F|  |TAMS 0x0000000085c00000, 0x0000000085c00000| Untracked 
|  53|0x0000000085d00000, 0x0000000085d00000, 0x0000000085e00000|  0%| F|  |TAMS 0x0000000085d00000, 0x0000000085d00000| Untracked 
|  54|0x0000000085e00000, 0x0000000085e00000, 0x0000000085f00000|  0%| F|  |TAMS 0x0000000085e00000, 0x0000000085e00000| Untracked 
|  55|0x0000000085f00000, 0x0000000085f00000, 0x0000000086000000|  0%| F|  |TAMS 0x0000000085f00000, 0x0000000085f00000| Untracked 
|  56|0x0000000086000000, 0x0000000086000000, 0x0000000086100000|  0%| F|  |TAMS 0x0000000086000000, 0x0000000086000000| Untracked 
|  57|0x0000000086100000, 0x0000000086100000, 0x0000000086200000|  0%| F|  |TAMS 0x0000000086100000, 0x0000000086100000| Untracked 
|  58|0x0000000086200000, 0x0000000086200000, 0x0000000086300000|  0%| F|  |TAMS 0x0000000086200000, 0x0000000086200000| Untracked 
|  59|0x0000000086300000, 0x0000000086300000, 0x0000000086400000|  0%| F|  |TAMS 0x0000000086300000, 0x0000000086300000| Untracked 
|  60|0x0000000086400000, 0x0000000086400000, 0x0000000086500000|  0%| F|  |TAMS 0x0000000086400000, 0x0000000086400000| Untracked 
|  61|0x0000000086500000, 0x0000000086500000, 0x0000000086600000|  0%| F|  |TAMS 0x0000000086500000, 0x0000000086500000| Untracked 
|  62|0x0000000086600000, 0x0000000086600000, 0x0000000086700000|  0%| F|  |TAMS 0x0000000086600000, 0x0000000086600000| Untracked 
|  63|0x0000000086700000, 0x0000000086700000, 0x0000000086800000|  0%| F|  |TAMS 0x0000000086700000, 0x0000000086700000| Untracked 
|  64|0x0000000086800000, 0x0000000086800000, 0x0000000086900000|  0%| F|  |TAMS 0x0000000086800000, 0x0000000086800000| Untracked 
|  65|0x0000000086900000, 0x0000000086900000, 0x0000000086a00000|  0%| F|  |TAMS 0x0000000086900000, 0x0000000086900000| Untracked 
|  66|0x0000000086a00000, 0x0000000086a00000, 0x0000000086b00000|  0%| F|  |TAMS 0x0000000086a00000, 0x0000000086a00000| Untracked 
|  67|0x0000000086b00000, 0x0000000086b00000, 0x0000000086c00000|  0%| F|  |TAMS 0x0000000086b00000, 0x0000000086b00000| Untracked 
|  68|0x0000000086c00000, 0x0000000086c00000, 0x0000000086d00000|  0%| F|  |TAMS 0x0000000086c00000, 0x0000000086c00000| Untracked 
|  69|0x0000000086d00000, 0x0000000086d00000, 0x0000000086e00000|  0%| F|  |TAMS 0x0000000086d00000, 0x0000000086d00000| Untracked 
|  70|0x0000000086e00000, 0x0000000086e00000, 0x0000000086f00000|  0%| F|  |TAMS 0x0000000086e00000, 0x0000000086e00000| Untracked 
|  71|0x0000000086f00000, 0x0000000086f00000, 0x0000000087000000|  0%| F|  |TAMS 0x0000000086f00000, 0x0000000086f00000| Untracked 
|  72|0x0000000087000000, 0x0000000087000000, 0x0000000087100000|  0%| F|  |TAMS 0x0000000087000000, 0x0000000087000000| Untracked 
|  73|0x0000000087100000, 0x0000000087100000, 0x0000000087200000|  0%| F|  |TAMS 0x0000000087100000, 0x0000000087100000| Untracked 
|  74|0x0000000087200000, 0x0000000087200000, 0x0000000087300000|  0%| F|  |TAMS 0x0000000087200000, 0x0000000087200000| Untracked 
|  75|0x0000000087300000, 0x0000000087300000, 0x0000000087400000|  0%| F|  |TAMS 0x0000000087300000, 0x0000000087300000| Untracked 
|  76|0x0000000087400000, 0x0000000087400000, 0x0000000087500000|  0%| F|  |TAMS 0x0000000087400000, 0x0000000087400000| Untracked 
|  77|0x0000000087500000, 0x0000000087500000, 0x0000000087600000|  0%| F|  |TAMS 0x0000000087500000, 0x0000000087500000| Untracked 
|  78|0x0000000087600000, 0x0000000087600000, 0x0000000087700000|  0%| F|  |TAMS 0x0000000087600000, 0x0000000087600000| Untracked 
|  79|0x0000000087700000, 0x0000000087700000, 0x0000000087800000|  0%| F|  |TAMS 0x0000000087700000, 0x0000000087700000| Untracked 
|  80|0x0000000087800000, 0x0000000087800000, 0x0000000087900000|  0%| F|  |TAMS 0x0000000087800000, 0x0000000087800000| Untracked 
|  81|0x0000000087900000, 0x0000000087900000, 0x0000000087a00000|  0%| F|  |TAMS 0x0000000087900000, 0x0000000087900000| Untracked 
|  82|0x0000000087a00000, 0x0000000087a00000, 0x0000000087b00000|  0%| F|  |TAMS 0x0000000087a00000, 0x0000000087a00000| Untracked 
|  83|0x0000000087b00000, 0x0000000087b00000, 0x0000000087c00000|  0%| F|  |TAMS 0x0000000087b00000, 0x0000000087b00000| Untracked 
|  84|0x0000000087c00000, 0x0000000087c00000, 0x0000000087d00000|  0%| F|  |TAMS 0x0000000087c00000, 0x0000000087c00000| Untracked 
|  85|0x0000000087d00000, 0x0000000087d00000, 0x0000000087e00000|  0%| F|  |TAMS 0x0000000087d00000, 0x0000000087d00000| Untracked 
|  86|0x0000000087e00000, 0x0000000087e00000, 0x0000000087f00000|  0%| F|  |TAMS 0x0000000087e00000, 0x0000000087e00000| Untracked 
|  87|0x0000000087f00000, 0x0000000087f00000, 0x0000000088000000|  0%| F|  |TAMS 0x0000000087f00000, 0x0000000087f00000| Untracked 
|  88|0x0000000088000000, 0x0000000088000000, 0x0000000088100000|  0%| F|  |TAMS 0x0000000088000000, 0x0000000088000000| Untracked 
|  89|0x0000000088100000, 0x0000000088100000, 0x0000000088200000|  0%| F|  |TAMS 0x0000000088100000, 0x0000000088100000| Untracked 
|  90|0x0000000088200000, 0x0000000088200000, 0x0000000088300000|  0%| F|  |TAMS 0x0000000088200000, 0x0000000088200000| Untracked 
|  91|0x0000000088300000, 0x0000000088300000, 0x0000000088400000|  0%| F|  |TAMS 0x0000000088300000, 0x0000000088300000| Untracked 
|  92|0x0000000088400000, 0x0000000088400000, 0x0000000088500000|  0%| F|  |TAMS 0x0000000088400000, 0x0000000088400000| Untracked 
|  93|0x0000000088500000, 0x0000000088500000, 0x0000000088600000|  0%| F|  |TAMS 0x0000000088500000, 0x0000000088500000| Untracked 
|  94|0x0000000088600000, 0x0000000088600000, 0x0000000088700000|  0%| F|  |TAMS 0x0000000088600000, 0x0000000088600000| Untracked 
|  95|0x0000000088700000, 0x0000000088700000, 0x0000000088800000|  0%| F|  |TAMS 0x0000000088700000, 0x0000000088700000| Untracked 
|  96|0x0000000088800000, 0x0000000088800000, 0x0000000088900000|  0%| F|  |TAMS 0x0000000088800000, 0x0000000088800000| Untracked 
|  97|0x0000000088900000, 0x0000000088900000, 0x0000000088a00000|  0%| F|  |TAMS 0x0000000088900000, 0x0000000088900000| Untracked 
|  98|0x0000000088a00000, 0x0000000088a00000, 0x0000000088b00000|  0%| F|  |TAMS 0x0000000088a00000, 0x0000000088a00000| Untracked 
|  99|0x0000000088b00000, 0x0000000088b00000, 0x0000000088c00000|  0%| F|  |TAMS 0x0000000088b00000, 0x0000000088b00000| Untracked 
| 100|0x0000000088c00000, 0x0000000088c00000, 0x0000000088d00000|  0%| F|  |TAMS 0x0000000088c00000, 0x0000000088c00000| Untracked 
| 101|0x0000000088d00000, 0x0000000088d00000, 0x0000000088e00000|  0%| F|  |TAMS 0x0000000088d00000, 0x0000000088d00000| Untracked 
| 102|0x0000000088e00000, 0x0000000088e00000, 0x0000000088f00000|  0%| F|  |TAMS 0x0000000088e00000, 0x0000000088e00000| Untracked 
| 103|0x0000000088f00000, 0x0000000088f00000, 0x0000000089000000|  0%| F|  |TAMS 0x0000000088f00000, 0x0000000088f00000| Untracked 
| 104|0x0000000089000000, 0x0000000089000000, 0x0000000089100000|  0%| F|  |TAMS 0x0000000089000000, 0x0000000089000000| Untracked 
| 105|0x0000000089100000, 0x0000000089100000, 0x0000000089200000|  0%| F|  |TAMS 0x0000000089100000, 0x0000000089100000| Untracked 
| 106|0x0000000089200000, 0x00000000892c81f8, 0x0000000089300000| 78%| E|  |TAMS 0x0000000089200000, 0x0000000089200000| Complete 
| 107|0x0000000089300000, 0x0000000089400000, 0x0000000089400000|100%| E|CS|TAMS 0x0000000089300000, 0x0000000089300000| Complete 
| 108|0x0000000089400000, 0x0000000089500000, 0x0000000089500000|100%| E|CS|TAMS 0x0000000089400000, 0x0000000089400000| Complete 
| 109|0x0000000089500000, 0x0000000089600000, 0x0000000089600000|100%| E|CS|TAMS 0x0000000089500000, 0x0000000089500000| Complete 
| 110|0x0000000089600000, 0x0000000089700000, 0x0000000089700000|100%| E|CS|TAMS 0x0000000089600000, 0x0000000089600000| Complete 
| 111|0x0000000089700000, 0x0000000089800000, 0x0000000089800000|100%| E|  |TAMS 0x0000000089700000, 0x0000000089700000| Complete 
| 112|0x0000000089800000, 0x0000000089900000, 0x0000000089900000|100%| E|CS|TAMS 0x0000000089800000, 0x0000000089800000| Complete 
| 113|0x0000000089900000, 0x000000008994cc40, 0x0000000089a00000| 29%| S|CS|TAMS 0x0000000089900000, 0x0000000089900000| Complete 
| 114|0x0000000089a00000, 0x0000000089b00000, 0x0000000089b00000|100%| S|CS|TAMS 0x0000000089a00000, 0x0000000089a00000| Complete 
| 115|0x0000000089b00000, 0x0000000089c00000, 0x0000000089c00000|100%| E|CS|TAMS 0x0000000089b00000, 0x0000000089b00000| Complete 
| 116|0x0000000089c00000, 0x0000000089d00000, 0x0000000089d00000|100%| E|CS|TAMS 0x0000000089c00000, 0x0000000089c00000| Complete 
| 117|0x0000000089d00000, 0x0000000089e00000, 0x0000000089e00000|100%| E|CS|TAMS 0x0000000089d00000, 0x0000000089d00000| Complete 
| 118|0x0000000089e00000, 0x0000000089f00000, 0x0000000089f00000|100%| E|CS|TAMS 0x0000000089e00000, 0x0000000089e00000| Complete 
| 119|0x0000000089f00000, 0x000000008a000000, 0x000000008a000000|100%| E|CS|TAMS 0x0000000089f00000, 0x0000000089f00000| Complete 
| 120|0x000000008a000000, 0x000000008a100000, 0x000000008a100000|100%| E|CS|TAMS 0x000000008a000000, 0x000000008a000000| Complete 
| 121|0x000000008a100000, 0x000000008a200000, 0x000000008a200000|100%| E|CS|TAMS 0x000000008a100000, 0x000000008a100000| Complete 
| 122|0x000000008a200000, 0x000000008a300000, 0x000000008a300000|100%| E|CS|TAMS 0x000000008a200000, 0x000000008a200000| Complete 
| 123|0x000000008a300000, 0x000000008a400000, 0x000000008a400000|100%| E|CS|TAMS 0x000000008a300000, 0x000000008a300000| Complete 
| 124|0x000000008a400000, 0x000000008a500000, 0x000000008a500000|100%| E|CS|TAMS 0x000000008a400000, 0x000000008a400000| Complete 
| 125|0x000000008a500000, 0x000000008a600000, 0x000000008a600000|100%| E|CS|TAMS 0x000000008a500000, 0x000000008a500000| Complete 

Card table byte_map: [0x000001b2e6ed0000,0x000001b2e72c0000] _byte_map_base: 0x000001b2e6abc000

Marking Bits (Prev, Next): (CMBitMap*) 0x000001b2d02a38f0, (CMBitMap*) 0x000001b2d02a3930
 Prev Bits: [0x000001b2e76b0000, 0x000001b2e9610000)
 Next Bits: [0x000001b2e9610000, 0x000001b2eb570000)

Polling page: 0x000001b2cfa10000

Metaspace:

Usage:
  Non-class:      9.31 MB used.
      Class:      1.27 MB used.
       Both:     10.58 MB used.

Virtual space:
  Non-class space:       64.00 MB reserved,       9.44 MB ( 15%) committed,  1 nodes.
      Class space:        1.00 GB reserved,       1.38 MB ( <1%) committed,  1 nodes.
             Both:        1.06 GB reserved,      10.81 MB ( <1%) committed. 

Chunk freelists:
   Non-Class:  6.11 MB
       Class:  14.53 MB
        Both:  20.64 MB

MaxMetaspaceSize: unlimited
CompressedClassSpaceSize: 1.00 GB
Initial GC threshold: 21.00 MB
Current GC threshold: 21.00 MB
CDS: on
MetaspaceReclaimPolicy: balanced
 - commit_granule_bytes: 65536.
 - commit_granule_words: 8192.
 - virtual_space_node_default_size: 8388608.
 - enlarge_chunks_in_place: 1.
 - new_chunks_are_fully_committed: 0.
 - uncommit_free_chunks: 1.
 - use_allocation_guard: 0.
 - handle_deallocations: 1.


Internal statistics:

num_allocs_failed_limit: 0.
num_arena_births: 182.
num_arena_deaths: 0.
num_vsnodes_births: 2.
num_vsnodes_deaths: 0.
num_space_committed: 173.
num_space_uncommitted: 0.
num_chunks_returned_to_freelist: 0.
num_chunks_taken_from_freelist: 514.
num_chunk_merges: 0.
num_chunk_splits: 341.
num_chunks_enlarged: 261.
num_purges: 0.
num_inconsistent_stats: 0.

CodeHeap 'non-profiled nmethods': size=120000Kb used=570Kb max_used=570Kb free=119429Kb
 bounds [0x000001b2df5b0000, 0x000001b2df820000, 0x000001b2e6ae0000]
CodeHeap 'profiled nmethods': size=120000Kb used=2913Kb max_used=2913Kb free=117086Kb
 bounds [0x000001b2d7ae0000, 0x000001b2d7dc0000, 0x000001b2df010000]
CodeHeap 'non-nmethods': size=5760Kb used=1155Kb max_used=1196Kb free=4604Kb
 bounds [0x000001b2df010000, 0x000001b2df280000, 0x000001b2df5b0000]
 total_blobs=2019 nmethods=1573 adapters=358
 compilation: enabled
              stopped_count=0, restarted_count=0
 full_count=0

Compilation events (20 events):
Event: 1.544 Thread 0x000001b2eda3c570 nmethod 1563 0x000001b2d7db1490 code [0x000001b2d7db1620, 0x000001b2d7db1748]
Event: 1.544 Thread 0x000001b2eda3c570 1564       3       jdk.internal.org.objectweb.asm.Frame::setInputFrameFromDescriptor (175 bytes)
Event: 1.545 Thread 0x000001b2eda3c570 nmethod 1564 0x000001b2d7db1810 code [0x000001b2d7db1a20, 0x000001b2d7db2218]
Event: 1.545 Thread 0x000001b2eda3c570 1565       3       jdk.internal.org.objectweb.asm.Type::getArgumentTypes (154 bytes)
Event: 1.549 Thread 0x000001b2eda3c570 nmethod 1565 0x000001b2d7db2610 code [0x000001b2d7db2ae0, 0x000001b2d7db5388]
Event: 1.549 Thread 0x000001b2eda3c570 1567       3       ch.qos.logback.classic.Logger::getChildByName (68 bytes)
Event: 1.549 Thread 0x000001b2eda3c570 nmethod 1567 0x000001b2d7db6290 code [0x000001b2d7db6480, 0x000001b2d7db6a28]
Event: 1.549 Thread 0x000001b2eda3c570 1566       3       java.util.concurrent.ThreadLocalRandom::getProbe (13 bytes)
Event: 1.549 Thread 0x000001b2eda3c570 nmethod 1566 0x000001b2d7db6c10 code [0x000001b2d7db6da0, 0x000001b2d7db6eb8]
Event: 1.550 Thread 0x000001b2eda3bad0 1568       4       jdk.internal.jimage.ImageLocation::readValue (61 bytes)
Event: 1.550 Thread 0x000001b2eda3c570 1569       3       java.util.zip.ZipEntry::<init> (84 bytes)
Event: 1.550 Thread 0x000001b2eda3c570 nmethod 1569 0x000001b2d7db6f10 code [0x000001b2d7db7100, 0x000001b2d7db7698]
Event: 1.551 Thread 0x000001b2eda3c570 1570       3       java.util.Collections$EmptySet::iterator (4 bytes)
Event: 1.551 Thread 0x000001b2eda3c570 nmethod 1570 0x000001b2d7db7890 code [0x000001b2d7db7a20, 0x000001b2d7db7b98]
Event: 1.554 Thread 0x000001b2eda3c570 1571       3       java.lang.invoke.MemberName::changeReferenceKind (60 bytes)
Event: 1.554 Thread 0x000001b2eda3c570 nmethod 1571 0x000001b2d7db7c90 code [0x000001b2d7db7e20, 0x000001b2d7db7f58]
Event: 1.557 Thread 0x000001b2eda3bad0 nmethod 1568 0x000001b2df63e010 code [0x000001b2df63e1a0, 0x000001b2df63e498]
Event: 1.558 Thread 0x000001b2eda3c570 1572       3       sun.reflect.generics.reflectiveObjects.ParameterizedTypeImpl::getActualTypeArguments (11 bytes)
Event: 1.558 Thread 0x000001b2eda3c570 nmethod 1572 0x000001b2d7db8010 code [0x000001b2d7db81c0, 0x000001b2d7db84a8]
Event: 1.560 Thread 0x000001b2edddc290 1573       4       java.lang.ClassLoader::checkName (37 bytes)

GC Heap History (4 events):
Event: 0.661 GC heap before
{Heap before GC invocations=0 (full 0):
 garbage-first heap   total 129024K, used 13312K [0x0000000082800000, 0x0000000100000000)
  region size 1024K, 13 young (13312K), 0 survivors (0K)
 Metaspace       used 2754K, committed 2944K, reserved 1114112K
  class space    used 267K, committed 384K, reserved 1048576K
}
Event: 0.666 GC heap after
{Heap after GC invocations=1 (full 0):
 garbage-first heap   total 129024K, used 6716K [0x0000000082800000, 0x0000000100000000)
  region size 1024K, 2 young (2048K), 2 survivors (2048K)
 Metaspace       used 2754K, committed 2944K, reserved 1114112K
  class space    used 267K, committed 384K, reserved 1048576K
}
Event: 1.106 GC heap before
{Heap before GC invocations=1 (full 0):
 garbage-first heap   total 129024K, used 17980K [0x0000000082800000, 0x0000000100000000)
  region size 1024K, 13 young (13312K), 2 survivors (2048K)
 Metaspace       used 6308K, committed 6528K, reserved 1114112K
  class space    used 730K, committed 832K, reserved 1048576K
}
Event: 1.111 GC heap after
{Heap after GC invocations=2 (full 0):
 garbage-first heap   total 129024K, used 8101K [0x0000000082800000, 0x0000000100000000)
  region size 1024K, 2 young (2048K), 2 survivors (2048K)
 Metaspace       used 6308K, committed 6528K, reserved 1114112K
  class space    used 730K, committed 832K, reserved 1048576K
}

Deoptimization events (20 events):
Event: 1.159 Thread 0x000001b2d024bdf0 Uncommon trap: trap_request=0xffffffde fr.pc=0x000001b2df620548 relative=0x0000000000000128
Event: 1.159 Thread 0x000001b2d024bdf0 Uncommon trap: reason=class_check action=maybe_recompile pc=0x000001b2df620548 method=jdk.internal.misc.Unsafe.allocateUninitializedArray(Ljava/lang/Class;I)Ljava/lang/Object; @ 51 c2
Event: 1.159 Thread 0x000001b2d024bdf0 DEOPT PACKING pc=0x000001b2df620548 sp=0x0000005c359fc600
Event: 1.159 Thread 0x000001b2d024bdf0 DEOPT UNPACKING pc=0x000001b2df0623a3 sp=0x0000005c359fc588 mode 2
Event: 1.159 Thread 0x000001b2d024bdf0 Uncommon trap: trap_request=0xffffffde fr.pc=0x000001b2df620548 relative=0x0000000000000128
Event: 1.159 Thread 0x000001b2d024bdf0 Uncommon trap: reason=class_check action=maybe_recompile pc=0x000001b2df620548 method=jdk.internal.misc.Unsafe.allocateUninitializedArray(Ljava/lang/Class;I)Ljava/lang/Object; @ 51 c2
Event: 1.159 Thread 0x000001b2d024bdf0 DEOPT PACKING pc=0x000001b2df620548 sp=0x0000005c359fc650
Event: 1.159 Thread 0x000001b2d024bdf0 DEOPT UNPACKING pc=0x000001b2df0623a3 sp=0x0000005c359fc5d8 mode 2
Event: 1.210 Thread 0x000001b2d024bdf0 Uncommon trap: trap_request=0xffffffde fr.pc=0x000001b2df60e138 relative=0x0000000000000a18
Event: 1.210 Thread 0x000001b2d024bdf0 Uncommon trap: reason=class_check action=maybe_recompile pc=0x000001b2df60e138 method=java.util.HashMap.putVal(ILjava/lang/Object;Ljava/lang/Object;ZZ)Ljava/lang/Object; @ 91 c2
Event: 1.210 Thread 0x000001b2d024bdf0 DEOPT PACKING pc=0x000001b2df60e138 sp=0x0000005c359fe500
Event: 1.210 Thread 0x000001b2d024bdf0 DEOPT UNPACKING pc=0x000001b2df0623a3 sp=0x0000005c359fe4a0 mode 2
Event: 1.211 Thread 0x000001b2d024bdf0 Uncommon trap: trap_request=0xffffffde fr.pc=0x000001b2df60e138 relative=0x0000000000000a18
Event: 1.211 Thread 0x000001b2d024bdf0 Uncommon trap: reason=class_check action=maybe_recompile pc=0x000001b2df60e138 method=java.util.HashMap.putVal(ILjava/lang/Object;Ljava/lang/Object;ZZ)Ljava/lang/Object; @ 91 c2
Event: 1.211 Thread 0x000001b2d024bdf0 DEOPT PACKING pc=0x000001b2df60e138 sp=0x0000005c359fe500
Event: 1.211 Thread 0x000001b2d024bdf0 DEOPT UNPACKING pc=0x000001b2df0623a3 sp=0x0000005c359fe4a0 mode 2
Event: 1.459 Thread 0x000001b2f2cd5ae0 Uncommon trap: trap_request=0xffffff45 fr.pc=0x000001b2df636264 relative=0x0000000000000c44
Event: 1.459 Thread 0x000001b2f2cd5ae0 Uncommon trap: reason=unstable_if action=reinterpret pc=0x000001b2df636264 method=java.util.concurrent.ConcurrentHashMap.addCount(JI)V @ 34 c2
Event: 1.459 Thread 0x000001b2f2cd5ae0 DEOPT PACKING pc=0x000001b2df636264 sp=0x0000005c371fe4e0
Event: 1.459 Thread 0x000001b2f2cd5ae0 DEOPT UNPACKING pc=0x000001b2df0623a3 sp=0x0000005c371fe3a0 mode 2

Classes unloaded (0 events):
No events

Classes redefined (0 events):
No events

Internal exceptions (20 events):
Event: 1.165 Thread 0x000001b2d024bdf0 Exception <a 'java/lang/NoSuchMethodError'{0x000000008a4ae360}: 'java.lang.Object java.lang.invoke.DirectMethodHandle$Holder.newInvokeSpecial(java.lang.Object, java.lang.Object, java.lang.Object, java.lang.Object, java.lang.Object, java.lang.Object, int)'> (0x000000008a4ae360) 
thrown [s\open\src\hotspot\share\interpreter\linkResolver.cpp, line 759]
Event: 1.165 Thread 0x000001b2d024bdf0 Exception <a 'java/lang/NoSuchMethodError'{0x000000008a4b33a0}: 'java.lang.Object java.lang.invoke.DirectMethodHandle$Holder.invokeSpecial(java.lang.Object, java.lang.Object, java.lang.Object, java.lang.Object, java.lang.Object, java.lang.Object, java.lang.Object, int)'> (0x000000008a4b33a0) 
thrown [s\open\src\hotspot\share\interpreter\linkResolver.cpp, line 759]
Event: 1.213 Thread 0x000001b2d024bdf0 Exception <a 'java/lang/NoSuchMethodError'{0x000000008a3de5c8}: 'int java.lang.invoke.DirectMethodHandle$Holder.invokeInterface(java.lang.Object, java.lang.Object)'> (0x000000008a3de5c8) 
thrown [s\open\src\hotspot\share\interpreter\linkResolver.cpp, line 759]
Event: 1.234 Thread 0x000001b2d024bdf0 Exception <a 'java/lang/NoSuchMethodError'{0x000000008a24f368}: 'int java.lang.invoke.DirectMethodHandle$Holder.invokeVirtual(java.lang.Object, java.lang.Object)'> (0x000000008a24f368) 
thrown [s\open\src\hotspot\share\interpreter\linkResolver.cpp, line 759]
Event: 1.259 Thread 0x000001b2d024bdf0 Exception <a 'java/lang/NoSuchMethodError'{0x000000008a2ee528}: 'java.lang.Object java.lang.invoke.DirectMethodHandle$Holder.invokeSpecial(java.lang.Object, java.lang.Object, java.lang.Object, int, java.lang.Object)'> (0x000000008a2ee528) 
thrown [s\open\src\hotspot\share\interpreter\linkResolver.cpp, line 759]
Event: 1.259 Thread 0x000001b2d024bdf0 Exception <a 'java/lang/NoSuchMethodError'{0x000000008a2f6b88}: 'java.lang.Object java.lang.invoke.DirectMethodHandle$Holder.newInvokeSpecial(java.lang.Object, java.lang.Object, java.lang.Object, int, java.lang.Object)'> (0x000000008a2f6b88) 
thrown [s\open\src\hotspot\share\interpreter\linkResolver.cpp, line 759]
Event: 1.260 Thread 0x000001b2d024bdf0 Exception <a 'java/lang/NoSuchMethodError'{0x000000008a2fe558}: 'java.lang.Object java.lang.invoke.Invokers$Holder.linkToTargetMethod(java.lang.Object, java.lang.Object, int, java.lang.Object, java.lang.Object)'> (0x000000008a2fe558) 
thrown [s\open\src\hotspot\share\interpreter\linkResolver.cpp, line 759]
Event: 1.262 Thread 0x000001b2d024bdf0 Exception <a 'java/lang/NoSuchMethodError'{0x000000008a10d8c8}: 'java.lang.Object java.lang.invoke.DirectMethodHandle$Holder.newInvokeSpecial(java.lang.Object, int, java.lang.Object)'> (0x000000008a10d8c8) 
thrown [s\open\src\hotspot\share\interpreter\linkResolver.cpp, line 759]
Event: 1.262 Thread 0x000001b2d024bdf0 Exception <a 'java/lang/NoSuchMethodError'{0x000000008a1125a8}: 'int java.lang.invoke.DirectMethodHandle$Holder.invokeSpecialIFC(java.lang.Object, java.lang.Object, java.lang.Object, java.lang.Object)'> (0x000000008a1125a8) 
thrown [s\open\src\hotspot\share\interpreter\linkResolver.cpp, line 759]
Event: 1.291 Thread 0x000001b2d024bdf0 Exception <a 'java/lang/NoSuchMethodError'{0x000000008a1d54b0}: 'void java.lang.invoke.DirectMethodHandle$Holder.invokeInterface(java.lang.Object, java.lang.Object, java.lang.Object)'> (0x000000008a1d54b0) 
thrown [s\open\src\hotspot\share\interpreter\linkResolver.cpp, line 759]
Event: 1.321 Thread 0x000001b2d024bdf0 Exception <a 'java/lang/NoSuchMethodError'{0x000000008a0667f0}: 'void java.lang.invoke.DirectMethodHandle$Holder.invokeStaticInit(java.lang.Object, java.lang.Object, java.lang.Object)'> (0x000000008a0667f0) 
thrown [s\open\src\hotspot\share\interpreter\linkResolver.cpp, line 759]
Event: 1.329 Thread 0x000001b2d024bdf0 Exception <a 'java/lang/NoSuchMethodError'{0x000000008a0abf28}: 'java.lang.Object java.lang.invoke.DirectMethodHandle$Holder.invokeStatic(java.lang.Object, java.lang.Object, long, java.lang.Object)'> (0x000000008a0abf28) 
thrown [s\open\src\hotspot\share\interpreter\linkResolver.cpp, line 759]
Event: 1.330 Thread 0x000001b2d024bdf0 Exception <a 'java/lang/NoSuchMethodError'{0x000000008a0af9c0}: 'java.lang.Object java.lang.invoke.DirectMethodHandle$Holder.invokeStaticInit(java.lang.Object, java.lang.Object, long, java.lang.Object)'> (0x000000008a0af9c0) 
thrown [s\open\src\hotspot\share\interpreter\linkResolver.cpp, line 759]
Event: 1.330 Thread 0x000001b2d024bdf0 Exception <a 'java/lang/NoSuchMethodError'{0x000000008a0b6100}: 'java.lang.Object java.lang.invoke.DirectMethodHandle$Holder.newInvokeSpecial(java.lang.Object, java.lang.Object, long)'> (0x000000008a0b6100) 
thrown [s\open\src\hotspot\share\interpreter\linkResolver.cpp, line 759]
Event: 1.330 Thread 0x000001b2d024bdf0 Exception <a 'java/lang/NoSuchMethodError'{0x000000008a0b9c70}: 'java.lang.Object java.lang.invoke.Invokers$Holder.linkToTargetMethod(java.lang.Object, long, java.lang.Object)'> (0x000000008a0b9c70) 
thrown [s\open\src\hotspot\share\interpreter\linkResolver.cpp, line 759]
Event: 1.348 Thread 0x000001b2d024bdf0 Exception <a 'java/lang/NoSuchMethodError'{0x0000000089f11238}: 'void java.lang.invoke.DirectMethodHandle$Holder.invokeSpecial(java.lang.Object, java.lang.Object, java.lang.Object, java.lang.Object, java.lang.Object)'> (0x0000000089f11238) 
thrown [s\open\src\hotspot\share\interpreter\linkResolver.cpp, line 759]
Event: 1.349 Thread 0x000001b2d024bdf0 Exception <a 'java/lang/NoSuchMethodError'{0x0000000089f19850}: 'void java.lang.invoke.DirectMethodHandle$Holder.invokeVirtual(java.lang.Object, java.lang.Object, java.lang.Object, java.lang.Object)'> (0x0000000089f19850) 
thrown [s\open\src\hotspot\share\interpreter\linkResolver.cpp, line 759]
Event: 1.412 Thread 0x000001b2d024bdf0 Exception <a 'java/lang/NoSuchMethodError'{0x0000000089ed3728}: 'void java.lang.invoke.DirectMethodHandle$Holder.invokeSpecial(java.lang.Object, java.lang.Object, java.lang.Object)'> (0x0000000089ed3728) 
thrown [s\open\src\hotspot\share\interpreter\linkResolver.cpp, line 759]
Event: 1.422 Thread 0x000001b2f2cd5ae0 Exception <a 'java/lang/NoClassDefFoundError'{0x0000000089d17440}: jakarta/validation/Validation> (0x0000000089d17440) 
thrown [s\open\src\hotspot\share\classfile\systemDictionary.cpp, line 245]
Event: 1.426 Thread 0x000001b2d024bdf0 Exception <a 'java/lang/IncompatibleClassChangeError'{0x0000000089d5ad90}: Found class java.lang.Object, but interface was expected> (0x0000000089d5ad90) 
thrown [s\open\src\hotspot\share\interpreter\linkResolver.cpp, line 826]

VM Operations (20 events):
Event: 0.374 Executing VM operation: HandshakeAllThreads
Event: 0.374 Executing VM operation: HandshakeAllThreads done
Event: 0.431 Executing VM operation: HandshakeAllThreads
Event: 0.431 Executing VM operation: HandshakeAllThreads done
Event: 0.444 Executing VM operation: HandshakeAllThreads
Event: 0.444 Executing VM operation: HandshakeAllThreads done
Event: 0.604 Executing VM operation: HandshakeAllThreads
Event: 0.604 Executing VM operation: HandshakeAllThreads done
Event: 0.660 Executing VM operation: G1CollectForAllocation
Event: 0.666 Executing VM operation: G1CollectForAllocation done
Event: 0.929 Executing VM operation: HandshakeAllThreads
Event: 0.929 Executing VM operation: HandshakeAllThreads done
Event: 1.106 Executing VM operation: G1CollectForAllocation
Event: 1.111 Executing VM operation: G1CollectForAllocation done
Event: 1.230 Executing VM operation: HandshakeAllThreads
Event: 1.230 Executing VM operation: HandshakeAllThreads done
Event: 1.401 Executing VM operation: HandshakeAllThreads
Event: 1.401 Executing VM operation: HandshakeAllThreads done
Event: 1.408 Executing VM operation: HandshakeAllThreads
Event: 1.408 Executing VM operation: HandshakeAllThreads done

Events (20 events):
Event: 1.522 loading class java/lang/CloneNotSupportedException
Event: 1.522 loading class java/lang/CloneNotSupportedException done
Event: 1.540 loading class java/lang/Deprecated
Event: 1.541 loading class java/lang/Deprecated done
Event: 1.550 loading class java/beans/Transient
Event: 1.550 loading class java/beans/Transient done
Event: 1.550 loading class java/beans/ConstructorProperties
Event: 1.550 loading class java/beans/ConstructorProperties done
Event: 1.553 loading class java/io/InvalidObjectException
Event: 1.553 loading class java/io/InvalidObjectException done
Event: 1.556 loading class java/util/concurrent/ConcurrentLinkedQueue
Event: 1.556 loading class java/util/concurrent/ConcurrentLinkedQueue done
Event: 1.556 loading class java/util/concurrent/ConcurrentLinkedQueue$Node
Event: 1.556 loading class java/util/concurrent/ConcurrentLinkedQueue$Node done
Event: 1.558 loading class java/util/concurrent/atomic/AtomicLongArray
Event: 1.558 loading class java/util/concurrent/atomic/AtomicLongArray done
Event: 1.558 loading class java/lang/invoke/VarHandleLongs$Array
Event: 1.558 loading class java/lang/invoke/VarHandleLongs$Array done
Event: 1.559 loading class java/util/concurrent/atomic/AtomicReferenceArray
Event: 1.559 loading class java/util/concurrent/atomic/AtomicReferenceArray done


Dynamic libraries:
0x00007ff6d8cf0000 - 0x00007ff6d8d00000 	C:\Program Files\Java\jdk-17\bin\java.exe
0x00007ffbf3ef0000 - 0x00007ffbf40e8000 	C:\Windows\SYSTEM32\ntdll.dll
0x00007ffbf2460000 - 0x00007ffbf251d000 	C:\Windows\System32\KERNEL32.DLL
0x00007ffbf1900000 - 0x00007ffbf1bf6000 	C:\Windows\System32\KERNELBASE.dll
0x00007ffbf1d50000 - 0x00007ffbf1e50000 	C:\Windows\System32\ucrtbase.dll
0x00007ffbe2730000 - 0x00007ffbe274b000 	C:\Program Files\Java\jdk-17\bin\VCRUNTIME140.dll
0x00007ffbe2710000 - 0x00007ffbe2729000 	C:\Program Files\Java\jdk-17\bin\jli.dll
0x00007ffbf3b30000 - 0x00007ffbf3be0000 	C:\Windows\System32\ADVAPI32.dll
0x00007ffbf2520000 - 0x00007ffbf25be000 	C:\Windows\System32\msvcrt.dll
0x00007ffbf2310000 - 0x00007ffbf23b0000 	C:\Windows\System32\sechost.dll
0x00007ffbf27a0000 - 0x00007ffbf28c3000 	C:\Windows\System32\RPCRT4.dll
0x00007ffbf1e50000 - 0x00007ffbf1e77000 	C:\Windows\System32\bcrypt.dll
0x00007ffbf3110000 - 0x00007ffbf32af000 	C:\Windows\System32\USER32.dll
0x00007ffbf1700000 - 0x00007ffbf1722000 	C:\Windows\System32\win32u.dll
0x00007ffbf3b00000 - 0x00007ffbf3b2b000 	C:\Windows\System32\GDI32.dll
0x00007ffbf17e0000 - 0x00007ffbf18f7000 	C:\Windows\System32\gdi32full.dll
0x00007ffbf1e80000 - 0x00007ffbf1f1d000 	C:\Windows\System32\msvcp_win.dll
0x00007ffbd29b0000 - 0x00007ffbd2c4a000 	C:\Windows\WinSxS\amd64_microsoft.windows.common-controls_6595b64144ccf1df_6.0.19041.3636_none_60b6a03d71f818d5\COMCTL32.dll
0x00007ffbea710000 - 0x00007ffbea71a000 	C:\Windows\SYSTEM32\VERSION.dll
0x00007ffbf25c0000 - 0x00007ffbf25f2000 	C:\Windows\System32\IMM32.DLL
0x00007ffbebc30000 - 0x00007ffbebc3c000 	C:\Program Files\Java\jdk-17\bin\vcruntime140_1.dll
0x00007ffbc1fd0000 - 0x00007ffbc205e000 	C:\Program Files\Java\jdk-17\bin\msvcp140.dll
0x00007ffb93ad0000 - 0x00007ffb946ae000 	C:\Program Files\Java\jdk-17\bin\server\jvm.dll
0x00007ffbf22a0000 - 0x00007ffbf22a8000 	C:\Windows\System32\PSAPI.DLL
0x00007ffbd41e0000 - 0x00007ffbd4207000 	C:\Windows\SYSTEM32\WINMM.dll
0x00007ffbec010000 - 0x00007ffbec019000 	C:\Windows\SYSTEM32\WSOCK32.dll
0x00007ffbf30a0000 - 0x00007ffbf310b000 	C:\Windows\System32\WS2_32.dll
0x00007ffbefd80000 - 0x00007ffbefd92000 	C:\Windows\SYSTEM32\kernel.appcore.dll
0x00007ffbe26e0000 - 0x00007ffbe26ea000 	C:\Program Files\Java\jdk-17\bin\jimage.dll
0x00007ffbe76d0000 - 0x00007ffbe78b4000 	C:\Windows\SYSTEM32\DBGHELP.DLL
0x00007ffbe7690000 - 0x00007ffbe76c4000 	C:\Windows\SYSTEM32\dbgcore.DLL
0x00007ffbf1cc0000 - 0x00007ffbf1d42000 	C:\Windows\System32\bcryptPrimitives.dll
0x00007ffbec020000 - 0x00007ffbec02e000 	C:\Program Files\Java\jdk-17\bin\instrument.dll
0x00007ffbe06e0000 - 0x00007ffbe0705000 	C:\Program Files\Java\jdk-17\bin\java.dll
0x00007ffbc11d0000 - 0x00007ffbc12a7000 	C:\Program Files\Java\jdk-17\bin\jsvml.dll
0x00007ffbf3390000 - 0x00007ffbf3afb000 	C:\Windows\System32\SHELL32.dll
0x00007ffbef5d0000 - 0x00007ffbefd6e000 	C:\Windows\SYSTEM32\windows.storage.dll
0x00007ffbf2d40000 - 0x00007ffbf3093000 	C:\Windows\System32\combase.dll
0x00007ffbf0ef0000 - 0x00007ffbf0f1e000 	C:\Windows\SYSTEM32\Wldp.dll
0x00007ffbf3dd0000 - 0x00007ffbf3e9d000 	C:\Windows\System32\OLEAUT32.dll
0x00007ffbf23b0000 - 0x00007ffbf245d000 	C:\Windows\System32\SHCORE.dll
0x00007ffbf22b0000 - 0x00007ffbf2305000 	C:\Windows\System32\shlwapi.dll
0x00007ffbf14d0000 - 0x00007ffbf14f3000 	C:\Windows\SYSTEM32\profapi.dll
0x00007ffbd0c80000 - 0x00007ffbd0c98000 	C:\Program Files\Java\jdk-17\bin\zip.dll
0x00007ffbd4060000 - 0x00007ffbd4079000 	C:\Program Files\Java\jdk-17\bin\net.dll
0x00007ffbe58e0000 - 0x00007ffbe59ea000 	C:\Windows\SYSTEM32\WINHTTP.dll
0x00007ffbf0cd0000 - 0x00007ffbf0d3a000 	C:\Windows\system32\mswsock.dll
0x00007ffbd1a60000 - 0x00007ffbd1a76000 	C:\Program Files\Java\jdk-17\bin\nio.dll
0x00007ffbe9b30000 - 0x00007ffbe9b4a000 	D:\IntelliJ IDEA Community Edition 2023.3.4\bin\breakgen64.dll

dbghelp: loaded successfully - version: 4.0.5 - missing functions: none
symbol engine: initialized successfully - sym options: 0x614 - pdb path: .;C:\Program Files\Java\jdk-17\bin;C:\Windows\SYSTEM32;C:\Windows\WinSxS\amd64_microsoft.windows.common-controls_6595b64144ccf1df_6.0.19041.3636_none_60b6a03d71f818d5;C:\Program Files\Java\jdk-17\bin\server;D:\IntelliJ IDEA Community Edition 2023.3.4\bin

VM Arguments:
jvm_args: -DMYSQL_USER=root -DMYSQL_PASSWORD=root -DMYSQL_PORT=3307 -javaagent:D:\IntelliJ IDEA Community Edition 2023.3.4\lib\idea_rt.jar=60091:D:\IntelliJ IDEA Community Edition 2023.3.4\bin -Dfile.encoding=UTF-8 
java_command: com.card.card.CardApplication
java_class_path (initial): C:\Users\client\Desktop\Nouveau dossier\card\target\classes;C:\Users\client\.m2\repository\org\springframework\boot\spring-boot-starter-data-jpa\3.2.5\spring-boot-starter-data-jpa-3.2.5.jar;C:\Users\client\.m2\repository\org\springframework\boot\spring-boot-starter-aop\3.2.5\spring-boot-starter-aop-3.2.5.jar;C:\Users\client\.m2\repository\org\springframework\spring-aop\6.1.6\spring-aop-6.1.6.jar;C:\Users\client\.m2\repository\org\aspectj\aspectjweaver\1.9.22\aspectjweaver-1.9.22.jar;C:\Users\client\.m2\repository\org\springframework\boot\spring-boot-starter-jdbc\3.2.5\spring-boot-starter-jdbc-3.2.5.jar;C:\Users\client\.m2\repository\com\zaxxer\HikariCP\5.0.1\HikariCP-5.0.1.jar;C:\Users\client\.m2\repository\org\springframework\spring-jdbc\6.1.6\spring-jdbc-6.1.6.jar;C:\Users\client\.m2\repository\org\hibernate\orm\hibernate-core\6.4.4.Final\hibernate-core-6.4.4.Final.jar;C:\Users\client\.m2\repository\jakarta\persistence\jakarta.persistence-api\3.1.0\jakarta.persistence-api-3.1.0.jar;C:\Users\client\.m2\repository\jakarta\transaction\jakarta.transaction-api\2.0.1\jakarta.transaction-api-2.0.1.jar;C:\Users\client\.m2\repository\org\jboss\logging\jboss-logging\3.5.3.Final\jboss-logging-3.5.3.Final.jar;C:\Users\client\.m2\repository\org\hibernate\common\hibernate-commons-annotations\6.0.6.Final\hibernate-commons-annotations-6.0.6.Final.jar;C:\Users\client\.m2\repository\io\smallrye\jandex\3.1.2\jandex-3.1.2.jar;C:\Users\client\.m2\repository\com\fasterxml\classmate\1.6.0\classmate-1.6.0.jar;C:\Users\client\.m2\repository\net\bytebuddy\byte-buddy\1.14.13\byte-buddy-1.14.13.jar;C:\Users\client\.m2\repository\org\glassfish\jaxb\jaxb-runtime\4.0.5\jaxb-runtime-4.0.5.jar;C:\Users\client\.m2\repository\org\glassfish\jaxb\jaxb-core\4.0.5\jaxb-core-4.0.5.jar;C:\Users\client\.m2\repository\org\eclipse\angus\angus-activation\2.0.2\angus-activation-2.0.2.jar;C:\Users\client\.m2\repository\org\glassfish\jaxb\txw2\4.0.5\txw2-4.0.5.jar;C:\Users\client\.m
Launcher Type: SUN_STANDARD

[Global flags]
     intx CICompilerCount                          = 3                                         {product} {ergonomic}
     uint ConcGCThreads                            = 1                                         {product} {ergonomic}
     uint G1ConcRefinementThreads                  = 4                                         {product} {ergonomic}
   size_t G1HeapRegionSize                         = 1048576                                   {product} {ergonomic}
    uintx GCDrainStackTargetSize                   = 64                                        {product} {ergonomic}
   size_t InitialHeapSize                          = 132120576                                 {product} {ergonomic}
   size_t MarkStackSize                            = 4194304                                   {product} {ergonomic}
   size_t MaxHeapSize                              = 2105540608                                {product} {ergonomic}
   size_t MaxNewSize                               = 1262485504                                {product} {ergonomic}
   size_t MinHeapDeltaBytes                        = 1048576                                   {product} {ergonomic}
   size_t MinHeapSize                              = 8388608                                   {product} {ergonomic}
    uintx NonNMethodCodeHeapSize                   = 5832780                                {pd product} {ergonomic}
    uintx NonProfiledCodeHeapSize                  = 122912730                              {pd product} {ergonomic}
    uintx ProfiledCodeHeapSize                     = 122912730                              {pd product} {ergonomic}
    uintx ReservedCodeCacheSize                    = 251658240                              {pd product} {ergonomic}
     bool SegmentedCodeCache                       = true                                      {product} {ergonomic}
   size_t SoftMaxHeapSize                          = 2105540608                             {manageable} {ergonomic}
     bool UseCompressedClassPointers               = true                           {product lp64_product} {ergonomic}
     bool UseCompressedOops                        = true                           {product lp64_product} {ergonomic}
     bool UseG1GC                                  = true                                      {product} {ergonomic}
     bool UseLargePagesIndividualAllocation        = false                                  {pd product} {ergonomic}

Logging:
Log output configuration:
 #0: stdout all=warning uptime,level,tags
 #1: stderr all=off uptime,level,tags

Environment Variables:
PATH=C:\Program Files\Common Files\Oracle\Java\javapath;C:\Windows\system32;C:\Windows;C:\Windows\System32\Wbem;C:\Windows\System32\WindowsPowerShell\v1.0\;C:\Windows\System32\OpenSSH\;C:\Program Files\Spyder\pkgs;C:\Program Files\Spyder\lib;C:\Program Files\Java\jdk-21\bin;C:\Program Files\Microsoft SQL Server\150\Tools\Binn\;D:\Program Files\Git\cmd;D:\Program Files\common;C:\Program Files\Docker\Docker\resources\bin;C:\Users\client\AppData\Local\Microsoft\WindowsApps;C:\Program Files\Spyder\pkgs;C:\Program Files\Spyder\lib;D:\Program Files\F_La_Tter\flutter_windows_3.13.9-stable\flutter\bin;D:\Program Files\PyCharm Community Edition 2022.3\bin;;C:\devoelopment\flutter\bin;D:\File_program\Microsoft VS Code\bin;C:\flutter;C:\flutter\bin;
USERNAME=client
OS=Windows_NT
PROCESSOR_IDENTIFIER=Intel64 Family 6 Model 78 Stepping 3, GenuineIntel



---------------  S Y S T E M  ---------------

OS:
 Windows 10 , 64 bit Build 19041 (10.0.19041.3636)
OS uptime: 0 days 2:57 hours
Hyper-V role detected

CPU: total 4 (initial active 4) (2 cores per cpu, 2 threads per core) family 6 model 78 stepping 3 microcode 0xcc, cx8, cmov, fxsr, ht, mmx, 3dnowpref, sse, sse2, sse3, ssse3, sse4.1, sse4.2, popcnt, lzcnt, tsc, tscinvbit, avx, avx2, aes, erms, clmul, bmi1, bmi2, rtm, adx, fma, vzeroupper, clflush, clflushopt, hv

Memory: 4k page, system-wide physical 8024M (901M free)
TotalPageFile size 12120M (AvailPageFile size 4M)
current process WorkingSet (physical memory assigned to process): 89M, peak: 89M
current process commit charge ("private bytes"): 228M, peak: 228M

vm_info: Java HotSpot(TM) 64-Bit Server VM (17.0.8+9-LTS-211) for windows-amd64 JRE (17.0.8+9-LTS-211), built on Jun 14 2023 10:34:31 by "mach5one" with MS VC++ 17.1 (VS2022)

END.
